[2019-06-18 09:03:58]---[Log folder existed]
[2019-06-18 09:03:58]---[Log folder existed]
[2019-06-18 09:03:58]---[Question: Do you want to use default config? (Y/N answer) (Y for continue without editing):]
[2019-06-18 09:03:58]---[Question: Do you want to use default config? (Y/N answer) (Y for continue without editing):]
[2019-06-18 09:04:04]---[Answer: y]
[2019-06-18 09:04:04]---[Load config file successfully]
[2019-06-18 09:04:06]---[Answer: y]
[2019-06-18 09:04:06]---[Load config file successfully]
[2019-06-18 09:04:08]---[Answer: y]
[2019-06-18 09:04:08]---[Load config file successfully]
[2019-06-18 09:06:16]---[Log folder existed]
[2019-06-18 09:06:16]---[Question: Do you want to use default config? (Y/N answer) (Y for continue without editing):]
[2019-06-18 09:06:18]---[Answer: y]
[2019-06-18 09:06:18]---[Load config file successfully]
[2019-06-18 09:08:15]---[Log folder existed]
[2019-06-18 09:08:15]---[Question: Do you want to use default config? (Y/N answer) (Y for continue without editing):]
[2019-06-18 09:08:16]---[Answer: y]
[2019-06-18 09:08:16]---[Load config file successfully]
[2019-06-18 09:08:19]---[---------------------------------]
[2019-06-18 09:08:19]---[DATABASE INFO]
[2019-06-18 09:08:20]---[User:          vn]
[2019-06-18 09:08:20]---[Host Name:     100.168.1.21]
[2019-06-18 09:08:20]---[Port:          1521]
[2019-06-18 09:08:20]---[Service Name:  VIETNAM]
[2019-06-18 09:08:20]---[---------------------------------]
[2019-06-18 09:08:21]---[---------------------------------]
[2019-06-18 09:08:21]---[LOGIN INFO]
[2019-06-18 09:08:21]---[User:          vn]
[2019-06-18 09:08:21]---[Start Time :   20190618090820]
[2019-06-18 09:08:21]---[Computer Name: DESKTOP-DBQ5RNF.eps.com.vn]
[2019-06-18 09:08:21]---[IP Address:    fe80::fdb7:5c3f:3af8:59f9]
[2019-06-18 09:08:21]---[OS Version:    Windows-10-10.0.18362-SP0]
[2019-06-18 09:08:21]---[Work-Flow:     snd]
[2019-06-18 09:08:21]---[Market:        dr]
[2019-06-18 09:08:21]---[Transaction N0:51851c3f9d7a6df4b1710dd463def937]
[2019-06-18 09:08:21]---[---------------------------------]
[2019-06-18 09:08:21]---[Now, 1 process is working, looping, handling message]
[2019-06-18 09:08:21]---[Handling VSD Messages]
[2019-06-18 09:08:23]---[---------------------------------]
[2019-06-18 09:08:23]---[LOGOUT INFO]
[2019-06-18 09:08:23]---[Transaction N0:51851c3f9d7a6df4b1710dd463def937]
[2019-06-18 09:08:23]---[End Time :     20190618090823]
[2019-06-18 09:08:23]---[---------------------------------]
[2019-06-18 09:09:14]---[Log folder existed]
[2019-06-18 09:09:14]---[Log folder existed]
[2019-06-18 09:09:14]---[Question: Do you want to use default config? (Y/N answer) (Y for continue without editing):]
[2019-06-18 09:09:14]---[Log folder existed]
[2019-06-18 09:09:14]---[Question: Do you want to use default config? (Y/N answer) (Y for continue without editing):]
[2019-06-18 09:09:15]---[Answer: y]
[2019-06-18 09:09:15]---[Load config file successfully]
[2019-06-18 09:09:15]---[---------------------------------]
[2019-06-18 09:09:15]---[DATABASE INFO]
[2019-06-18 09:09:15]---[User:          vn]
[2019-06-18 09:09:15]---[Host Name:     100.168.1.21]
[2019-06-18 09:09:15]---[Port:          1521]
[2019-06-18 09:09:15]---[Service Name:  VIETNAM]
[2019-06-18 09:09:15]---[---------------------------------]
[2019-06-18 09:09:17]---[---------------------------------]
[2019-06-18 09:09:17]---[LOGIN INFO]
[2019-06-18 09:09:17]---[User:          vn]
[2019-06-18 09:09:17]---[Start Time :   20190618090915]
[2019-06-18 09:09:17]---[Computer Name: DESKTOP-DBQ5RNF.eps.com.vn]
[2019-06-18 09:09:17]---[IP Address:    fe80::fdb7:5c3f:3af8:59f9]
[2019-06-18 09:09:17]---[OS Version:    Windows-10-10.0.18362-SP0]
[2019-06-18 09:09:17]---[Work-Flow:     rcv]
[2019-06-18 09:09:17]---[Market:        eq]
[2019-06-18 09:09:17]---[Transaction N0:c8124b5c1f1bf12ded340cd0b499d500]
[2019-06-18 09:09:17]---[---------------------------------]
[2019-06-18 09:09:17]---[Now, 1 process is working, looping, handling message]
[2019-06-18 09:09:17]---[Handling VSD Messages]
[2019-06-18 09:09:18]---[Answer: y]
[2019-06-18 09:09:18]---[Load config file successfully]
[2019-06-18 09:09:18]---[---------------------------------]
[2019-06-18 09:09:18]---[DATABASE INFO]
[2019-06-18 09:09:18]---[User:          vn]
[2019-06-18 09:09:18]---[Host Name:     100.168.1.21]
[2019-06-18 09:09:18]---[Port:          1521]
[2019-06-18 09:09:18]---[Service Name:  VIETNAM]
[2019-06-18 09:09:18]---[---------------------------------]
[2019-06-18 09:09:19]---[Waiting for 2 second for the next loop]
[2019-06-18 09:09:19]---[Now, 1 process is working, looping, handling message]
[2019-06-18 09:09:19]---[Handling VSD Messages]
[2019-06-18 09:09:20]---[---------------------------------]
[2019-06-18 09:09:20]---[LOGIN INFO]
[2019-06-18 09:09:20]---[User:          vn]
[2019-06-18 09:09:20]---[Start Time :   20190618090918]
[2019-06-18 09:09:20]---[Computer Name: DESKTOP-DBQ5RNF.eps.com.vn]
[2019-06-18 09:09:20]---[IP Address:    fe80::fdb7:5c3f:3af8:59f9]
[2019-06-18 09:09:20]---[OS Version:    Windows-10-10.0.18362-SP0]
[2019-06-18 09:09:20]---[Work-Flow:     csv]
[2019-06-18 09:09:20]---[Market:        eq]
[2019-06-18 09:09:20]---[Transaction N0:49f55637045e780c98db22a3cc752d4a]
[2019-06-18 09:09:20]---[---------------------------------]
[2019-06-18 09:09:20]---[Now, 1 process is working, looping, handling message]
[2019-06-18 09:09:20]---[Handling VSD Messages]
[2019-06-18 09:09:21]---[Answer: y]
[2019-06-18 09:09:21]---[Load config file successfully]
[2019-06-18 09:09:21]---[Waiting for 2 second for the next loop]
[2019-06-18 09:09:21]---[Now, 1 process is working, looping, handling message]
[2019-06-18 09:09:21]---[---------------------------------]
[2019-06-18 09:09:21]---[Handling VSD Messages]
[2019-06-18 09:09:21]---[DATABASE INFO]
[2019-06-18 09:09:21]---[User:          vn]
[2019-06-18 09:09:21]---[Host Name:     100.168.1.21]
[2019-06-18 09:09:21]---[Port:          1521]
[2019-06-18 09:09:21]---[Service Name:  VIETNAM]
[2019-06-18 09:09:21]---[---------------------------------]
[2019-06-18 09:09:22]---[Waiting for 2 second for the next loop]
[2019-06-18 09:09:22]---[Now, 1 process is working, looping, handling message]
[2019-06-18 09:09:22]---[Handling VSD Messages]
[2019-06-18 09:09:23]---[---------------------------------]
[2019-06-18 09:09:23]---[LOGIN INFO]
[2019-06-18 09:09:23]---[User:          vn]
[2019-06-18 09:09:23]---[Start Time :   20190618090921]
[2019-06-18 09:09:23]---[Computer Name: DESKTOP-DBQ5RNF.eps.com.vn]
[2019-06-18 09:09:23]---[IP Address:    fe80::fdb7:5c3f:3af8:59f9]
[2019-06-18 09:09:23]---[OS Version:    Windows-10-10.0.18362-SP0]
[2019-06-18 09:09:23]---[Work-Flow:     snd]
[2019-06-18 09:09:23]---[Market:        eq]
[2019-06-18 09:09:23]---[Transaction N0:4300d9b00061cfae7fb914b78aa33de8]
[2019-06-18 09:09:23]---[---------------------------------]
[2019-06-18 09:09:23]---[Now, 1 process is working, looping, handling message]
[2019-06-18 09:09:23]---[Handling VSD Messages]
[2019-06-18 09:09:23]---[Waiting for 2 second for the next loop]
[2019-06-18 09:09:23]---[Now, 1 process is working, looping, handling message]
[2019-06-18 09:09:23]---[Handling VSD Messages]
[2019-06-18 09:09:24]---[Waiting for 2 second for the next loop]
[2019-06-18 09:09:24]---[Now, 1 process is working, looping, handling message]
[2019-06-18 09:09:24]---[Handling VSD Messages]
[2019-06-18 09:09:25]---[Waiting for 2 second for the next loop]
[2019-06-18 09:09:25]---[Now, 1 process is working, looping, handling message]
[2019-06-18 09:09:25]---[Handling VSD Messages]
[2019-06-18 09:09:25]---[Waiting for 2 second for the next loop]
[2019-06-18 09:09:25]---[Now, 1 process is working, looping, handling message]
[2019-06-18 09:09:25]---[Handling VSD Messages]
[2019-06-18 09:09:26]---[Waiting for 2 second for the next loop]
[2019-06-18 09:09:26]---[Now, 1 process is working, looping, handling message]
[2019-06-18 09:09:26]---[Handling VSD Messages]
[2019-06-18 09:09:27]---[Waiting for 2 second for the next loop]
[2019-06-18 09:09:27]---[Now, 1 process is working, looping, handling message]
[2019-06-18 09:09:27]---[Handling VSD Messages]
[2019-06-18 09:09:27]---[Waiting for 2 second for the next loop]
[2019-06-18 09:09:27]---[Now, 1 process is working, looping, handling message]
[2019-06-18 09:09:27]---[Handling VSD Messages]
[2019-06-18 09:09:28]---[Waiting for 2 second for the next loop]
[2019-06-18 09:09:28]---[Now, 1 process is working, looping, handling message]
[2019-06-18 09:09:28]---[Handling VSD Messages]
[2019-06-18 09:09:29]---[Waiting for 2 second for the next loop]
[2019-06-18 09:09:29]---[Now, 1 process is working, looping, handling message]
[2019-06-18 09:09:29]---[Handling VSD Messages]
[2019-06-18 09:09:29]---[Waiting for 2 second for the next loop]
[2019-06-18 09:09:29]---[Now, 1 process is working, looping, handling message]
[2019-06-18 09:09:29]---[Handling VSD Messages]
[2019-06-18 09:09:30]---[Waiting for 2 second for the next loop]
[2019-06-18 09:09:30]---[Now, 1 process is working, looping, handling message]
[2019-06-18 09:09:30]---[Handling VSD Messages]
[2019-06-18 09:09:31]---[Waiting for 2 second for the next loop]
[2019-06-18 09:09:31]---[Now, 1 process is working, looping, handling message]
[2019-06-18 09:09:31]---[Handling VSD Messages]
[2019-06-18 09:09:31]---[Waiting for 2 second for the next loop]
[2019-06-18 09:09:31]---[Now, 1 process is working, looping, handling message]
[2019-06-18 09:09:31]---[Handling VSD Messages]
[2019-06-18 09:09:32]---[Waiting for 2 second for the next loop]
[2019-06-18 09:09:32]---[Now, 1 process is working, looping, handling message]
[2019-06-18 09:09:32]---[Handling VSD Messages]
[2019-06-18 09:09:33]---[Waiting for 2 second for the next loop]
[2019-06-18 09:09:33]---[Now, 1 process is working, looping, handling message]
[2019-06-18 09:09:33]---[Handling VSD Messages]
[2019-06-18 09:09:33]---[Waiting for 2 second for the next loop]
[2019-06-18 09:09:33]---[Now, 1 process is working, looping, handling message]
[2019-06-18 09:09:33]---[Handling VSD Messages]
[2019-06-18 09:09:34]---[Waiting for 2 second for the next loop]
[2019-06-18 09:09:34]---[Now, 1 process is working, looping, handling message]
[2019-06-18 09:09:34]---[Handling VSD Messages]
[2019-06-18 09:09:35]---[Waiting for 2 second for the next loop]
[2019-06-18 09:09:35]---[Now, 1 process is working, looping, handling message]
[2019-06-18 09:09:35]---[Handling VSD Messages]
[2019-06-18 09:09:35]---[Waiting for 2 second for the next loop]
[2019-06-18 09:09:35]---[Now, 1 process is working, looping, handling message]
[2019-06-18 09:09:35]---[Handling VSD Messages]
[2019-06-18 09:09:36]---[Waiting for 2 second for the next loop]
[2019-06-18 09:09:36]---[Now, 1 process is working, looping, handling message]
[2019-06-18 09:09:36]---[Handling VSD Messages]
[2019-06-18 09:09:37]---[Waiting for 2 second for the next loop]
[2019-06-18 09:09:37]---[Now, 1 process is working, looping, handling message]
[2019-06-18 09:09:37]---[Handling VSD Messages]
[2019-06-18 09:09:37]---[Waiting for 2 second for the next loop]
[2019-06-18 09:09:37]---[Now, 1 process is working, looping, handling message]
[2019-06-18 09:09:37]---[Handling VSD Messages]
[2019-06-18 09:09:38]---[Waiting for 2 second for the next loop]
[2019-06-18 09:09:38]---[Now, 1 process is working, looping, handling message]
[2019-06-18 09:09:38]---[Handling VSD Messages]
[2019-06-18 09:09:39]---[Waiting for 2 second for the next loop]
[2019-06-18 09:09:39]---[Now, 1 process is working, looping, handling message]
[2019-06-18 09:09:39]---[Handling VSD Messages]
[2019-06-18 09:09:39]---[Waiting for 2 second for the next loop]
[2019-06-18 09:09:39]---[Now, 1 process is working, looping, handling message]
[2019-06-18 09:09:39]---[Handling VSD Messages]
[2019-06-18 09:09:40]---[Waiting for 2 second for the next loop]
[2019-06-18 09:09:40]---[Now, 1 process is working, looping, handling message]
[2019-06-18 09:09:40]---[Handling VSD Messages]
[2019-06-18 09:09:41]---[Waiting for 2 second for the next loop]
[2019-06-18 09:09:41]---[Now, 1 process is working, looping, handling message]
[2019-06-18 09:09:41]---[Handling VSD Messages]
[2019-06-18 09:09:41]---[Waiting for 2 second for the next loop]
[2019-06-18 09:09:41]---[Now, 1 process is working, looping, handling message]
[2019-06-18 09:09:41]---[Handling VSD Messages]
[2019-06-18 09:09:42]---[Waiting for 2 second for the next loop]
[2019-06-18 09:09:42]---[Now, 1 process is working, looping, handling message]
[2019-06-18 09:09:42]---[Handling VSD Messages]
[2019-06-18 09:09:43]---[Waiting for 2 second for the next loop]
[2019-06-18 09:09:43]---[Now, 1 process is working, looping, handling message]
[2019-06-18 09:09:43]---[Handling VSD Messages]
[2019-06-18 09:09:43]---[Waiting for 2 second for the next loop]
[2019-06-18 09:09:43]---[Now, 1 process is working, looping, handling message]
[2019-06-18 09:09:43]---[Handling VSD Messages]
[2019-06-18 09:09:44]---[Waiting for 2 second for the next loop]
[2019-06-18 09:09:44]---[Now, 1 process is working, looping, handling message]
[2019-06-18 09:09:44]---[Handling VSD Messages]
[2019-06-18 09:09:45]---[Waiting for 2 second for the next loop]
[2019-06-18 09:09:45]---[Now, 1 process is working, looping, handling message]
[2019-06-18 09:09:45]---[Handling VSD Messages]
[2019-06-18 09:09:45]---[Waiting for 2 second for the next loop]
[2019-06-18 09:09:46]---[Now, 1 process is working, looping, handling message]
[2019-06-18 09:09:46]---[Handling VSD Messages]
[2019-06-18 09:09:46]---[Waiting for 2 second for the next loop]
[2019-06-18 09:09:46]---[Now, 1 process is working, looping, handling message]
[2019-06-18 09:09:46]---[Handling VSD Messages]
[2019-06-18 09:09:47]---[Waiting for 2 second for the next loop]
[2019-06-18 09:09:47]---[Now, 1 process is working, looping, handling message]
[2019-06-18 09:09:47]---[Handling VSD Messages]
[2019-06-18 09:09:48]---[Waiting for 2 second for the next loop]
[2019-06-18 09:09:48]---[Now, 1 process is working, looping, handling message]
[2019-06-18 09:09:48]---[Handling VSD Messages]
[2019-06-18 09:09:48]---[Waiting for 2 second for the next loop]
[2019-06-18 09:09:48]---[Now, 1 process is working, looping, handling message]
[2019-06-18 09:09:48]---[Handling VSD Messages]
[2019-06-18 09:09:49]---[Waiting for 2 second for the next loop]
[2019-06-18 09:09:49]---[Now, 1 process is working, looping, handling message]
[2019-06-18 09:09:49]---[Handling VSD Messages]
[2019-06-18 09:09:50]---[Waiting for 2 second for the next loop]
[2019-06-18 09:09:50]---[Now, 1 process is working, looping, handling message]
[2019-06-18 09:09:50]---[Handling VSD Messages]
[2019-06-18 09:09:50]---[Waiting for 2 second for the next loop]
[2019-06-18 09:09:50]---[Now, 1 process is working, looping, handling message]
[2019-06-18 09:09:50]---[Handling VSD Messages]
[2019-06-18 09:09:51]---[Waiting for 2 second for the next loop]
[2019-06-18 09:09:51]---[Now, 1 process is working, looping, handling message]
[2019-06-18 09:09:51]---[Handling VSD Messages]
[2019-06-18 09:09:52]---[Waiting for 2 second for the next loop]
[2019-06-18 09:09:52]---[Now, 1 process is working, looping, handling message]
[2019-06-18 09:09:52]---[Handling VSD Messages]
[2019-06-18 09:09:52]---[Waiting for 2 second for the next loop]
[2019-06-18 09:09:52]---[Now, 1 process is working, looping, handling message]
[2019-06-18 09:09:52]---[Handling VSD Messages]
[2019-06-18 09:09:53]---[Waiting for 2 second for the next loop]
[2019-06-18 09:09:53]---[Now, 1 process is working, looping, handling message]
[2019-06-18 09:09:53]---[Handling VSD Messages]
[2019-06-18 09:09:54]---[Waiting for 2 second for the next loop]
[2019-06-18 09:09:54]---[Now, 1 process is working, looping, handling message]
[2019-06-18 09:09:54]---[Handling VSD Messages]
[2019-06-18 09:09:54]---[Waiting for 2 second for the next loop]
[2019-06-18 09:09:54]---[Now, 1 process is working, looping, handling message]
[2019-06-18 09:09:54]---[Handling VSD Messages]
[2019-06-18 09:09:55]---[Waiting for 2 second for the next loop]
[2019-06-18 09:09:55]---[Now, 1 process is working, looping, handling message]
[2019-06-18 09:09:55]---[Handling VSD Messages]
[2019-06-18 09:09:56]---[Waiting for 2 second for the next loop]
[2019-06-18 09:09:56]---[Now, 1 process is working, looping, handling message]
[2019-06-18 09:09:56]---[Handling VSD Messages]
[2019-06-18 09:09:56]---[Waiting for 2 second for the next loop]
[2019-06-18 09:09:56]---[Now, 1 process is working, looping, handling message]
[2019-06-18 09:09:56]---[Handling VSD Messages]
[2019-06-18 09:09:57]---[Waiting for 2 second for the next loop]
[2019-06-18 09:09:57]---[Now, 1 process is working, looping, handling message]
[2019-06-18 09:09:57]---[Handling VSD Messages]
[2019-06-18 09:09:58]---[Waiting for 2 second for the next loop]
[2019-06-18 09:09:58]---[Now, 1 process is working, looping, handling message]
[2019-06-18 09:09:58]---[Handling VSD Messages]
[2019-06-18 09:09:58]---[Waiting for 2 second for the next loop]
[2019-06-18 09:09:58]---[Now, 1 process is working, looping, handling message]
[2019-06-18 09:09:58]---[Handling VSD Messages]
[2019-06-18 09:09:59]---[Waiting for 2 second for the next loop]
[2019-06-18 09:09:59]---[Now, 1 process is working, looping, handling message]
[2019-06-18 09:09:59]---[Handling VSD Messages]
[2019-06-18 09:10:00]---[Waiting for 2 second for the next loop]
[2019-06-18 09:10:00]---[Now, 1 process is working, looping, handling message]
[2019-06-18 09:10:00]---[Handling VSD Messages]
[2019-06-18 09:10:00]---[Waiting for 2 second for the next loop]
[2019-06-18 09:10:00]---[Now, 1 process is working, looping, handling message]
[2019-06-18 09:10:00]---[Handling VSD Messages]
[2019-06-18 09:10:01]---[Waiting for 2 second for the next loop]
[2019-06-18 09:10:01]---[Now, 1 process is working, looping, handling message]
[2019-06-18 09:10:01]---[Handling VSD Messages]
[2019-06-18 09:10:02]---[Waiting for 2 second for the next loop]
[2019-06-18 09:10:02]---[Now, 1 process is working, looping, handling message]
[2019-06-18 09:10:02]---[Handling VSD Messages]
[2019-06-18 09:10:02]---[Waiting for 2 second for the next loop]
[2019-06-18 09:10:02]---[Now, 1 process is working, looping, handling message]
[2019-06-18 09:10:02]---[Handling VSD Messages]
[2019-06-18 09:10:04]---[Waiting for 2 second for the next loop]
[2019-06-18 09:10:04]---[Now, 1 process is working, looping, handling message]
[2019-06-18 09:10:04]---[Handling VSD Messages]
[2019-06-18 09:10:04]---[Waiting for 2 second for the next loop]
[2019-06-18 09:10:04]---[Now, 1 process is working, looping, handling message]
[2019-06-18 09:10:04]---[Handling VSD Messages]
[2019-06-18 09:10:04]---[Waiting for 2 second for the next loop]
[2019-06-18 09:10:04]---[Now, 1 process is working, looping, handling message]
[2019-06-18 09:10:04]---[Handling VSD Messages]
[2019-06-18 09:10:06]---[Waiting for 2 second for the next loop]
[2019-06-18 09:10:06]---[Now, 1 process is working, looping, handling message]
[2019-06-18 09:10:06]---[Handling VSD Messages]
[2019-06-18 09:10:06]---[Waiting for 2 second for the next loop]
[2019-06-18 09:10:06]---[Now, 1 process is working, looping, handling message]
[2019-06-18 09:10:06]---[Handling VSD Messages]
[2019-06-18 09:10:06]---[Waiting for 2 second for the next loop]
[2019-06-18 09:10:06]---[Now, 1 process is working, looping, handling message]
[2019-06-18 09:10:06]---[Handling VSD Messages]
[2019-06-18 09:10:08]---[Waiting for 2 second for the next loop]
[2019-06-18 09:10:08]---[Now, 1 process is working, looping, handling message]
[2019-06-18 09:10:08]---[Handling VSD Messages]
[2019-06-18 09:10:08]---[Waiting for 2 second for the next loop]
[2019-06-18 09:10:08]---[Now, 1 process is working, looping, handling message]
[2019-06-18 09:10:08]---[Handling VSD Messages]
[2019-06-18 09:10:08]---[Waiting for 2 second for the next loop]
[2019-06-18 09:10:08]---[Now, 1 process is working, looping, handling message]
[2019-06-18 09:10:08]---[Handling VSD Messages]
[2019-06-18 09:10:10]---[Waiting for 2 second for the next loop]
[2019-06-18 09:10:10]---[Now, 1 process is working, looping, handling message]
[2019-06-18 09:10:10]---[Handling VSD Messages]
[2019-06-18 09:10:10]---[Waiting for 2 second for the next loop]
[2019-06-18 09:10:10]---[Now, 1 process is working, looping, handling message]
[2019-06-18 09:10:10]---[Handling VSD Messages]
[2019-06-18 09:10:10]---[Waiting for 2 second for the next loop]
[2019-06-18 09:10:10]---[Now, 1 process is working, looping, handling message]
[2019-06-18 09:10:10]---[Handling VSD Messages]
[2019-06-18 09:10:12]---[Waiting for 2 second for the next loop]
[2019-06-18 09:10:12]---[Now, 1 process is working, looping, handling message]
[2019-06-18 09:10:12]---[Handling VSD Messages]
[2019-06-18 09:10:12]---[Waiting for 2 second for the next loop]
[2019-06-18 09:10:12]---[Now, 1 process is working, looping, handling message]
[2019-06-18 09:10:12]---[Handling VSD Messages]
[2019-06-18 09:10:12]---[Waiting for 2 second for the next loop]
[2019-06-18 09:10:12]---[Now, 1 process is working, looping, handling message]
[2019-06-18 09:10:12]---[Handling VSD Messages]
[2019-06-18 09:10:14]---[Waiting for 2 second for the next loop]
[2019-06-18 09:10:14]---[Now, 1 process is working, looping, handling message]
[2019-06-18 09:10:14]---[Handling VSD Messages]
[2019-06-18 09:10:14]---[Waiting for 2 second for the next loop]
[2019-06-18 09:10:14]---[Now, 1 process is working, looping, handling message]
[2019-06-18 09:10:14]---[Handling VSD Messages]
[2019-06-18 09:10:14]---[Waiting for 2 second for the next loop]
[2019-06-18 09:10:14]---[Now, 1 process is working, looping, handling message]
[2019-06-18 09:10:14]---[Handling VSD Messages]
[2019-06-18 09:10:16]---[Waiting for 2 second for the next loop]
[2019-06-18 09:10:16]---[Now, 1 process is working, looping, handling message]
[2019-06-18 09:10:16]---[Handling VSD Messages]
[2019-06-18 09:10:16]---[Waiting for 2 second for the next loop]
[2019-06-18 09:10:16]---[Now, 1 process is working, looping, handling message]
[2019-06-18 09:10:16]---[Handling VSD Messages]
[2019-06-18 09:10:16]---[Waiting for 2 second for the next loop]
[2019-06-18 09:10:16]---[Now, 1 process is working, looping, handling message]
[2019-06-18 09:10:16]---[Handling VSD Messages]
[2019-06-18 09:10:18]---[Waiting for 2 second for the next loop]
[2019-06-18 09:10:18]---[Now, 1 process is working, looping, handling message]
[2019-06-18 09:10:18]---[Handling VSD Messages]
[2019-06-18 09:10:18]---[Waiting for 2 second for the next loop]
[2019-06-18 09:10:18]---[Now, 1 process is working, looping, handling message]
[2019-06-18 09:10:18]---[Handling VSD Messages]
[2019-06-18 09:10:18]---[Waiting for 2 second for the next loop]
[2019-06-18 09:10:18]---[Now, 1 process is working, looping, handling message]
[2019-06-18 09:10:18]---[Handling VSD Messages]
[2019-06-18 09:10:20]---[Waiting for 2 second for the next loop]
[2019-06-18 09:10:20]---[Now, 1 process is working, looping, handling message]
[2019-06-18 09:10:20]---[Handling VSD Messages]
[2019-06-18 09:10:20]---[Waiting for 2 second for the next loop]
[2019-06-18 09:10:20]---[Now, 1 process is working, looping, handling message]
[2019-06-18 09:10:20]---[Handling VSD Messages]
[2019-06-18 09:10:20]---[Waiting for 2 second for the next loop]
[2019-06-18 09:10:20]---[Now, 1 process is working, looping, handling message]
[2019-06-18 09:10:20]---[Handling VSD Messages]
[2019-06-18 09:10:22]---[Waiting for 2 second for the next loop]
[2019-06-18 09:10:22]---[Now, 1 process is working, looping, handling message]
[2019-06-18 09:10:22]---[Handling VSD Messages]
[2019-06-18 09:10:22]---[Waiting for 2 second for the next loop]
[2019-06-18 09:10:22]---[Now, 1 process is working, looping, handling message]
[2019-06-18 09:10:22]---[Handling VSD Messages]
[2019-06-18 09:10:22]---[Waiting for 2 second for the next loop]
[2019-06-18 09:10:22]---[Now, 1 process is working, looping, handling message]
[2019-06-18 09:10:22]---[Handling VSD Messages]
[2019-06-18 09:10:24]---[Waiting for 2 second for the next loop]
[2019-06-18 09:10:24]---[Now, 1 process is working, looping, handling message]
[2019-06-18 09:10:24]---[Handling VSD Messages]
[2019-06-18 09:10:24]---[Waiting for 2 second for the next loop]
[2019-06-18 09:10:24]---[Now, 1 process is working, looping, handling message]
[2019-06-18 09:10:24]---[Handling VSD Messages]
[2019-06-18 09:10:24]---[Waiting for 2 second for the next loop]
[2019-06-18 09:10:24]---[Now, 1 process is working, looping, handling message]
[2019-06-18 09:10:24]---[Handling VSD Messages]
[2019-06-18 09:10:26]---[Waiting for 2 second for the next loop]
[2019-06-18 09:10:26]---[Now, 1 process is working, looping, handling message]
[2019-06-18 09:10:26]---[Handling VSD Messages]
[2019-06-18 09:10:26]---[Waiting for 2 second for the next loop]
[2019-06-18 09:10:26]---[Now, 1 process is working, looping, handling message]
[2019-06-18 09:10:26]---[Handling VSD Messages]
[2019-06-18 09:10:26]---[Waiting for 2 second for the next loop]
[2019-06-18 09:10:26]---[Now, 1 process is working, looping, handling message]
[2019-06-18 09:10:26]---[Handling VSD Messages]
[2019-06-18 09:10:28]---[Waiting for 2 second for the next loop]
[2019-06-18 09:10:28]---[Now, 1 process is working, looping, handling message]
[2019-06-18 09:10:28]---[Handling VSD Messages]
[2019-06-18 09:10:28]---[Waiting for 2 second for the next loop]
[2019-06-18 09:10:28]---[Now, 1 process is working, looping, handling message]
[2019-06-18 09:10:28]---[Handling VSD Messages]
[2019-06-18 09:10:28]---[Waiting for 2 second for the next loop]
[2019-06-18 09:10:28]---[Now, 1 process is working, looping, handling message]
[2019-06-18 09:10:28]---[Handling VSD Messages]
[2019-06-18 09:10:30]---[Waiting for 2 second for the next loop]
[2019-06-18 09:10:30]---[Now, 1 process is working, looping, handling message]
[2019-06-18 09:10:30]---[Handling VSD Messages]
[2019-06-18 09:10:30]---[Waiting for 2 second for the next loop]
[2019-06-18 09:10:30]---[Now, 1 process is working, looping, handling message]
[2019-06-18 09:10:30]---[Handling VSD Messages]
[2019-06-18 09:10:30]---[Waiting for 2 second for the next loop]
[2019-06-18 09:10:30]---[Now, 1 process is working, looping, handling message]
[2019-06-18 09:10:30]---[Handling VSD Messages]
[2019-06-18 09:10:32]---[Waiting for 2 second for the next loop]
[2019-06-18 09:10:32]---[Now, 1 process is working, looping, handling message]
[2019-06-18 09:10:32]---[Handling VSD Messages]
[2019-06-18 09:10:32]---[Waiting for 2 second for the next loop]
[2019-06-18 09:10:32]---[Now, 1 process is working, looping, handling message]
[2019-06-18 09:10:32]---[Handling VSD Messages]
[2019-06-18 09:10:32]---[Waiting for 2 second for the next loop]
[2019-06-18 09:10:32]---[Now, 1 process is working, looping, handling message]
[2019-06-18 09:10:32]---[Handling VSD Messages]
[2019-06-18 09:10:34]---[Waiting for 2 second for the next loop]
[2019-06-18 09:10:34]---[Now, 1 process is working, looping, handling message]
[2019-06-18 09:10:34]---[Handling VSD Messages]
[2019-06-18 09:10:34]---[Waiting for 2 second for the next loop]
[2019-06-18 09:10:34]---[Now, 1 process is working, looping, handling message]
[2019-06-18 09:10:34]---[Handling VSD Messages]
[2019-06-18 09:10:34]---[Waiting for 2 second for the next loop]
[2019-06-18 09:10:35]---[Now, 1 process is working, looping, handling message]
[2019-06-18 09:10:35]---[Handling VSD Messages]
[2019-06-18 09:10:36]---[Waiting for 2 second for the next loop]
[2019-06-18 09:10:36]---[Now, 1 process is working, looping, handling message]
[2019-06-18 09:10:36]---[Handling VSD Messages]
[2019-06-18 09:10:36]---[Waiting for 2 second for the next loop]
[2019-06-18 09:10:36]---[Now, 1 process is working, looping, handling message]
[2019-06-18 09:10:36]---[Handling VSD Messages]
[2019-06-18 09:10:37]---[Waiting for 2 second for the next loop]
[2019-06-18 09:10:37]---[Now, 1 process is working, looping, handling message]
[2019-06-18 09:10:37]---[Handling VSD Messages]
[2019-06-18 09:10:38]---[Waiting for 2 second for the next loop]
[2019-06-18 09:10:38]---[Now, 1 process is working, looping, handling message]
[2019-06-18 09:10:38]---[Handling VSD Messages]
[2019-06-18 09:10:38]---[Waiting for 2 second for the next loop]
[2019-06-18 09:10:38]---[Now, 1 process is working, looping, handling message]
[2019-06-18 09:10:38]---[Handling VSD Messages]
[2019-06-18 09:10:39]---[Waiting for 2 second for the next loop]
[2019-06-18 09:10:39]---[Now, 1 process is working, looping, handling message]
[2019-06-18 09:10:39]---[Handling VSD Messages]
[2019-06-18 09:10:40]---[Waiting for 2 second for the next loop]
[2019-06-18 09:10:40]---[Now, 1 process is working, looping, handling message]
[2019-06-18 09:10:40]---[Handling VSD Messages]
[2019-06-18 09:10:40]---[Waiting for 2 second for the next loop]
[2019-06-18 09:10:40]---[Now, 1 process is working, looping, handling message]
[2019-06-18 09:10:40]---[Handling VSD Messages]
[2019-06-18 09:10:41]---[Waiting for 2 second for the next loop]
[2019-06-18 09:10:41]---[Now, 1 process is working, looping, handling message]
[2019-06-18 09:10:41]---[Handling VSD Messages]
[2019-06-18 09:10:42]---[Waiting for 2 second for the next loop]
[2019-06-18 09:10:42]---[Now, 1 process is working, looping, handling message]
[2019-06-18 09:10:42]---[Handling VSD Messages]
[2019-06-18 09:10:42]---[Waiting for 2 second for the next loop]
[2019-06-18 09:10:42]---[Now, 1 process is working, looping, handling message]
[2019-06-18 09:10:42]---[Handling VSD Messages]
[2019-06-18 09:10:43]---[Waiting for 2 second for the next loop]
[2019-06-18 09:10:43]---[Now, 1 process is working, looping, handling message]
[2019-06-18 09:10:43]---[Handling VSD Messages]
[2019-06-18 09:10:44]---[Waiting for 2 second for the next loop]
[2019-06-18 09:10:44]---[Now, 1 process is working, looping, handling message]
[2019-06-18 09:10:44]---[Handling VSD Messages]
[2019-06-18 09:10:44]---[Waiting for 2 second for the next loop]
[2019-06-18 09:10:44]---[Now, 1 process is working, looping, handling message]
[2019-06-18 09:10:44]---[Handling VSD Messages]
[2019-06-18 09:10:45]---[Waiting for 2 second for the next loop]
[2019-06-18 09:10:45]---[Now, 1 process is working, looping, handling message]
[2019-06-18 09:10:45]---[Handling VSD Messages]
[2019-06-18 09:10:46]---[Waiting for 2 second for the next loop]
[2019-06-18 09:10:46]---[Now, 1 process is working, looping, handling message]
[2019-06-18 09:10:46]---[Handling VSD Messages]
[2019-06-18 09:10:46]---[Waiting for 2 second for the next loop]
[2019-06-18 09:10:46]---[Now, 1 process is working, looping, handling message]
[2019-06-18 09:10:46]---[Handling VSD Messages]
[2019-06-18 09:10:47]---[Waiting for 2 second for the next loop]
[2019-06-18 09:10:47]---[Now, 1 process is working, looping, handling message]
[2019-06-18 09:10:47]---[Handling VSD Messages]
[2019-06-18 09:10:48]---[Waiting for 2 second for the next loop]
[2019-06-18 09:10:48]---[Now, 1 process is working, looping, handling message]
[2019-06-18 09:10:48]---[Handling VSD Messages]
[2019-06-18 09:10:48]---[Waiting for 2 second for the next loop]
[2019-06-18 09:10:48]---[Now, 1 process is working, looping, handling message]
[2019-06-18 09:10:48]---[Handling VSD Messages]
[2019-06-18 09:10:49]---[Waiting for 2 second for the next loop]
[2019-06-18 09:10:49]---[Now, 1 process is working, looping, handling message]
[2019-06-18 09:10:49]---[Handling VSD Messages]
[2019-06-18 09:10:50]---[Waiting for 2 second for the next loop]
[2019-06-18 09:10:50]---[Now, 1 process is working, looping, handling message]
[2019-06-18 09:10:50]---[Handling VSD Messages]
[2019-06-18 09:10:50]---[Waiting for 2 second for the next loop]
[2019-06-18 09:10:50]---[Now, 1 process is working, looping, handling message]
[2019-06-18 09:10:50]---[Handling VSD Messages]
[2019-06-18 09:10:51]---[Waiting for 2 second for the next loop]
[2019-06-18 09:10:51]---[Now, 1 process is working, looping, handling message]
[2019-06-18 09:10:51]---[Handling VSD Messages]
[2019-06-18 09:10:52]---[Waiting for 2 second for the next loop]
[2019-06-18 09:10:52]---[Now, 1 process is working, looping, handling message]
[2019-06-18 09:10:52]---[Handling VSD Messages]
[2019-06-18 09:10:52]---[Waiting for 2 second for the next loop]
[2019-06-18 09:10:52]---[Now, 1 process is working, looping, handling message]
[2019-06-18 09:10:52]---[Handling VSD Messages]
[2019-06-18 09:10:53]---[Waiting for 2 second for the next loop]
[2019-06-18 09:10:53]---[Now, 1 process is working, looping, handling message]
[2019-06-18 09:10:53]---[Handling VSD Messages]
[2019-06-18 09:10:54]---[Waiting for 2 second for the next loop]
[2019-06-18 09:10:54]---[Now, 1 process is working, looping, handling message]
[2019-06-18 09:10:54]---[Handling VSD Messages]
[2019-06-18 09:10:54]---[Waiting for 2 second for the next loop]
[2019-06-18 09:10:54]---[Now, 1 process is working, looping, handling message]
[2019-06-18 09:10:54]---[Handling VSD Messages]
[2019-06-18 09:10:55]---[Waiting for 2 second for the next loop]
[2019-06-18 09:10:55]---[Now, 1 process is working, looping, handling message]
[2019-06-18 09:10:55]---[Handling VSD Messages]
[2019-06-18 09:10:56]---[Waiting for 2 second for the next loop]
[2019-06-18 09:10:56]---[---------------------------------]
[2019-06-18 09:10:56]---[LOGOUT INFO]
[2019-06-18 09:10:56]---[Transaction N0:4300d9b00061cfae7fb914b78aa33de8]
[2019-06-18 09:10:56]---[End Time :     20190618091056]
[2019-06-18 09:10:56]---[---------------------------------]
[2019-06-18 09:10:56]---[---------------------------------]
[2019-06-18 09:10:56]---[LOGOUT INFO]
[2019-06-18 09:10:56]---[Transaction N0:4300d9b00061cfae7fb914b78aa33de8]
[2019-06-18 09:10:56]---[End Time :     20190618091056]
[2019-06-18 09:10:56]---[---------------------------------]
[2019-06-18 09:10:56]---[Waiting for 2 second for the next loop]
[2019-06-18 09:10:56]---[---------------------------------]
[2019-06-18 09:10:56]---[LOGOUT INFO]
[2019-06-18 09:10:56]---[Transaction N0:c8124b5c1f1bf12ded340cd0b499d500]
[2019-06-18 09:10:56]---[End Time :     20190618091056]
[2019-06-18 09:10:56]---[---------------------------------]
[2019-06-18 09:10:56]---[---------------------------------]
[2019-06-18 09:10:56]---[LOGOUT INFO]
[2019-06-18 09:10:56]---[Transaction N0:c8124b5c1f1bf12ded340cd0b499d500]
[2019-06-18 09:10:56]---[End Time :     20190618091056]
[2019-06-18 09:10:56]---[---------------------------------]
[2019-06-18 09:10:57]---[Waiting for 2 second for the next loop]
[2019-06-18 09:10:57]---[---------------------------------]
[2019-06-18 09:10:57]---[LOGOUT INFO]
[2019-06-18 09:10:57]---[Transaction N0:49f55637045e780c98db22a3cc752d4a]
[2019-06-18 09:10:57]---[End Time :     20190618091057]
[2019-06-18 09:10:57]---[---------------------------------]
[2019-06-18 09:10:57]---[---------------------------------]
[2019-06-18 09:10:57]---[LOGOUT INFO]
[2019-06-18 09:10:57]---[Transaction N0:49f55637045e780c98db22a3cc752d4a]
[2019-06-18 09:10:57]---[End Time :     20190618091057]
[2019-06-18 09:10:57]---[---------------------------------]
[2019-06-18 09:11:20]---[Log folder existed]
[2019-06-18 09:11:20]---[Question: Do you want to use default config? (Y/N answer) (Y for continue without editing):]
[2019-06-18 09:11:21]---[Answer: y]
[2019-06-18 09:11:21]---[Load config file successfully]
[2019-06-18 09:11:21]---[---------------------------------]
[2019-06-18 09:11:22]---[DATABASE INFO]
[2019-06-18 09:11:22]---[User:          vn]
[2019-06-18 09:11:22]---[Host Name:     100.168.1.21]
[2019-06-18 09:11:22]---[Port:          1521]
[2019-06-18 09:11:22]---[Service Name:  VIETNAM]
[2019-06-18 09:11:22]---[---------------------------------]
[2019-06-18 09:11:23]---[---------------------------------]
[2019-06-18 09:11:23]---[LOGIN INFO]
[2019-06-18 09:11:23]---[User:          vn]
[2019-06-18 09:11:23]---[Start Time :   20190618091122]
[2019-06-18 09:11:23]---[Computer Name: DESKTOP-DBQ5RNF.eps.com.vn]
[2019-06-18 09:11:23]---[IP Address:    fe80::fdb7:5c3f:3af8:59f9]
[2019-06-18 09:11:23]---[OS Version:    Windows-10-10.0.18362-SP0]
[2019-06-18 09:11:23]---[Work-Flow:     snd]
[2019-06-18 09:11:23]---[Market:        dr]
[2019-06-18 09:11:23]---[Transaction N0:b7e119061ee5a430fd6e11cf49691602]
[2019-06-18 09:11:23]---[---------------------------------]
[2019-06-18 09:11:23]---[Now, 1 process is working, looping, handling message]
[2019-06-18 09:11:23]---[Handling VSD Messages]
[2019-06-18 09:11:25]---[Waiting for 2 second for the next loop]
[2019-06-18 09:11:25]---[Now, 1 process is working, looping, handling message]
[2019-06-18 09:11:25]---[Handling VSD Messages]
[2019-06-18 09:11:27]---[Waiting for 2 second for the next loop]
[2019-06-18 09:11:27]---[Now, 1 process is working, looping, handling message]
[2019-06-18 09:11:27]---[Handling VSD Messages]
[2019-06-18 09:11:29]---[Waiting for 2 second for the next loop]
[2019-06-18 09:11:29]---[Now, 1 process is working, looping, handling message]
[2019-06-18 09:11:29]---[Handling VSD Messages]
[2019-06-18 09:11:31]---[Waiting for 2 second for the next loop]
[2019-06-18 09:11:31]---[Now, 1 process is working, looping, handling message]
[2019-06-18 09:11:31]---[Handling VSD Messages]
[2019-06-18 09:11:33]---[Waiting for 2 second for the next loop]
[2019-06-18 09:11:33]---[---------------------------------]
[2019-06-18 09:11:33]---[LOGOUT INFO]
[2019-06-18 09:11:34]---[Transaction N0:b7e119061ee5a430fd6e11cf49691602]
[2019-06-18 09:11:34]---[End Time :     20190618091133]
[2019-06-18 09:11:34]---[---------------------------------]
[2019-06-18 09:11:34]---[---------------------------------]
[2019-06-18 09:11:34]---[LOGOUT INFO]
[2019-06-18 09:11:34]---[Transaction N0:b7e119061ee5a430fd6e11cf49691602]
[2019-06-18 09:11:34]---[End Time :     20190618091134]
[2019-06-18 09:11:34]---[---------------------------------]
