[2019-06-14 09:04:16]---[Log folder existed]
[2019-06-14 09:04:16]---[Do you want to use default config? (Y/N answer) (Y for continue without editing):]
[2019-06-14 09:05:53]---[Log folder existed]
[2019-06-14 09:05:53]---[Do you want to use default config? (Y/N answer) (Y for continue without editing):]
[2019-06-14 09:05:55]---[y]
[2019-06-14 09:05:55]---[Load config file successfully]
[2019-06-14 09:05:58]---[---------------------------------]
[2019-06-14 09:05:58]---[DATABASE INFO]
[2019-06-14 09:05:58]---[User:          vn]
[2019-06-14 09:05:58]---[Host Name:     100.168.1.21]
[2019-06-14 09:05:58]---[Port:          1521]
[2019-06-14 09:05:58]---[Service Name:  VIETNAM]
[2019-06-14 09:05:58]---[---------------------------------]
[2019-06-14 09:05:58]---[---------------------------------]
[2019-06-14 09:05:58]---[LOGIN INFO]
[2019-06-14 09:05:58]---[User:          vn]
[2019-06-14 09:05:58]---[Start Time :   20190614090558]
[2019-06-14 09:05:58]---[Computer Name: DESKTOP-DBQ5RNF]
[2019-06-14 09:05:58]---[IP Address:    fe80::f46d:2263:1009:478f]
[2019-06-14 09:05:58]---[OS Version:    Windows-10-10.0.18362-SP0]
[2019-06-14 09:05:58]---[Transaction N0:75c2dacdc389c5343fc9b9697d5e37b5]
[2019-06-14 09:05:58]---[---------------------------------]
[2019-06-14 09:05:58]---[Now, 1 process is working, looping, handling message]
[2019-06-14 09:05:58]---[Handling VSD Messages]
[2019-06-14 09:06:00]---[Waiting for 2 second for the next loop]
[2019-06-14 09:06:00]---[Now, 1 process is working, looping, handling message]
[2019-06-14 09:06:00]---[Handling VSD Messages]
[2019-06-14 09:06:02]---[Waiting for 2 second for the next loop]
[2019-06-14 09:06:02]---[Now, 1 process is working, looping, handling message]
[2019-06-14 09:06:02]---[Handling VSD Messages]
[2019-06-14 09:06:03]---[---------------------------------]
[2019-06-14 09:06:03]---[LOGOUT INFO]
[2019-06-14 09:06:03]---[Transaction N0:75c2dacdc389c5343fc9b9697d5e37b5]
[2019-06-14 09:06:03]---[End Time :     20190614090603]
[2019-06-14 09:06:03]---[---------------------------------]
[2019-06-14 10:49:06]---[Log folder existed]
[2019-06-14 10:49:06]---[Do you want to use default config? (Y/N answer) (Y for continue without editing):]
[2019-06-14 10:49:08]---[y]
[2019-06-14 10:49:08]---[Load config file successfully]
[2019-06-14 10:49:08]---[---------------------------------]
[2019-06-14 10:49:08]---[DATABASE INFO]
[2019-06-14 10:49:08]---[User:          vn]
[2019-06-14 10:49:08]---[Host Name:     100.168.1.21]
[2019-06-14 10:49:08]---[Port:          1521]
[2019-06-14 10:49:08]---[Service Name:  VIETNAM]
[2019-06-14 10:49:08]---[---------------------------------]
[2019-06-14 10:49:08]---[---------------------------------]
[2019-06-14 10:49:08]---[LOGIN INFO]
[2019-06-14 10:49:08]---[User:          vn]
[2019-06-14 10:49:08]---[Start Time :   20190614104908]
[2019-06-14 10:49:08]---[Computer Name: DESKTOP-DBQ5RNF]
[2019-06-14 10:49:08]---[IP Address:    fe80::f46d:2263:1009:478f]
[2019-06-14 10:49:08]---[OS Version:    Windows-10-10.0.18362-SP0]
[2019-06-14 10:49:08]---[Transaction N0:6833ea0b9a28d255e1a77a1fc469b9f5]
[2019-06-14 10:49:08]---[---------------------------------]
[2019-06-14 10:49:08]---[Now, 1 process is working, looping, handling message]
[2019-06-14 10:49:08]---[Handling VSD Messages]
[2019-06-14 10:49:10]---[Waiting for 2 second for the next loop]
[2019-06-14 10:49:10]---[Now, 1 process is working, looping, handling message]
[2019-06-14 10:49:10]---[Handling VSD Messages]
[2019-06-14 10:49:12]---[Waiting for 2 second for the next loop]
[2019-06-14 10:49:12]---[Now, 1 process is working, looping, handling message]
[2019-06-14 10:49:12]---[Handling VSD Messages]
[2019-06-14 10:49:14]---[Waiting for 2 second for the next loop]
[2019-06-14 10:49:14]---[Now, 1 process is working, looping, handling message]
[2019-06-14 10:49:14]---[Handling VSD Messages]
[2019-06-14 10:49:15]---[---------------------------------]
[2019-06-14 10:49:15]---[LOGOUT INFO]
[2019-06-14 10:49:15]---[Transaction N0:6833ea0b9a28d255e1a77a1fc469b9f5]
[2019-06-14 10:49:15]---[End Time :     20190614104915]
[2019-06-14 10:49:15]---[---------------------------------]
