[2019-06-19 10:54:24]---[sndeq is working]
[2019-06-19 10:54:24]---[sndeq is working]
[2019-06-19 10:54:24]---[Log folder existed]
[2019-06-19 10:54:24]---[Log folder existed]
[2019-06-19 10:54:24]---[sndeq is working]
[2019-06-19 10:54:24]---[Question: Do you want to use default config? (Y/N answer) (Y for continue without editing):]
[2019-06-19 10:54:24]---[Question: Do you want to use default config? (Y/N answer) (Y for continue without editing):]
[2019-06-19 10:54:24]---[Log folder existed]
[2019-06-19 10:54:24]---[Question: Do you want to use default config? (Y/N answer) (Y for continue without editing):]
[2019-06-19 10:54:26]---[Answer: y]
[2019-06-19 10:54:26]---[Load config file successfully]
[2019-06-19 10:54:29]---[Answer: y]
[2019-06-19 10:54:29]---[Load config file successfully]
[2019-06-19 10:54:29]---[---------------------------------]
[2019-06-19 10:54:29]---[---------------------------------]
[2019-06-19 10:54:29]---[DATABASE INFO]
[2019-06-19 10:54:29]---[User:          vn]
[2019-06-19 10:54:29]---[Host Name:     100.168.1.21]
[2019-06-19 10:54:29]---[Port:          1521]
[2019-06-19 10:54:29]---[Service Name:  VIETNAM]
[2019-06-19 10:54:29]---[Service Name:  VIETNAM]
[2019-06-19 10:54:29]---[---------------------------------]
[2019-06-19 10:54:29]---[---------------------------------]
[2019-06-19 10:54:29]---[LOGIN INFO]
[2019-06-19 10:54:29]---[User:          vn]
[2019-06-19 10:54:29]---[Start Time :   20190619105429]
[2019-06-19 10:54:29]---[Computer Name: DESKTOP-DBQ5RNF]
[2019-06-19 10:54:29]---[Computer Name: DESKTOP-DBQ5RNF]
[2019-06-19 10:54:29]---[IP Address:    fe80::f46d:2263:1009:478f]
[2019-06-19 10:54:29]---[OS Version:    Windows-10-10.0.18362-SP0]
[2019-06-19 10:54:30]---[Work-Flow:     rcv]
[2019-06-19 10:54:30]---[Market:        eq]
[2019-06-19 10:54:30]---[Market:        eq]
[2019-06-19 10:54:30]---[Transaction N0:9b76161efbb9da5a8887e32bdf45c58c]
[2019-06-19 10:54:30]---[---------------------------------]
[2019-06-19 10:54:30]---[rcveq process is working, looping, handling message]
[2019-06-19 10:54:30]---[---------------------------------]
[2019-06-19 10:54:30]---[LOGOUT INFO]
[2019-06-19 10:54:30]---[Transaction N0:9b76161efbb9da5a8887e32bdf45c58c]
[2019-06-19 10:54:30]---[End Time :     20190619105430]
[2019-06-19 10:54:30]---[---------------------------------]
[2019-06-19 10:54:30]---[---------------------------------]
[2019-06-19 10:54:32]---[Answer: y]
[2019-06-19 10:54:32]---[Load config file successfully]
[2019-06-19 10:54:33]---[---------------------------------]
[2019-06-19 10:54:33]---[DATABASE INFO]
[2019-06-19 10:54:33]---[User:          vn]
[2019-06-19 10:54:33]---[Host Name:     100.168.1.21]
[2019-06-19 10:54:33]---[Port:          1521]
[2019-06-19 10:54:33]---[Service Name:  VIETNAM]
[2019-06-19 10:54:33]---[---------------------------------]
[2019-06-19 10:54:33]---[---------------------------------]
[2019-06-19 10:54:33]---[LOGIN INFO]
[2019-06-19 10:54:33]---[User:          vn]
[2019-06-19 10:54:33]---[Start Time :   20190619105433]
[2019-06-19 10:54:33]---[Computer Name: DESKTOP-DBQ5RNF]
[2019-06-19 10:54:33]---[IP Address:    fe80::f46d:2263:1009:478f]
[2019-06-19 10:54:33]---[OS Version:    Windows-10-10.0.18362-SP0]
[2019-06-19 10:54:33]---[Work-Flow:     snd]
[2019-06-19 10:54:33]---[Market:        eq]
[2019-06-19 10:54:33]---[Transaction N0:6c1743420b66f780c0ab2ac4813964cd]
[2019-06-19 10:54:33]---[---------------------------------]
[2019-06-19 10:54:33]---[sndeq process is working, looping, handling message]
[2019-06-19 10:54:33]---[---------------------------------]
[2019-06-19 10:54:33]---[LOGOUT INFO]
[2019-06-19 10:54:33]---[Transaction N0:6c1743420b66f780c0ab2ac4813964cd]
[2019-06-19 10:54:33]---[End Time :     20190619105433]
[2019-06-19 10:54:33]---[---------------------------------]
[2019-06-19 10:57:42]---[sndeq is working]
[2019-06-19 10:57:42]---[rcveq is working]
[2019-06-19 10:57:42]---[csveq is working]
[2019-06-19 10:57:42]---[Log folder existed]
[2019-06-19 10:57:42]---[Question: Do you want to use default config? (Y/N answer) (Y for continue without editing):]
[2019-06-19 10:57:44]---[Answer: y]
[2019-06-19 10:57:44]---[Load config file successfully]
[2019-06-19 10:57:44]---[---------------------------------]
[2019-06-19 10:57:44]---[DATABASE INFO]
[2019-06-19 10:57:44]---[User:          vn]
[2019-06-19 10:57:44]---[Host Name:     100.168.1.21]
[2019-06-19 10:57:44]---[Port:          1521]
[2019-06-19 10:57:44]---[Service Name:  VIETNAM]
[2019-06-19 10:57:44]---[---------------------------------]
[2019-06-19 10:57:44]---[---------------------------------]
[2019-06-19 10:57:44]---[LOGIN INFO]
[2019-06-19 10:57:44]---[User:          vn]
[2019-06-19 10:57:44]---[Start Time :   20190619105744]
[2019-06-19 10:57:44]---[Computer Name: DESKTOP-DBQ5RNF]
[2019-06-19 10:57:44]---[IP Address:    fe80::f46d:2263:1009:478f]
[2019-06-19 10:57:44]---[OS Version:    Windows-10-10.0.18362-SP0]
[2019-06-19 10:57:44]---[Work-Flow:     snd]
[2019-06-19 10:57:44]---[Market:        dr]
[2019-06-19 10:57:44]---[Transaction N0:1886e447e071e26ecc3a89e563f1f71d]
[2019-06-19 10:57:44]---[---------------------------------]
[2019-06-19 10:57:44]---[snddr process is working, looping, handling message]
[2019-06-19 10:57:44]---[---------------------------------]
[2019-06-19 10:57:44]---[LOGOUT INFO]
[2019-06-19 10:57:44]---[Transaction N0:1886e447e071e26ecc3a89e563f1f71d]
[2019-06-19 10:57:44]---[End Time :     20190619105744]
[2019-06-19 10:57:44]---[---------------------------------]
[2019-06-19 11:01:24]---[sndeq is working]
[2019-06-19 11:01:24]---[rcveq is working]
[2019-06-19 11:01:24]---[csveq is working]
[2019-06-19 11:01:24]---[Log folder existed]
[2019-06-19 11:01:24]---[Question: Do you want to use default config? (Y/N answer) (Y for continue without editing):]
[2019-06-19 11:01:25]---[Answer: y]
[2019-06-19 11:01:25]---[Load config file successfully]
[2019-06-19 11:01:25]---[---------------------------------]
[2019-06-19 11:01:25]---[DATABASE INFO]
[2019-06-19 11:01:25]---[User:          vn]
[2019-06-19 11:01:25]---[Host Name:     100.168.1.21]
[2019-06-19 11:01:25]---[Port:          1521]
[2019-06-19 11:01:25]---[Service Name:  VIETNAM]
[2019-06-19 11:01:25]---[---------------------------------]
[2019-06-19 11:01:25]---[---------------------------------]
[2019-06-19 11:01:25]---[LOGIN INFO]
[2019-06-19 11:01:26]---[User:          vn]
[2019-06-19 11:01:26]---[Start Time :   20190619110125]
[2019-06-19 11:01:26]---[Computer Name: DESKTOP-DBQ5RNF]
[2019-06-19 11:01:26]---[IP Address:    fe80::f46d:2263:1009:478f]
[2019-06-19 11:01:26]---[OS Version:    Windows-10-10.0.18362-SP0]
[2019-06-19 11:01:26]---[Work-Flow:     snd]
[2019-06-19 11:01:26]---[Market:        dr]
[2019-06-19 11:01:26]---[Transaction N0:46e7fd2803df17f3d38776e8d0674a9d]
[2019-06-19 11:01:26]---[---------------------------------]
[2019-06-19 11:01:26]---[snddr process is working, looping, handling message]
[2019-06-19 11:01:26]---[---------------------------------]
[2019-06-19 11:01:26]---[LOGOUT INFO]
[2019-06-19 11:01:26]---[Transaction N0:46e7fd2803df17f3d38776e8d0674a9d]
[2019-06-19 11:01:26]---[End Time :     20190619110126]
[2019-06-19 11:01:26]---[---------------------------------]
[2019-06-19 11:01:36]---[sndeq is working]
[2019-06-19 11:01:36]---[rcveq is working]
[2019-06-19 11:01:36]---[csveq is working]
[2019-06-19 11:01:36]---[Log folder existed]
[2019-06-19 11:01:36]---[Question: Do you want to use default config? (Y/N answer) (Y for continue without editing):]
[2019-06-19 11:01:38]---[Answer: y]
[2019-06-19 11:01:38]---[Load config file successfully]
[2019-06-19 11:01:38]---[---------------------------------]
[2019-06-19 11:01:38]---[DATABASE INFO]
[2019-06-19 11:01:38]---[User:          vn]
[2019-06-19 11:01:38]---[Host Name:     100.168.1.21]
[2019-06-19 11:01:38]---[Port:          1521]
[2019-06-19 11:01:38]---[Service Name:  VIETNAM]
[2019-06-19 11:01:38]---[---------------------------------]
[2019-06-19 11:01:38]---[---------------------------------]
[2019-06-19 11:01:38]---[LOGIN INFO]
[2019-06-19 11:01:38]---[User:          vn]
[2019-06-19 11:01:38]---[Start Time :   20190619110138]
[2019-06-19 11:01:38]---[Computer Name: DESKTOP-DBQ5RNF]
[2019-06-19 11:01:38]---[IP Address:    fe80::f46d:2263:1009:478f]
[2019-06-19 11:01:38]---[OS Version:    Windows-10-10.0.18362-SP0]
[2019-06-19 11:01:38]---[Work-Flow:     snd]
[2019-06-19 11:01:38]---[Market:        eq]
[2019-06-19 11:01:38]---[Transaction N0:237e93b4cf37d5ffcc1207c080633940]
[2019-06-19 11:01:38]---[---------------------------------]
[2019-06-19 11:01:38]---[sndeq process is working, looping, handling message]
[2019-06-19 11:01:38]---[---------------------------------]
[2019-06-19 11:01:38]---[LOGOUT INFO]
[2019-06-19 11:01:38]---[Transaction N0:237e93b4cf37d5ffcc1207c080633940]
[2019-06-19 11:01:38]---[End Time :     20190619110138]
[2019-06-19 11:01:38]---[---------------------------------]
[2019-06-19 11:03:25]---[sndeq is working]
[2019-06-19 11:03:25]---[rcveq is working]
[2019-06-19 11:03:25]---[csveq is working]
[2019-06-19 11:04:19]---[sndeq is working]
[2019-06-19 11:04:19]---[rcveq is working]
[2019-06-19 11:04:19]---[csveq is working]
[2019-06-19 11:04:25]---[sndeq is working]
[2019-06-19 11:04:25]---[rcveq is working]
[2019-06-19 11:04:25]---[csveq is working]
[2019-06-19 11:04:25]---[Log folder existed]
[2019-06-19 11:04:25]---[Question: Do you want to use default config? (Y/N answer) (Y for continue without editing):]
[2019-06-19 11:04:26]---[Answer: y]
[2019-06-19 11:04:26]---[Load config file successfully]
[2019-06-19 11:04:26]---[---------------------------------]
[2019-06-19 11:04:26]---[DATABASE INFO]
[2019-06-19 11:04:26]---[User:          vn]
[2019-06-19 11:04:26]---[Host Name:     100.168.1.21]
[2019-06-19 11:04:26]---[Port:          1521]
[2019-06-19 11:04:26]---[Service Name:  VIETNAM]
[2019-06-19 11:04:26]---[---------------------------------]
[2019-06-19 11:04:26]---[---------------------------------]
[2019-06-19 11:04:26]---[LOGIN INFO]
[2019-06-19 11:04:26]---[User:          vn]
[2019-06-19 11:04:26]---[Start Time :   20190619110426]
[2019-06-19 11:04:26]---[Computer Name: DESKTOP-DBQ5RNF]
[2019-06-19 11:04:26]---[IP Address:    fe80::f46d:2263:1009:478f]
[2019-06-19 11:04:26]---[OS Version:    Windows-10-10.0.18362-SP0]
[2019-06-19 11:04:26]---[Work-Flow:     snd]
[2019-06-19 11:04:26]---[Market:        eq]
[2019-06-19 11:04:26]---[Transaction N0:f0c0e66ee279366b898511f957dbf015]
[2019-06-19 11:04:26]---[---------------------------------]
[2019-06-19 11:04:26]---[sndeq process is working, looping, handling message]
[2019-06-19 11:04:27]---[---------------------------------]
[2019-06-19 11:04:27]---[LOGOUT INFO]
[2019-06-19 11:04:27]---[Transaction N0:f0c0e66ee279366b898511f957dbf015]
[2019-06-19 11:04:27]---[End Time :     20190619110427]
[2019-06-19 11:04:27]---[---------------------------------]
[2019-06-19 11:05:45]---[sndeq is working]
[2019-06-19 11:05:46]---[rcveq is working]
[2019-06-19 11:05:46]---[csveq is working]
[2019-06-19 11:05:46]---[Log folder existed]
[2019-06-19 11:05:46]---[Question: Do you want to use default config? (Y/N answer) (Y for continue without editing):]
[2019-06-19 11:05:47]---[Answer: y]
[2019-06-19 11:05:47]---[Load config file successfully]
[2019-06-19 11:05:47]---[---------------------------------]
[2019-06-19 11:05:47]---[DATABASE INFO]
[2019-06-19 11:05:47]---[User:          vn]
[2019-06-19 11:05:47]---[Host Name:     100.168.1.21]
[2019-06-19 11:05:47]---[Port:          1521]
[2019-06-19 11:05:47]---[Service Name:  VIETNAM]
[2019-06-19 11:05:47]---[---------------------------------]
[2019-06-19 11:05:47]---[---------------------------------]
[2019-06-19 11:05:47]---[LOGIN INFO]
[2019-06-19 11:05:47]---[User:          vn]
[2019-06-19 11:05:47]---[Start Time :   20190619110547]
[2019-06-19 11:05:47]---[Computer Name: DESKTOP-DBQ5RNF]
[2019-06-19 11:05:47]---[IP Address:    fe80::f46d:2263:1009:478f]
[2019-06-19 11:05:47]---[OS Version:    Windows-10-10.0.18362-SP0]
[2019-06-19 11:05:47]---[Work-Flow:     snd]
[2019-06-19 11:05:47]---[Market:        eq]
[2019-06-19 11:05:47]---[Transaction N0:c356c04c950b110a96ad14893a388d37]
[2019-06-19 11:05:47]---[---------------------------------]
[2019-06-19 11:05:47]---[sndeq process is working, looping, handling message]
[2019-06-19 11:05:47]---[---------------------------------]
[2019-06-19 11:05:47]---[LOGOUT INFO]
[2019-06-19 11:05:47]---[Transaction N0:c356c04c950b110a96ad14893a388d37]
[2019-06-19 11:05:47]---[End Time :     20190619110547]
[2019-06-19 11:05:47]---[---------------------------------]
[2019-06-19 11:06:51]---[sndeq is working]
[2019-06-19 11:06:51]---[rcveq is working]
[2019-06-19 11:06:51]---[csveq is working]
[2019-06-19 11:06:51]---[Log folder existed]
[2019-06-19 11:06:51]---[Question: Do you want to use default config? (Y/N answer) (Y for continue without editing):]
[2019-06-19 11:06:52]---[Answer: y]
[2019-06-19 11:06:52]---[Load config file successfully]
[2019-06-19 11:06:52]---[---------------------------------]
[2019-06-19 11:06:52]---[DATABASE INFO]
[2019-06-19 11:06:52]---[User:          vn]
[2019-06-19 11:06:52]---[Host Name:     100.168.1.21]
[2019-06-19 11:06:52]---[Port:          1521]
[2019-06-19 11:06:52]---[Service Name:  VIETNAM]
[2019-06-19 11:06:52]---[---------------------------------]
[2019-06-19 11:06:52]---[---------------------------------]
[2019-06-19 11:06:52]---[LOGIN INFO]
[2019-06-19 11:06:52]---[User:          vn]
[2019-06-19 11:06:52]---[Start Time :   20190619110652]
[2019-06-19 11:06:52]---[Computer Name: DESKTOP-DBQ5RNF]
[2019-06-19 11:06:52]---[IP Address:    fe80::f46d:2263:1009:478f]
[2019-06-19 11:06:52]---[OS Version:    Windows-10-10.0.18362-SP0]
[2019-06-19 11:06:52]---[Work-Flow:     snd]
[2019-06-19 11:06:52]---[Market:        eq]
[2019-06-19 11:06:52]---[Transaction N0:b1cb0bb28e73fd6d844fe39af26246cc]
[2019-06-19 11:06:52]---[---------------------------------]
[2019-06-19 11:06:52]---[sndeq process is working, looping, handling message]
[2019-06-19 11:06:52]---[---------------------------------]
[2019-06-19 11:06:52]---[LOGOUT INFO]
[2019-06-19 11:06:52]---[Transaction N0:b1cb0bb28e73fd6d844fe39af26246cc]
[2019-06-19 11:06:52]---[End Time :     20190619110652]
[2019-06-19 11:06:52]---[---------------------------------]
[2019-06-19 11:13:06]---[sndeq is working]
[2019-06-19 11:13:06]---[rcveq is working]
[2019-06-19 11:13:06]---[csveq is working]
[2019-06-19 11:13:06]---[Log folder existed]
[2019-06-19 11:13:06]---[Question: Do you want to use default config? (Y/N answer) (Y for continue without editing):]
[2019-06-19 11:13:08]---[Answer: y]
[2019-06-19 11:13:08]---[Load config file successfully]
[2019-06-19 11:13:08]---[---------------------------------]
[2019-06-19 11:13:08]---[DATABASE INFO]
[2019-06-19 11:13:08]---[User:          vn]
[2019-06-19 11:13:08]---[Host Name:     100.168.1.21]
[2019-06-19 11:13:08]---[Port:          1521]
[2019-06-19 11:13:08]---[Service Name:  VIETNAM]
[2019-06-19 11:13:08]---[---------------------------------]
[2019-06-19 11:13:08]---[---------------------------------]
[2019-06-19 11:13:08]---[LOGIN INFO]
[2019-06-19 11:13:08]---[User:          vn]
[2019-06-19 11:13:08]---[Start Time :   20190619111308]
[2019-06-19 11:13:08]---[Computer Name: DESKTOP-DBQ5RNF]
[2019-06-19 11:13:08]---[IP Address:    fe80::f46d:2263:1009:478f]
[2019-06-19 11:13:08]---[OS Version:    Windows-10-10.0.18362-SP0]
[2019-06-19 11:13:08]---[Work-Flow:     snd]
[2019-06-19 11:13:08]---[Market:        eq]
[2019-06-19 11:13:08]---[Transaction N0:da3615095f7a423586303a7d971d576e]
[2019-06-19 11:13:08]---[---------------------------------]
[2019-06-19 11:13:08]---[sndeq process is working, looping, handling message]
[2019-06-19 11:13:08]---[---------------------------------]
[2019-06-19 11:13:08]---[LOGOUT INFO]
[2019-06-19 11:13:08]---[Transaction N0:da3615095f7a423586303a7d971d576e]
[2019-06-19 11:13:08]---[End Time :     20190619111308]
[2019-06-19 11:13:08]---[---------------------------------]
[2019-06-19 11:13:49]---[sndeq is working]
[2019-06-19 11:13:49]---[rcveq is working]
[2019-06-19 11:13:49]---[csveq is working]
[2019-06-19 11:13:49]---[Log folder existed]
[2019-06-19 11:13:49]---[Question: Do you want to use default config? (Y/N answer) (Y for continue without editing):]
[2019-06-19 11:14:38]---[Answer: y]
[2019-06-19 11:14:38]---[Load config file successfully]
[2019-06-19 11:14:38]---[---------------------------------]
[2019-06-19 11:14:38]---[DATABASE INFO]
[2019-06-19 11:14:38]---[User:          vn]
[2019-06-19 11:14:38]---[Host Name:     100.168.1.21]
[2019-06-19 11:14:38]---[Port:          1521]
[2019-06-19 11:14:38]---[Service Name:  VIETNAM]
[2019-06-19 11:14:38]---[---------------------------------]
[2019-06-19 11:14:38]---[---------------------------------]
[2019-06-19 11:14:38]---[LOGIN INFO]
[2019-06-19 11:14:38]---[User:          vn]
[2019-06-19 11:14:38]---[Start Time :   20190619111438]
[2019-06-19 11:14:38]---[Computer Name: DESKTOP-DBQ5RNF]
[2019-06-19 11:14:38]---[IP Address:    fe80::f46d:2263:1009:478f]
[2019-06-19 11:14:38]---[OS Version:    Windows-10-10.0.18362-SP0]
[2019-06-19 11:14:38]---[Work-Flow:     snd]
[2019-06-19 11:14:38]---[Market:        eq]
[2019-06-19 11:14:38]---[Transaction N0:8c43271ccd7fae0774efaba3860fa374]
[2019-06-19 11:14:38]---[---------------------------------]
[2019-06-19 11:14:38]---[sndeq process is working, looping, handling message]
[2019-06-19 11:14:38]---[sndeq is working]
[2019-06-19 11:14:40]---[Waiting for 2 second for the next loop]
[2019-06-19 11:14:40]---[sndeq process is working, looping, handling message]
[2019-06-19 11:14:40]---[sndeq is working]
[2019-06-19 11:14:42]---[Waiting for 2 second for the next loop]
[2019-06-19 11:14:42]---[sndeq process is working, looping, handling message]
[2019-06-19 11:14:42]---[sndeq is working]
[2019-06-19 11:14:44]---[Waiting for 2 second for the next loop]
[2019-06-19 11:14:44]---[sndeq process is working, looping, handling message]
[2019-06-19 11:14:44]---[sndeq is working]
[2019-06-19 11:14:46]---[Waiting for 2 second for the next loop]
[2019-06-19 11:14:46]---[sndeq process is working, looping, handling message]
[2019-06-19 11:14:46]---[sndeq is working]
[2019-06-19 11:14:48]---[Waiting for 2 second for the next loop]
[2019-06-19 11:14:48]---[sndeq process is working, looping, handling message]
[2019-06-19 11:14:48]---[sndeq is working]
[2019-06-19 11:14:50]---[Waiting for 2 second for the next loop]
[2019-06-19 11:14:50]---[sndeq process is working, looping, handling message]
[2019-06-19 11:14:50]---[sndeq is working]
[2019-06-19 11:14:52]---[Waiting for 2 second for the next loop]
[2019-06-19 11:14:52]---[sndeq process is working, looping, handling message]
[2019-06-19 11:14:52]---[sndeq is working]
[2019-06-19 11:14:54]---[Waiting for 2 second for the next loop]
[2019-06-19 11:14:54]---[sndeq process is working, looping, handling message]
[2019-06-19 11:14:54]---[sndeq is working]
[2019-06-19 11:14:56]---[Waiting for 2 second for the next loop]
[2019-06-19 11:14:56]---[sndeq process is working, looping, handling message]
[2019-06-19 11:14:56]---[sndeq is working]
[2019-06-19 11:14:58]---[Waiting for 2 second for the next loop]
[2019-06-19 11:14:58]---[sndeq process is working, looping, handling message]
[2019-06-19 11:14:58]---[sndeq is working]
[2019-06-19 11:15:00]---[Waiting for 2 second for the next loop]
[2019-06-19 11:15:00]---[sndeq process is working, looping, handling message]
[2019-06-19 11:15:00]---[sndeq is working]
[2019-06-19 11:15:02]---[Waiting for 2 second for the next loop]
[2019-06-19 11:15:02]---[sndeq process is working, looping, handling message]
[2019-06-19 11:15:02]---[sndeq is working]
[2019-06-19 11:15:04]---[Waiting for 2 second for the next loop]
[2019-06-19 11:15:04]---[sndeq process is working, looping, handling message]
[2019-06-19 11:15:04]---[sndeq is working]
[2019-06-19 11:15:06]---[Waiting for 2 second for the next loop]
[2019-06-19 11:15:06]---[sndeq process is working, looping, handling message]
[2019-06-19 11:15:06]---[sndeq is working]
[2019-06-19 11:15:08]---[Waiting for 2 second for the next loop]
[2019-06-19 11:15:08]---[sndeq process is working, looping, handling message]
[2019-06-19 11:15:08]---[sndeq is working]
[2019-06-19 11:15:08]---[---------------------------------]
[2019-06-19 11:15:08]---[LOGOUT INFO]
[2019-06-19 11:15:08]---[Transaction N0:8c43271ccd7fae0774efaba3860fa374]
[2019-06-19 11:15:08]---[End Time :     20190619111508]
[2019-06-19 11:15:08]---[---------------------------------]
[2019-06-19 11:15:11]---[sndeq is working]
[2019-06-19 11:15:11]---[rcveq is working]
[2019-06-19 11:15:11]---[csveq is working]
[2019-06-19 11:15:11]---[Log folder existed]
[2019-06-19 11:15:11]---[Question: Do you want to use default config? (Y/N answer) (Y for continue without editing):]
[2019-06-19 11:15:15]---[Answer: y]
[2019-06-19 11:15:15]---[Load config file successfully]
[2019-06-19 11:15:15]---[---------------------------------]
[2019-06-19 11:15:15]---[DATABASE INFO]
[2019-06-19 11:15:15]---[User:          vn]
[2019-06-19 11:15:15]---[Host Name:     100.168.1.21]
[2019-06-19 11:15:15]---[Port:          1521]
[2019-06-19 11:15:15]---[Service Name:  VIETNAM]
[2019-06-19 11:15:15]---[---------------------------------]
[2019-06-19 11:15:15]---[---------------------------------]
[2019-06-19 11:15:15]---[LOGIN INFO]
[2019-06-19 11:15:15]---[User:          vn]
[2019-06-19 11:15:15]---[Start Time :   20190619111515]
[2019-06-19 11:15:15]---[Computer Name: DESKTOP-DBQ5RNF]
[2019-06-19 11:15:15]---[IP Address:    fe80::f46d:2263:1009:478f]
[2019-06-19 11:15:15]---[OS Version:    Windows-10-10.0.18362-SP0]
[2019-06-19 11:15:15]---[Work-Flow:     snd]
[2019-06-19 11:15:15]---[Market:        eq]
[2019-06-19 11:15:15]---[Transaction N0:b709b70ee84460c8472245f9b5cee71c]
[2019-06-19 11:15:15]---[---------------------------------]
[2019-06-19 11:15:15]---[sndeq process is working, looping, handling message]
[2019-06-19 11:15:15]---[sndeq is working]
[2019-06-19 11:15:17]---[Waiting for 2 second for the next loop]
[2019-06-19 11:15:17]---[sndeq process is working, looping, handling message]
[2019-06-19 11:15:17]---[sndeq is working]
[2019-06-19 11:15:19]---[Waiting for 2 second for the next loop]
[2019-06-19 11:15:19]---[sndeq process is working, looping, handling message]
[2019-06-19 11:15:19]---[sndeq is working]
[2019-06-19 11:15:21]---[Waiting for 2 second for the next loop]
[2019-06-19 11:15:21]---[sndeq process is working, looping, handling message]
[2019-06-19 11:15:21]---[sndeq is working]
[2019-06-19 11:15:23]---[Waiting for 2 second for the next loop]
[2019-06-19 11:15:23]---[sndeq process is working, looping, handling message]
[2019-06-19 11:15:23]---[sndeq is working]
[2019-06-19 11:15:25]---[Waiting for 2 second for the next loop]
[2019-06-19 11:15:25]---[sndeq process is working, looping, handling message]
[2019-06-19 11:15:25]---[sndeq is working]
[2019-06-19 11:15:27]---[Waiting for 2 second for the next loop]
[2019-06-19 11:15:27]---[sndeq process is working, looping, handling message]
[2019-06-19 11:15:27]---[sndeq is working]
[2019-06-19 11:15:29]---[Waiting for 2 second for the next loop]
[2019-06-19 11:15:29]---[sndeq process is working, looping, handling message]
[2019-06-19 11:15:29]---[sndeq is working]
[2019-06-19 11:15:31]---[Waiting for 2 second for the next loop]
[2019-06-19 11:15:32]---[sndeq process is working, looping, handling message]
[2019-06-19 11:15:32]---[sndeq is working]
[2019-06-19 11:15:34]---[Waiting for 2 second for the next loop]
[2019-06-19 11:15:34]---[sndeq process is working, looping, handling message]
[2019-06-19 11:15:34]---[sndeq is working]
[2019-06-19 11:15:36]---[Waiting for 2 second for the next loop]
[2019-06-19 11:15:36]---[sndeq process is working, looping, handling message]
[2019-06-19 11:15:36]---[sndeq is working]
[2019-06-19 11:15:38]---[Waiting for 2 second for the next loop]
[2019-06-19 11:15:38]---[sndeq process is working, looping, handling message]
[2019-06-19 11:15:38]---[sndeq is working]
[2019-06-19 11:15:40]---[Waiting for 2 second for the next loop]
[2019-06-19 11:15:40]---[sndeq process is working, looping, handling message]
[2019-06-19 11:15:40]---[sndeq is working]
[2019-06-19 11:15:42]---[Waiting for 2 second for the next loop]
[2019-06-19 11:15:42]---[sndeq process is working, looping, handling message]
[2019-06-19 11:15:42]---[sndeq is working]
[2019-06-19 11:15:42]---[---------------------------------]
[2019-06-19 11:15:42]---[LOGOUT INFO]
[2019-06-19 11:15:42]---[Transaction N0:b709b70ee84460c8472245f9b5cee71c]
[2019-06-19 11:15:43]---[End Time :     20190619111542]
[2019-06-19 11:15:43]---[---------------------------------]
[2019-06-19 11:15:44]---[Log folder existed]
[2019-06-19 11:15:44]---[Question: Do you want to use default config? (Y/N answer) (Y for continue without editing):]
[2019-06-19 11:15:46]---[Answer: y]
[2019-06-19 11:15:46]---[Load config file successfully]
[2019-06-19 11:15:46]---[---------------------------------]
[2019-06-19 11:15:46]---[DATABASE INFO]
[2019-06-19 11:15:46]---[User:          vn]
[2019-06-19 11:15:46]---[Host Name:     100.168.1.21]
[2019-06-19 11:15:46]---[Port:          1521]
[2019-06-19 11:15:46]---[Service Name:  VIETNAM]
[2019-06-19 11:15:46]---[---------------------------------]
[2019-06-19 11:15:46]---[---------------------------------]
[2019-06-19 11:15:46]---[LOGIN INFO]
[2019-06-19 11:15:46]---[User:          vn]
[2019-06-19 11:15:46]---[Start Time :   20190619111546]
[2019-06-19 11:15:46]---[Computer Name: DESKTOP-DBQ5RNF]
[2019-06-19 11:15:46]---[IP Address:    fe80::f46d:2263:1009:478f]
[2019-06-19 11:15:46]---[OS Version:    Windows-10-10.0.18362-SP0]
[2019-06-19 11:15:46]---[Work-Flow:     snd]
[2019-06-19 11:15:46]---[Market:        eq]
[2019-06-19 11:15:46]---[Transaction N0:ba323ab719f197d6d80a4d7dbb1c8ff6]
[2019-06-19 11:15:46]---[---------------------------------]
[2019-06-19 11:15:46]---[sndeq process is working, looping, handling message]
[2019-06-19 11:15:46]---[sndeq is working]
[2019-06-19 11:15:48]---[Waiting for 2 second for the next loop]
[2019-06-19 11:15:48]---[sndeq process is working, looping, handling message]
[2019-06-19 11:15:48]---[sndeq is working]
[2019-06-19 11:15:50]---[Waiting for 2 second for the next loop]
[2019-06-19 11:15:50]---[sndeq process is working, looping, handling message]
[2019-06-19 11:15:50]---[sndeq is working]
[2019-06-19 11:15:52]---[Waiting for 2 second for the next loop]
[2019-06-19 11:15:52]---[sndeq process is working, looping, handling message]
[2019-06-19 11:15:52]---[sndeq is working]
[2019-06-19 11:15:54]---[Waiting for 2 second for the next loop]
[2019-06-19 11:15:54]---[sndeq process is working, looping, handling message]
[2019-06-19 11:15:54]---[sndeq is working]
[2019-06-19 11:15:56]---[Waiting for 2 second for the next loop]
[2019-06-19 11:15:56]---[sndeq process is working, looping, handling message]
[2019-06-19 11:15:56]---[sndeq is working]
[2019-06-19 11:15:58]---[Waiting for 2 second for the next loop]
[2019-06-19 11:15:58]---[sndeq process is working, looping, handling message]
[2019-06-19 11:15:58]---[sndeq is working]
[2019-06-19 11:16:00]---[Waiting for 2 second for the next loop]
[2019-06-19 11:16:00]---[sndeq process is working, looping, handling message]
[2019-06-19 11:16:00]---[sndeq is working]
[2019-06-19 11:16:02]---[Waiting for 2 second for the next loop]
[2019-06-19 11:16:02]---[sndeq process is working, looping, handling message]
[2019-06-19 11:16:02]---[sndeq is working]
[2019-06-19 11:16:04]---[Waiting for 2 second for the next loop]
[2019-06-19 11:16:04]---[sndeq process is working, looping, handling message]
[2019-06-19 11:16:04]---[sndeq is working]
[2019-06-19 11:16:06]---[Waiting for 2 second for the next loop]
[2019-06-19 11:16:06]---[sndeq process is working, looping, handling message]
[2019-06-19 11:16:06]---[sndeq is working]
[2019-06-19 11:16:08]---[Waiting for 2 second for the next loop]
[2019-06-19 11:16:08]---[sndeq process is working, looping, handling message]
[2019-06-19 11:16:08]---[sndeq is working]
[2019-06-19 11:16:10]---[Waiting for 2 second for the next loop]
[2019-06-19 11:16:10]---[sndeq process is working, looping, handling message]
[2019-06-19 11:16:10]---[sndeq is working]
[2019-06-19 11:16:12]---[Waiting for 2 second for the next loop]
[2019-06-19 11:16:12]---[sndeq process is working, looping, handling message]
[2019-06-19 11:16:12]---[sndeq is working]
[2019-06-19 11:16:14]---[Waiting for 2 second for the next loop]
[2019-06-19 11:16:15]---[sndeq process is working, looping, handling message]
[2019-06-19 11:16:15]---[sndeq is working]
[2019-06-19 11:16:17]---[Waiting for 2 second for the next loop]
[2019-06-19 11:16:17]---[sndeq process is working, looping, handling message]
[2019-06-19 11:16:17]---[sndeq is working]
[2019-06-19 11:16:18]---[---------------------------------]
[2019-06-19 11:16:18]---[LOGOUT INFO]
[2019-06-19 11:16:18]---[Transaction N0:ba323ab719f197d6d80a4d7dbb1c8ff6]
[2019-06-19 11:16:18]---[End Time :     20190619111618]
[2019-06-19 11:16:18]---[---------------------------------]
[2019-06-19 13:30:34]---[Log folder existed]
[2019-06-19 13:30:34]---[Question: Do you want to use default config? (Y/N answer) (Y for continue without editing):]
[2019-06-19 13:30:36]---[Answer: y]
[2019-06-19 13:30:36]---[Load config file successfully]
[2019-06-19 13:30:36]---[---------------------------------]
[2019-06-19 13:30:36]---[DATABASE INFO]
[2019-06-19 13:30:36]---[User:          vn]
[2019-06-19 13:30:36]---[Host Name:     100.168.1.21]
[2019-06-19 13:30:36]---[Port:          1521]
[2019-06-19 13:30:36]---[Service Name:  VIETNAM]
[2019-06-19 13:30:36]---[---------------------------------]
[2019-06-19 13:30:38]---[---------------------------------]
[2019-06-19 13:30:38]---[LOGIN INFO]
[2019-06-19 13:30:38]---[User:          vn]
[2019-06-19 13:30:38]---[Start Time :   20190619133036]
[2019-06-19 13:30:38]---[Computer Name: DESKTOP-DBQ5RNF.eps.com.vn]
[2019-06-19 13:30:38]---[IP Address:    fe80::fdb7:5c3f:3af8:59f9]
[2019-06-19 13:30:38]---[OS Version:    Windows-10-10.0.18362-SP0]
[2019-06-19 13:30:38]---[Work-Flow:     snd]
[2019-06-19 13:30:38]---[Market:        eq]
[2019-06-19 13:30:38]---[Transaction N0:f7994eddb8fe7627beb38af4bcb870bb]
[2019-06-19 13:30:38]---[---------------------------------]
[2019-06-19 13:30:38]---[sndeq process is working, looping, handling message]
[2019-06-19 13:30:38]---[sndeq is working]
[2019-06-19 13:30:40]---[Waiting for 2 second for the next loop]
[2019-06-19 13:30:40]---[sndeq process is working, looping, handling message]
[2019-06-19 13:30:40]---[sndeq is working]
[2019-06-19 13:30:40]---[---------------------------------]
[2019-06-19 13:30:40]---[LOGOUT INFO]
[2019-06-19 13:30:40]---[Transaction N0:f7994eddb8fe7627beb38af4bcb870bb]
[2019-06-19 13:30:40]---[End Time :     20190619133040]
[2019-06-19 13:30:40]---[---------------------------------]
[2019-06-19 14:12:22]---[Log folder existed]
[2019-06-19 14:12:22]---[Question: Do you want to use default config? (Y/N answer) (Y for continue without editing):]
[2019-06-19 14:12:23]---[Answer: y]
[2019-06-19 14:12:23]---[Load config file successfully]
[2019-06-19 14:12:23]---[---------------------------------]
[2019-06-19 14:12:23]---[DATABASE INFO]
[2019-06-19 14:12:23]---[User:          vn]
[2019-06-19 14:12:23]---[Host Name:     100.168.1.21]
[2019-06-19 14:12:23]---[Port:          1521]
[2019-06-19 14:12:23]---[Service Name:  VIETNAM]
[2019-06-19 14:12:23]---[---------------------------------]
[2019-06-19 14:12:25]---[---------------------------------]
[2019-06-19 14:12:25]---[LOGIN INFO]
[2019-06-19 14:12:25]---[User:          vn]
[2019-06-19 14:12:25]---[Start Time :   20190619141223]
[2019-06-19 14:12:25]---[Computer Name: DESKTOP-DBQ5RNF.eps.com.vn]
[2019-06-19 14:12:25]---[IP Address:    fe80::fdb7:5c3f:3af8:59f9]
[2019-06-19 14:12:25]---[OS Version:    Windows-10-10.0.18362-SP0]
[2019-06-19 14:12:25]---[Work-Flow:     snd]
[2019-06-19 14:12:25]---[Market:        eq]
[2019-06-19 14:12:25]---[Transaction N0:82426bd9efa692f6416cce65f6297738]
[2019-06-19 14:12:25]---[---------------------------------]
[2019-06-19 14:12:25]---[sndeq process is working, looping, handling message]
[2019-06-19 14:12:25]---[---------------------------------]
[2019-06-19 14:12:25]---[LOGOUT INFO]
[2019-06-19 14:12:25]---[Transaction N0:82426bd9efa692f6416cce65f6297738]
[2019-06-19 14:12:25]---[End Time :     20190619141225]
[2019-06-19 14:12:25]---[---------------------------------]
[2019-06-19 14:15:26]---[Log folder existed]
[2019-06-19 14:15:26]---[Question: Do you want to use default config? (Y/N answer) (Y for continue without editing):]
[2019-06-19 14:15:27]---[Answer: y]
[2019-06-19 14:15:27]---[Load config file successfully]
[2019-06-19 14:15:28]---[---------------------------------]
[2019-06-19 14:15:28]---[DATABASE INFO]
[2019-06-19 14:15:28]---[User:          vn]
[2019-06-19 14:15:28]---[Host Name:     100.168.1.21]
[2019-06-19 14:15:28]---[Port:          1521]
[2019-06-19 14:15:28]---[Service Name:  VIETNAM]
[2019-06-19 14:15:28]---[---------------------------------]
[2019-06-19 14:15:29]---[---------------------------------]
[2019-06-19 14:15:29]---[LOGIN INFO]
[2019-06-19 14:15:29]---[User:          vn]
[2019-06-19 14:15:29]---[Start Time :   20190619141528]
[2019-06-19 14:15:29]---[Computer Name: DESKTOP-DBQ5RNF.eps.com.vn]
[2019-06-19 14:15:29]---[IP Address:    fe80::fdb7:5c3f:3af8:59f9]
[2019-06-19 14:15:29]---[OS Version:    Windows-10-10.0.18362-SP0]
[2019-06-19 14:15:29]---[Work-Flow:     snd]
[2019-06-19 14:15:29]---[Market:        eq]
[2019-06-19 14:15:29]---[Transaction N0:f9aebf183754114a8b667f20b3ccbced]
[2019-06-19 14:15:29]---[---------------------------------]
[2019-06-19 14:15:29]---[sndeq process is working, looping, handling message]
[2019-06-19 14:15:29]---[---------------------------------]
[2019-06-19 14:15:29]---[LOGOUT INFO]
[2019-06-19 14:15:29]---[Transaction N0:f9aebf183754114a8b667f20b3ccbced]
[2019-06-19 14:15:29]---[End Time :     20190619141529]
[2019-06-19 14:15:29]---[---------------------------------]
[2019-06-19 14:16:14]---[Log folder existed]
[2019-06-19 14:16:14]---[Question: Do you want to use default config? (Y/N answer) (Y for continue without editing):]
[2019-06-19 14:16:15]---[Answer: y]
[2019-06-19 14:16:15]---[Load config file successfully]
[2019-06-19 14:16:15]---[---------------------------------]
[2019-06-19 14:16:15]---[DATABASE INFO]
[2019-06-19 14:16:16]---[User:          vn]
[2019-06-19 14:16:16]---[Host Name:     100.168.1.21]
[2019-06-19 14:16:16]---[Port:          1521]
[2019-06-19 14:16:16]---[Service Name:  VIETNAM]
[2019-06-19 14:16:16]---[---------------------------------]
[2019-06-19 14:16:17]---[---------------------------------]
[2019-06-19 14:16:17]---[LOGIN INFO]
[2019-06-19 14:16:17]---[User:          vn]
[2019-06-19 14:16:17]---[Start Time :   20190619141616]
[2019-06-19 14:16:17]---[Computer Name: DESKTOP-DBQ5RNF.eps.com.vn]
[2019-06-19 14:16:17]---[IP Address:    fe80::fdb7:5c3f:3af8:59f9]
[2019-06-19 14:16:17]---[OS Version:    Windows-10-10.0.18362-SP0]
[2019-06-19 14:16:17]---[Work-Flow:     snd]
[2019-06-19 14:16:17]---[Market:        eq]
[2019-06-19 14:16:17]---[Transaction N0:3851c13eed4307628b475c4dcd6e1bd4]
[2019-06-19 14:16:17]---[---------------------------------]
[2019-06-19 14:16:17]---[sndeq process is working, looping, handling message]
[2019-06-19 14:16:49]---[Log folder existed]
[2019-06-19 14:16:49]---[Question: Do you want to use default config? (Y/N answer) (Y for continue without editing):]
[2019-06-19 14:16:51]---[Answer: y]
[2019-06-19 14:16:51]---[Load config file successfully]
[2019-06-19 14:16:51]---[---------------------------------]
[2019-06-19 14:16:51]---[DATABASE INFO]
[2019-06-19 14:16:51]---[User:          vn]
[2019-06-19 14:16:51]---[Host Name:     100.168.1.21]
[2019-06-19 14:16:51]---[Port:          1521]
[2019-06-19 14:16:51]---[Service Name:  VIETNAM]
[2019-06-19 14:16:51]---[---------------------------------]
[2019-06-19 14:16:53]---[---------------------------------]
[2019-06-19 14:16:53]---[LOGIN INFO]
[2019-06-19 14:16:53]---[User:          vn]
[2019-06-19 14:16:53]---[Start Time :   20190619141651]
[2019-06-19 14:16:53]---[Computer Name: DESKTOP-DBQ5RNF.eps.com.vn]
[2019-06-19 14:16:53]---[IP Address:    fe80::fdb7:5c3f:3af8:59f9]
[2019-06-19 14:16:53]---[OS Version:    Windows-10-10.0.18362-SP0]
[2019-06-19 14:16:53]---[Work-Flow:     snd]
[2019-06-19 14:16:53]---[Market:        eq]
[2019-06-19 14:16:53]---[Transaction N0:1c5a50b2a9dab951ee9e4dab9e2291ff]
[2019-06-19 14:16:53]---[---------------------------------]
[2019-06-19 14:16:53]---[sndeq process is working, looping, handling message]
[2019-06-19 14:17:13]---[Log folder existed]
[2019-06-19 14:17:13]---[Question: Do you want to use default config? (Y/N answer) (Y for continue without editing):]
[2019-06-19 14:17:14]---[Answer: y]
[2019-06-19 14:17:14]---[Load config file successfully]
[2019-06-19 14:17:14]---[---------------------------------]
[2019-06-19 14:17:14]---[DATABASE INFO]
[2019-06-19 14:17:14]---[User:          vn]
[2019-06-19 14:17:14]---[Host Name:     100.168.1.21]
[2019-06-19 14:17:14]---[Port:          1521]
[2019-06-19 14:17:14]---[Service Name:  VIETNAM]
[2019-06-19 14:17:14]---[---------------------------------]
[2019-06-19 14:17:16]---[---------------------------------]
[2019-06-19 14:17:16]---[LOGIN INFO]
[2019-06-19 14:17:16]---[User:          vn]
[2019-06-19 14:17:16]---[Start Time :   20190619141714]
[2019-06-19 14:17:16]---[Computer Name: DESKTOP-DBQ5RNF.eps.com.vn]
[2019-06-19 14:17:16]---[IP Address:    fe80::fdb7:5c3f:3af8:59f9]
[2019-06-19 14:17:16]---[OS Version:    Windows-10-10.0.18362-SP0]
[2019-06-19 14:17:16]---[Work-Flow:     snd]
[2019-06-19 14:17:16]---[Market:        eq]
[2019-06-19 14:17:16]---[Transaction N0:e73644a0a49f8a990b7f46f571bff271]
[2019-06-19 14:17:16]---[---------------------------------]
[2019-06-19 14:17:16]---[sndeq process is working, looping, handling message]
[2019-06-19 14:17:18]---[Waiting for 2 second for the next loop]
[2019-06-19 14:17:18]---[sndeq process is working, looping, handling message]
[2019-06-19 22:49:53]---[Log folder existed]
[2019-06-19 22:49:53]---[Question: Do you want to use default config? (Y/N answer) (Y for continue without editing):]
[2019-06-19 22:49:55]---[Answer: y]
[2019-06-19 22:49:55]---[Load config file successfully]
[2019-06-19 22:49:59]---[---------------------------------]
[2019-06-19 22:49:59]---[DATABASE INFO]
[2019-06-19 22:49:59]---[User:          vn]
[2019-06-19 22:49:59]---[Host Name:     100.168.1.21]
[2019-06-19 22:49:59]---[Port:          1521]
[2019-06-19 22:49:59]---[Service Name:  VIETNAM]
[2019-06-19 22:49:59]---[---------------------------------]
[2019-06-19 22:49:59]---[---------------------------------]
[2019-06-19 22:49:59]---[LOGIN INFO]
[2019-06-19 22:49:59]---[User:          vn]
[2019-06-19 22:49:59]---[Start Time :   20190619224959]
[2019-06-19 22:49:59]---[Computer Name: DESKTOP-DBQ5RNF]
[2019-06-19 22:49:59]---[IP Address:    fe80::f46d:2263:1009:478f]
[2019-06-19 22:49:59]---[OS Version:    Windows-10-10.0.18362-SP0]
[2019-06-19 22:49:59]---[Work-Flow:     snd]
[2019-06-19 22:49:59]---[Market:        eq]
[2019-06-19 22:49:59]---[Transaction N0:0aac4988b58eea2dfe1be915c6b9a13a]
[2019-06-19 22:49:59]---[---------------------------------]
[2019-06-19 22:49:59]---[sndeq process is working, looping, handling message]
[2019-06-19 22:50:01]---[Waiting for 2 second for the next loop]
[2019-06-19 22:50:01]---[sndeq process is working, looping, handling message]
[2019-06-19 22:50:03]---[Waiting for 2 second for the next loop]
[2019-06-19 22:50:03]---[sndeq process is working, looping, handling message]
[2019-06-19 22:50:05]---[Waiting for 2 second for the next loop]
[2019-06-19 22:50:05]---[sndeq process is working, looping, handling message]
[2019-06-19 22:50:07]---[Waiting for 2 second for the next loop]
[2019-06-19 22:50:07]---[sndeq process is working, looping, handling message]
[2019-06-19 22:50:09]---[Waiting for 2 second for the next loop]
[2019-06-19 22:50:09]---[sndeq process is working, looping, handling message]
