[2019-06-17 11:26:13]---[Log folder existed]
[2019-06-17 11:26:13]---[Question: Do you want to use default config? (Y/N answer) (Y for continue without editing):]
[2019-06-17 11:26:24]---[Answer: y]
[2019-06-17 11:26:24]---[Load config file successfully]
[2019-06-17 11:26:27]---[---------------------------------]
[2019-06-17 11:26:27]---[DATABASE INFO]
[2019-06-17 11:26:27]---[User:          vn]
[2019-06-17 11:26:27]---[Host Name:     100.168.1.21]
[2019-06-17 11:26:27]---[Port:          1521]
[2019-06-17 11:26:27]---[Service Name:  VIETNAM]
[2019-06-17 11:26:27]---[---------------------------------]
[2019-06-17 11:26:29]---[---------------------------------]
[2019-06-17 11:26:29]---[LOGIN INFO]
[2019-06-17 11:26:29]---[User:          vn]
[2019-06-17 11:26:29]---[Start Time :   20190617112627]
[2019-06-17 11:26:29]---[Computer Name: DESKTOP-DBQ5RNF.eps.com.vn]
[2019-06-17 11:26:29]---[IP Address:    fe80::fdb7:5c3f:3af8:59f9]
[2019-06-17 11:26:29]---[OS Version:    Windows-10-10.0.18362-SP0]
[2019-06-17 11:26:29]---[Transaction N0:ce26dfa8d670802123f59a43d875f752]
[2019-06-17 11:26:29]---[---------------------------------]
[2019-06-17 11:26:29]---[Now, 1 process is working, looping, handling message]
[2019-06-17 11:26:29]---[Handling VSD Messages]
[2019-06-17 11:26:30]---[---------------------------------]
[2019-06-17 11:26:30]---[LOGOUT INFO]
[2019-06-17 11:26:30]---[Transaction N0:ce26dfa8d670802123f59a43d875f752]
[2019-06-17 11:26:30]---[End Time :     20190617112630]
[2019-06-17 11:26:30]---[---------------------------------]
[2019-06-17 11:27:53]---[Log folder existed]
[2019-06-17 11:27:53]---[Question: Do you want to use default config? (Y/N answer) (Y for continue without editing):]
[2019-06-17 11:27:55]---[Answer: n]
[2019-06-17 11:27:55]---[Which key do you want to edit? (Type done to finish config)]
[2019-06-17 11:27:55]---[user]
[2019-06-17 11:27:55]---[password]
[2019-06-17 11:27:55]---[host]
[2019-06-17 11:27:55]---[port]
[2019-06-17 11:27:55]---[serviceName]
[2019-06-17 11:27:55]---[tableSession]
[2019-06-17 11:27:55]---[sleepTime]
[2019-06-17 11:28:05]---[Log folder existed]
[2019-06-17 11:28:05]---[Question: Do you want to use default config? (Y/N answer) (Y for continue without editing):]
[2019-06-17 11:28:06]---[Answer: n]
[2019-06-17 11:28:06]---[Which key do you want to edit? (Type done to finish config)]
[2019-06-17 11:28:06]---[user]
[2019-06-17 11:28:06]---[password]
[2019-06-17 11:28:06]---[host]
[2019-06-17 11:28:06]---[port]
[2019-06-17 11:28:06]---[serviceName]
[2019-06-17 11:28:06]---[tableSession]
[2019-06-17 11:28:06]---[sleepTime]
[2019-06-17 11:28:11]---[Input your new value:]
[2019-06-17 11:28:14]---[Which key do you want to edit? (Type done to finish config)]
[2019-06-17 11:28:14]---[user]
[2019-06-17 11:28:14]---[password]
[2019-06-17 11:28:14]---[host]
[2019-06-17 11:28:14]---[port]
[2019-06-17 11:28:14]---[serviceName]
[2019-06-17 11:28:14]---[tableSession]
[2019-06-17 11:28:14]---[sleepTime]
[2019-06-17 11:28:23]---[Load config file successfully]
[2019-06-17 11:28:23]---[---------------------------------]
[2019-06-17 11:28:23]---[DATABASE INFO]
[2019-06-17 11:28:23]---[User:          vn]
[2019-06-17 11:28:23]---[Host Name:     100.168.1.21]
[2019-06-17 11:28:23]---[Port:          1521]
[2019-06-17 11:28:23]---[Service Name:  VIETNAM]
[2019-06-17 11:28:23]---[---------------------------------]
[2019-06-17 11:28:25]---[---------------------------------]
[2019-06-17 11:28:25]---[LOGIN INFO]
[2019-06-17 11:28:25]---[User:          vn]
[2019-06-17 11:28:25]---[Start Time :   20190617112823]
[2019-06-17 11:28:25]---[Computer Name: DESKTOP-DBQ5RNF.eps.com.vn]
[2019-06-17 11:28:25]---[IP Address:    fe80::fdb7:5c3f:3af8:59f9]
[2019-06-17 11:28:25]---[OS Version:    Windows-10-10.0.18362-SP0]
[2019-06-17 11:28:25]---[Transaction N0:64683c2fd2c31d271a81a73df21260e4]
[2019-06-17 11:28:25]---[---------------------------------]
[2019-06-17 11:28:25]---[Now, 1 process is working, looping, handling message]
[2019-06-17 11:28:25]---[Handling VSD Messages]
[2019-06-17 11:28:26]---[---------------------------------]
[2019-06-17 11:28:26]---[LOGOUT INFO]
[2019-06-17 11:28:26]---[Transaction N0:64683c2fd2c31d271a81a73df21260e4]
[2019-06-17 11:28:26]---[End Time :     20190617112826]
[2019-06-17 11:28:26]---[---------------------------------]
[2019-06-17 13:09:34]---[Log folder existed]
[2019-06-17 13:09:34]---[Question: Do you want to use default config? (Y/N answer) (Y for continue without editing):]
[2019-06-17 13:09:35]---[Answer: n]
[2019-06-17 13:09:35]---[Which key do you want to edit? (Type done to finish config)]
[2019-06-17 13:09:35]---[user]
[2019-06-17 13:09:35]---[password]
[2019-06-17 13:09:35]---[host]
[2019-06-17 13:09:35]---[port]
[2019-06-17 13:09:35]---[serviceName]
[2019-06-17 13:09:35]---[tableSession]
[2019-06-17 13:09:35]---[sleepTime]
[2019-06-17 13:09:37]---[Key for edit: user]
[2019-06-17 13:09:37]---[Input your new value:]
[2019-06-17 13:09:43]---[Value for edit: vn]
[2019-06-17 13:09:43]---[Which key do you want to edit? (Type done to finish config)]
[2019-06-17 13:09:43]---[user]
[2019-06-17 13:09:43]---[password]
[2019-06-17 13:09:43]---[host]
[2019-06-17 13:09:43]---[port]
[2019-06-17 13:09:43]---[serviceName]
[2019-06-17 13:09:43]---[tableSession]
[2019-06-17 13:09:43]---[sleepTime]
[2019-06-17 13:09:52]---[Key for edit: done]
[2019-06-17 13:09:52]---[Load config file successfully]
[2019-06-17 13:09:53]---[---------------------------------]
[2019-06-17 13:09:53]---[DATABASE INFO]
[2019-06-17 13:09:53]---[User:          vn]
[2019-06-17 13:09:53]---[Host Name:     100.168.1.21]
[2019-06-17 13:09:53]---[Port:          1521]
[2019-06-17 13:09:53]---[Service Name:  VIETNAM]
[2019-06-17 13:09:53]---[---------------------------------]
[2019-06-17 13:09:53]---[---------------------------------]
[2019-06-17 13:09:53]---[LOGIN INFO]
[2019-06-17 13:09:53]---[User:          vn]
[2019-06-17 13:09:53]---[Start Time :   20190617130953]
[2019-06-17 13:09:53]---[Computer Name: DESKTOP-DBQ5RNF]
[2019-06-17 13:09:53]---[IP Address:    fe80::f46d:2263:1009:478f]
[2019-06-17 13:09:53]---[OS Version:    Windows-10-10.0.18362-SP0]
[2019-06-17 13:09:53]---[Transaction N0:4d301168b61223ec462e521731dbd6aa]
[2019-06-17 13:09:53]---[---------------------------------]
[2019-06-17 13:09:53]---[Now, 1 process is working, looping, handling message]
[2019-06-17 13:09:53]---[Handling VSD Messages]
[2019-06-17 13:09:55]---[Waiting for 2 second for the next loop]
[2019-06-17 13:09:55]---[Now, 1 process is working, looping, handling message]
[2019-06-17 13:09:55]---[Handling VSD Messages]
[2019-06-17 13:09:56]---[---------------------------------]
[2019-06-17 13:09:56]---[LOGOUT INFO]
[2019-06-17 13:09:56]---[Transaction N0:4d301168b61223ec462e521731dbd6aa]
[2019-06-17 13:09:56]---[End Time :     20190617130956]
[2019-06-17 13:09:56]---[---------------------------------]
[2019-06-17 13:13:02]---[Log folder existed]
[2019-06-17 13:13:02]---[Question: Do you want to use default config? (Y/N answer) (Y for continue without editing):]
[2019-06-17 13:13:07]---[Answer: n]
[2019-06-17 13:13:07]---[Which key do you want to edit? (Type done to finish config)]
[2019-06-17 13:13:07]---[user]
[2019-06-17 13:13:07]---[password]
[2019-06-17 13:13:07]---[host]
[2019-06-17 13:13:07]---[port]
[2019-06-17 13:13:07]---[serviceName]
[2019-06-17 13:13:07]---[tableSession]
[2019-06-17 13:13:07]---[sleepTime]
[2019-06-17 13:13:10]---[Key for edit: done]
[2019-06-17 13:13:10]---[Load config file successfully]
[2019-06-17 13:13:10]---[---------------------------------]
[2019-06-17 13:13:10]---[DATABASE INFO]
[2019-06-17 13:13:10]---[User:          vn]
[2019-06-17 13:13:10]---[Host Name:     100.168.1.21]
[2019-06-17 13:13:10]---[Port:          1521]
[2019-06-17 13:13:10]---[Service Name:  VIETNAM]
[2019-06-17 13:13:10]---[---------------------------------]
[2019-06-17 13:13:10]---[---------------------------------]
[2019-06-17 13:13:10]---[LOGIN INFO]
[2019-06-17 13:13:10]---[User:          vn]
[2019-06-17 13:13:10]---[Start Time :   20190617131310]
[2019-06-17 13:13:10]---[Computer Name: DESKTOP-DBQ5RNF]
[2019-06-17 13:13:10]---[IP Address:    fe80::f46d:2263:1009:478f]
[2019-06-17 13:13:10]---[OS Version:    Windows-10-10.0.18362-SP0]
[2019-06-17 13:13:10]---[Transaction N0:2c6f5960d2355eb9efc6e45e74878399]
[2019-06-17 13:13:10]---[---------------------------------]
[2019-06-17 13:13:10]---[Now, 1 process is working, looping, handling message]
[2019-06-17 13:13:10]---[Handling VSD Messages]
[2019-06-17 13:13:11]---[---------------------------------]
[2019-06-17 13:13:11]---[LOGOUT INFO]
[2019-06-17 13:13:11]---[Transaction N0:2c6f5960d2355eb9efc6e45e74878399]
[2019-06-17 13:13:11]---[End Time :     20190617131311]
[2019-06-17 13:13:11]---[---------------------------------]
[2019-06-17 13:13:22]---[Log folder existed]
[2019-06-17 13:13:22]---[Question: Do you want to use default config? (Y/N answer) (Y for continue without editing):]
[2019-06-17 13:13:24]---[Answer: y]
[2019-06-17 13:13:24]---[Load config file successfully]
[2019-06-17 13:13:24]---[---------------------------------]
[2019-06-17 13:13:24]---[DATABASE INFO]
[2019-06-17 13:13:24]---[User:          vn]
[2019-06-17 13:13:24]---[Host Name:     100.168.1.21]
[2019-06-17 13:13:24]---[Port:          1521]
[2019-06-17 13:13:24]---[Service Name:  VIETNAM]
[2019-06-17 13:13:24]---[---------------------------------]
[2019-06-17 13:13:24]---[---------------------------------]
[2019-06-17 13:13:24]---[LOGIN INFO]
[2019-06-17 13:13:24]---[User:          vn]
[2019-06-17 13:13:24]---[Start Time :   20190617131324]
[2019-06-17 13:13:24]---[Computer Name: DESKTOP-DBQ5RNF]
[2019-06-17 13:13:24]---[IP Address:    fe80::f46d:2263:1009:478f]
[2019-06-17 13:13:24]---[OS Version:    Windows-10-10.0.18362-SP0]
[2019-06-17 13:13:24]---[Transaction N0:13e76ce155e230c82c6bbe5c86bd178c]
[2019-06-17 13:13:24]---[---------------------------------]
[2019-06-17 13:13:24]---[Now, 1 process is working, looping, handling message]
[2019-06-17 13:13:24]---[Handling VSD Messages]
[2019-06-17 13:13:26]---[Waiting for 2 second for the next loop]
[2019-06-17 13:13:26]---[Now, 1 process is working, looping, handling message]
[2019-06-17 13:13:26]---[Handling VSD Messages]
[2019-06-17 13:13:26]---[---------------------------------]
[2019-06-17 13:13:26]---[LOGOUT INFO]
[2019-06-17 13:13:26]---[Transaction N0:13e76ce155e230c82c6bbe5c86bd178c]
[2019-06-17 13:13:26]---[End Time :     20190617131326]
[2019-06-17 13:13:26]---[---------------------------------]
[2019-06-17 13:25:00]---[Log folder existed]
[2019-06-17 13:25:00]---[Question: Do you want to use default config? (Y/N answer) (Y for continue without editing):]
[2019-06-17 13:25:07]---[Answer: y]
[2019-06-17 13:25:07]---[Load config file successfully]
[2019-06-17 13:25:07]---[---------------------------------]
[2019-06-17 13:25:07]---[DATABASE INFO]
[2019-06-17 13:25:07]---[User:          vn]
[2019-06-17 13:25:07]---[Host Name:     100.168.1.21]
[2019-06-17 13:25:07]---[Port:          1521]
[2019-06-17 13:25:07]---[Service Name:  VIETNAM]
[2019-06-17 13:25:07]---[---------------------------------]
[2019-06-17 13:25:07]---[---------------------------------]
[2019-06-17 13:25:07]---[LOGIN INFO]
[2019-06-17 13:25:07]---[User:          vn]
[2019-06-17 13:25:07]---[Start Time :   20190617132507]
[2019-06-17 13:25:07]---[Computer Name: DESKTOP-DBQ5RNF]
[2019-06-17 13:25:07]---[IP Address:    fe80::f46d:2263:1009:478f]
[2019-06-17 13:25:07]---[OS Version:    Windows-10-10.0.18362-SP0]
[2019-06-17 13:25:07]---[Transaction N0:7fb7cbb50b9ad2c3a0e116e8bd1f1611]
[2019-06-17 13:25:07]---[---------------------------------]
[2019-06-17 13:25:07]---[Now, 1 process is working, looping, handling message]
[2019-06-17 13:25:07]---[Handling VSD Messages]
[2019-06-17 13:25:09]---[Waiting for 2 second for the next loop]
[2019-06-17 13:25:09]---[Now, 1 process is working, looping, handling message]
[2019-06-17 13:25:09]---[Handling VSD Messages]
[2019-06-17 13:25:11]---[Waiting for 2 second for the next loop]
[2019-06-17 13:25:11]---[Now, 1 process is working, looping, handling message]
[2019-06-17 13:25:11]---[Handling VSD Messages]
[2019-06-17 13:25:11]---[---------------------------------]
[2019-06-17 13:25:11]---[LOGOUT INFO]
[2019-06-17 13:25:11]---[Transaction N0:7fb7cbb50b9ad2c3a0e116e8bd1f1611]
[2019-06-17 13:25:11]---[End Time :     20190617132511]
[2019-06-17 13:25:11]---[---------------------------------]
[2019-06-17 13:25:11]---[Log folder existed]
[2019-06-17 13:25:11]---[Question: Do you want to use default config? (Y/N answer) (Y for continue without editing):]
[2019-06-17 13:25:19]---[Answer: y]
[2019-06-17 13:25:19]---[Load config file successfully]
[2019-06-17 13:25:19]---[---------------------------------]
[2019-06-17 13:25:19]---[DATABASE INFO]
[2019-06-17 13:25:19]---[User:          vn]
[2019-06-17 13:25:19]---[Host Name:     100.168.1.21]
[2019-06-17 13:25:19]---[Port:          1521]
[2019-06-17 13:25:19]---[Service Name:  VIETNAM]
[2019-06-17 13:25:19]---[---------------------------------]
[2019-06-17 13:25:19]---[---------------------------------]
[2019-06-17 13:25:19]---[LOGIN INFO]
[2019-06-17 13:25:19]---[User:          vn]
[2019-06-17 13:25:19]---[Start Time :   20190617132519]
[2019-06-17 13:25:19]---[Computer Name: DESKTOP-DBQ5RNF]
[2019-06-17 13:25:19]---[IP Address:    fe80::f46d:2263:1009:478f]
[2019-06-17 13:25:19]---[OS Version:    Windows-10-10.0.18362-SP0]
[2019-06-17 13:25:19]---[Transaction N0:07fd540b74f9a312557cee9746a643ef]
[2019-06-17 13:25:19]---[---------------------------------]
[2019-06-17 13:25:19]---[Now, 1 process is working, looping, handling message]
[2019-06-17 13:25:19]---[Handling VSD Messages]
[2019-06-17 13:25:20]---[---------------------------------]
[2019-06-17 13:25:20]---[LOGOUT INFO]
[2019-06-17 13:25:20]---[Transaction N0:07fd540b74f9a312557cee9746a643ef]
[2019-06-17 13:25:20]---[End Time :     20190617132520]
[2019-06-17 13:25:20]---[---------------------------------]
[2019-06-17 13:43:24]---[Log folder existed]
[2019-06-17 13:43:24]---[Question: Do you want to use default config? (Y/N answer) (Y for continue without editing):]
[2019-06-17 13:43:24]---[Log folder existed]
[2019-06-17 13:43:24]---[Question: Do you want to use default config? (Y/N answer) (Y for continue without editing):]
[2019-06-17 13:43:33]---[Answer: y]
[2019-06-17 13:43:33]---[Load config file successfully]
[2019-06-17 13:43:33]---[---------------------------------]
[2019-06-17 13:43:33]---[DATABASE INFO]
[2019-06-17 13:43:33]---[User:          vn]
[2019-06-17 13:43:33]---[Host Name:     100.168.1.21]
[2019-06-17 13:43:33]---[Port:          1521]
[2019-06-17 13:43:33]---[Service Name:  VIETNAM]
[2019-06-17 13:43:33]---[---------------------------------]
[2019-06-17 13:43:33]---[---------------------------------]
[2019-06-17 13:43:33]---[LOGIN INFO]
[2019-06-17 13:43:33]---[User:          vn]
[2019-06-17 13:43:33]---[Start Time :   20190617134333]
[2019-06-17 13:43:33]---[Computer Name: DESKTOP-DBQ5RNF]
[2019-06-17 13:43:33]---[IP Address:    fe80::f46d:2263:1009:478f]
[2019-06-17 13:43:33]---[OS Version:    Windows-10-10.0.18362-SP0]
[2019-06-17 13:43:33]---[Transaction N0:b6518d6e114c4dd7ded8a4e5a2fb624c]
[2019-06-17 13:43:33]---[---------------------------------]
[2019-06-17 13:43:33]---[Now, 1 process is working, looping, handling message]
[2019-06-17 13:43:33]---[Handling VSD Messages]
[2019-06-17 13:43:35]---[Waiting for 2 second for the next loop]
[2019-06-17 13:43:35]---[Now, 1 process is working, looping, handling message]
[2019-06-17 13:43:35]---[Handling VSD Messages]
[2019-06-17 13:43:37]---[Waiting for 2 second for the next loop]
[2019-06-17 13:43:37]---[Now, 1 process is working, looping, handling message]
[2019-06-17 13:43:37]---[Handling VSD Messages]
[2019-06-17 13:43:39]---[Waiting for 2 second for the next loop]
[2019-06-17 13:43:39]---[Now, 1 process is working, looping, handling message]
[2019-06-17 13:43:39]---[Handling VSD Messages]
[2019-06-17 13:43:40]---[Answer: y]
[2019-06-17 13:43:40]---[Load config file successfully]
[2019-06-17 13:43:41]---[---------------------------------]
[2019-06-17 13:43:41]---[DATABASE INFO]
[2019-06-17 13:43:41]---[User:          vn]
[2019-06-17 13:43:41]---[Host Name:     100.168.1.21]
[2019-06-17 13:43:41]---[Port:          1521]
[2019-06-17 13:43:41]---[Service Name:  VIETNAM]
[2019-06-17 13:43:41]---[---------------------------------]
[2019-06-17 13:43:41]---[---------------------------------]
[2019-06-17 13:43:41]---[LOGIN INFO]
[2019-06-17 13:43:41]---[User:          vn]
[2019-06-17 13:43:41]---[Start Time :   20190617134341]
[2019-06-17 13:43:41]---[Computer Name: DESKTOP-DBQ5RNF]
[2019-06-17 13:43:41]---[IP Address:    fe80::f46d:2263:1009:478f]
[2019-06-17 13:43:41]---[OS Version:    Windows-10-10.0.18362-SP0]
[2019-06-17 13:43:41]---[Transaction N0:1c7604bad0efb534fa36b7d2e0fffbc6]
[2019-06-17 13:43:41]---[---------------------------------]
[2019-06-17 13:43:41]---[Now, 1 process is working, looping, handling message]
[2019-06-17 13:43:41]---[Handling VSD Messages]
[2019-06-17 13:43:41]---[Waiting for 2 second for the next loop]
[2019-06-17 13:43:41]---[Now, 1 process is working, looping, handling message]
[2019-06-17 13:43:41]---[Handling VSD Messages]
[2019-06-17 13:43:43]---[Waiting for 2 second for the next loop]
[2019-06-17 13:43:43]---[Now, 1 process is working, looping, handling message]
[2019-06-17 13:43:43]---[Handling VSD Messages]
[2019-06-17 13:43:43]---[Waiting for 2 second for the next loop]
[2019-06-17 13:43:43]---[Now, 1 process is working, looping, handling message]
[2019-06-17 13:43:43]---[Handling VSD Messages]
[2019-06-17 13:43:45]---[Waiting for 2 second for the next loop]
[2019-06-17 13:43:45]---[Now, 1 process is working, looping, handling message]
[2019-06-17 13:43:45]---[Handling VSD Messages]
[2019-06-17 13:43:45]---[Waiting for 2 second for the next loop]
[2019-06-17 13:43:45]---[Now, 1 process is working, looping, handling message]
[2019-06-17 13:43:45]---[Handling VSD Messages]
[2019-06-17 13:43:47]---[Waiting for 2 second for the next loop]
[2019-06-17 13:43:47]---[Now, 1 process is working, looping, handling message]
[2019-06-17 13:43:47]---[Handling VSD Messages]
[2019-06-17 13:43:47]---[Waiting for 2 second for the next loop]
[2019-06-17 13:43:47]---[Now, 1 process is working, looping, handling message]
[2019-06-17 13:43:47]---[Handling VSD Messages]
[2019-06-17 13:43:49]---[Waiting for 2 second for the next loop]
[2019-06-17 13:43:49]---[Now, 1 process is working, looping, handling message]
[2019-06-17 13:43:49]---[Handling VSD Messages]
[2019-06-17 13:43:49]---[Waiting for 2 second for the next loop]
[2019-06-17 13:43:49]---[Now, 1 process is working, looping, handling message]
[2019-06-17 13:43:49]---[Handling VSD Messages]
[2019-06-17 13:43:51]---[Waiting for 2 second for the next loop]
[2019-06-17 13:43:51]---[Now, 1 process is working, looping, handling message]
[2019-06-17 13:43:51]---[Handling VSD Messages]
[2019-06-17 13:43:51]---[Waiting for 2 second for the next loop]
[2019-06-17 13:43:51]---[Now, 1 process is working, looping, handling message]
[2019-06-17 13:43:51]---[Handling VSD Messages]
[2019-06-17 13:43:53]---[Waiting for 2 second for the next loop]
[2019-06-17 13:43:53]---[Now, 1 process is working, looping, handling message]
[2019-06-17 13:43:53]---[Handling VSD Messages]
[2019-06-17 13:43:53]---[Waiting for 2 second for the next loop]
[2019-06-17 13:43:53]---[Now, 1 process is working, looping, handling message]
[2019-06-17 13:43:53]---[Handling VSD Messages]
[2019-06-17 13:43:55]---[Waiting for 2 second for the next loop]
[2019-06-17 13:43:55]---[Now, 1 process is working, looping, handling message]
[2019-06-17 13:43:55]---[Handling VSD Messages]
[2019-06-17 13:43:55]---[Waiting for 2 second for the next loop]
[2019-06-17 13:43:55]---[Now, 1 process is working, looping, handling message]
[2019-06-17 13:43:55]---[Handling VSD Messages]
[2019-06-17 13:43:57]---[Waiting for 2 second for the next loop]
[2019-06-17 13:43:57]---[Now, 1 process is working, looping, handling message]
[2019-06-17 13:43:57]---[Handling VSD Messages]
[2019-06-17 13:43:57]---[Waiting for 2 second for the next loop]
[2019-06-17 13:43:57]---[Now, 1 process is working, looping, handling message]
[2019-06-17 13:43:57]---[Handling VSD Messages]
[2019-06-17 13:43:59]---[Waiting for 2 second for the next loop]
[2019-06-17 13:43:59]---[Now, 1 process is working, looping, handling message]
[2019-06-17 13:43:59]---[Handling VSD Messages]
[2019-06-17 13:43:59]---[Waiting for 2 second for the next loop]
[2019-06-17 13:43:59]---[Now, 1 process is working, looping, handling message]
[2019-06-17 13:43:59]---[Handling VSD Messages]
[2019-06-17 13:44:01]---[Waiting for 2 second for the next loop]
[2019-06-17 13:44:01]---[Now, 1 process is working, looping, handling message]
[2019-06-17 13:44:01]---[Handling VSD Messages]
[2019-06-17 13:44:01]---[Waiting for 2 second for the next loop]
[2019-06-17 13:44:01]---[Now, 1 process is working, looping, handling message]
[2019-06-17 13:44:01]---[Handling VSD Messages]
[2019-06-17 13:44:03]---[Waiting for 2 second for the next loop]
[2019-06-17 13:44:03]---[Now, 1 process is working, looping, handling message]
[2019-06-17 13:44:03]---[Handling VSD Messages]
[2019-06-17 13:44:03]---[Waiting for 2 second for the next loop]
[2019-06-17 13:44:03]---[Now, 1 process is working, looping, handling message]
[2019-06-17 13:44:03]---[Handling VSD Messages]
[2019-06-17 13:44:05]---[Waiting for 2 second for the next loop]
[2019-06-17 13:44:05]---[Now, 1 process is working, looping, handling message]
[2019-06-17 13:44:05]---[Handling VSD Messages]
[2019-06-17 13:44:05]---[Waiting for 2 second for the next loop]
[2019-06-17 13:44:05]---[Now, 1 process is working, looping, handling message]
[2019-06-17 13:44:05]---[Handling VSD Messages]
[2019-06-17 13:44:07]---[Waiting for 2 second for the next loop]
[2019-06-17 13:44:07]---[Now, 1 process is working, looping, handling message]
[2019-06-17 13:44:07]---[Handling VSD Messages]
[2019-06-17 13:44:07]---[Waiting for 2 second for the next loop]
[2019-06-17 13:44:07]---[Now, 1 process is working, looping, handling message]
[2019-06-17 13:44:07]---[Handling VSD Messages]
[2019-06-17 13:44:09]---[Waiting for 2 second for the next loop]
[2019-06-17 13:44:09]---[Now, 1 process is working, looping, handling message]
[2019-06-17 13:44:09]---[Handling VSD Messages]
[2019-06-17 13:44:09]---[Waiting for 2 second for the next loop]
[2019-06-17 13:44:09]---[Now, 1 process is working, looping, handling message]
[2019-06-17 13:44:09]---[Handling VSD Messages]
[2019-06-17 13:47:41]---[Log folder existed]
[2019-06-17 13:47:41]---[Question: Do you want to use default config? (Y/N answer) (Y for continue without editing):]
[2019-06-17 13:47:41]---[Log folder existed]
[2019-06-17 13:47:41]---[Log folder existed]
[2019-06-17 13:47:41]---[Question: Do you want to use default config? (Y/N answer) (Y for continue without editing):]
[2019-06-17 13:47:41]---[Question: Do you want to use default config? (Y/N answer) (Y for continue without editing):]
[2019-06-17 13:47:58]---[Answer: y]
[2019-06-17 13:47:58]---[Load config file successfully]
[2019-06-17 13:47:58]---[---------------------------------]
[2019-06-17 13:47:58]---[DATABASE INFO]
[2019-06-17 13:47:58]---[User:          vn]
[2019-06-17 13:47:58]---[Host Name:     100.168.1.21]
[2019-06-17 13:47:58]---[Port:          1521]
[2019-06-17 13:47:58]---[Service Name:  VIETNAM]
[2019-06-17 13:47:58]---[---------------------------------]
[2019-06-17 13:47:58]---[---------------------------------]
[2019-06-17 13:47:58]---[LOGIN INFO]
[2019-06-17 13:47:58]---[User:          vn]
[2019-06-17 13:47:58]---[Start Time :   20190617134758]
[2019-06-17 13:47:58]---[Computer Name: DESKTOP-DBQ5RNF]
[2019-06-17 13:47:58]---[IP Address:    fe80::f46d:2263:1009:478f]
[2019-06-17 13:47:58]---[OS Version:    Windows-10-10.0.18362-SP0]
[2019-06-17 13:47:58]---[Transaction N0:311a27c4af848a2c1964ec60cd9b4ac4]
[2019-06-17 13:47:58]---[---------------------------------]
[2019-06-17 13:47:58]---[Now, 1 process is working, looping, handling message]
[2019-06-17 13:47:58]---[Handling VSD Messages]
[2019-06-17 13:48:00]---[Waiting for 2 second for the next loop]
[2019-06-17 13:48:00]---[Now, 1 process is working, looping, handling message]
[2019-06-17 13:48:00]---[Handling VSD Messages]
[2019-06-17 13:48:00]---[Answer: y]
[2019-06-17 13:48:00]---[Load config file successfully]
[2019-06-17 13:48:00]---[---------------------------------]
[2019-06-17 13:48:00]---[DATABASE INFO]
[2019-06-17 13:48:00]---[User:          vn]
[2019-06-17 13:48:00]---[Host Name:     100.168.1.21]
[2019-06-17 13:48:00]---[Port:          1521]
[2019-06-17 13:48:00]---[Service Name:  VIETNAM]
[2019-06-17 13:48:00]---[---------------------------------]
[2019-06-17 13:48:00]---[---------------------------------]
[2019-06-17 13:48:00]---[LOGIN INFO]
[2019-06-17 13:48:00]---[User:          vn]
[2019-06-17 13:48:00]---[Start Time :   20190617134800]
[2019-06-17 13:48:00]---[Computer Name: DESKTOP-DBQ5RNF]
[2019-06-17 13:48:00]---[IP Address:    fe80::f46d:2263:1009:478f]
[2019-06-17 13:48:00]---[OS Version:    Windows-10-10.0.18362-SP0]
[2019-06-17 13:48:00]---[Transaction N0:2c6141bab37a1a0d6c611d5463204a96]
[2019-06-17 13:48:00]---[---------------------------------]
[2019-06-17 13:48:00]---[Now, 1 process is working, looping, handling message]
[2019-06-17 13:48:00]---[Handling VSD Messages]
[2019-06-17 13:48:02]---[Answer: y]
[2019-06-17 13:48:02]---[Load config file successfully]
[2019-06-17 13:48:02]---[---------------------------------]
[2019-06-17 13:48:02]---[DATABASE INFO]
[2019-06-17 13:48:02]---[User:          vn]
[2019-06-17 13:48:02]---[Host Name:     100.168.1.21]
[2019-06-17 13:48:02]---[Port:          1521]
[2019-06-17 13:48:02]---[Service Name:  VIETNAM]
[2019-06-17 13:48:02]---[---------------------------------]
[2019-06-17 13:48:02]---[---------------------------------]
[2019-06-17 13:48:02]---[LOGIN INFO]
[2019-06-17 13:48:02]---[User:          vn]
[2019-06-17 13:48:02]---[Start Time :   20190617134802]
[2019-06-17 13:48:02]---[Computer Name: DESKTOP-DBQ5RNF]
[2019-06-17 13:48:02]---[IP Address:    fe80::f46d:2263:1009:478f]
[2019-06-17 13:48:02]---[OS Version:    Windows-10-10.0.18362-SP0]
[2019-06-17 13:48:02]---[Transaction N0:1c32eb399fe14a45b3648a380036f4ac]
[2019-06-17 13:48:02]---[---------------------------------]
[2019-06-17 13:48:02]---[Now, 1 process is working, looping, handling message]
[2019-06-17 13:48:02]---[Handling VSD Messages]
[2019-06-17 13:48:02]---[Waiting for 2 second for the next loop]
[2019-06-17 13:48:02]---[Now, 1 process is working, looping, handling message]
[2019-06-17 13:48:02]---[Handling VSD Messages]
[2019-06-17 13:48:02]---[Waiting for 2 second for the next loop]
[2019-06-17 13:48:02]---[Now, 1 process is working, looping, handling message]
[2019-06-17 13:48:02]---[Handling VSD Messages]
[2019-06-17 13:48:04]---[Waiting for 2 second for the next loop]
[2019-06-17 13:48:04]---[Now, 1 process is working, looping, handling message]
[2019-06-17 13:48:04]---[Handling VSD Messages]
[2019-06-17 13:48:04]---[Waiting for 2 second for the next loop]
[2019-06-17 13:48:04]---[Now, 1 process is working, looping, handling message]
[2019-06-17 13:48:04]---[Handling VSD Messages]
[2019-06-17 13:48:04]---[Waiting for 2 second for the next loop]
[2019-06-17 13:48:04]---[Now, 1 process is working, looping, handling message]
[2019-06-17 13:48:04]---[Handling VSD Messages]
[2019-06-17 13:48:06]---[Waiting for 2 second for the next loop]
[2019-06-17 13:48:06]---[Now, 1 process is working, looping, handling message]
[2019-06-17 13:48:06]---[Handling VSD Messages]
[2019-06-17 13:48:06]---[Waiting for 2 second for the next loop]
[2019-06-17 13:48:06]---[Now, 1 process is working, looping, handling message]
[2019-06-17 13:48:06]---[Handling VSD Messages]
[2019-06-17 13:48:06]---[Waiting for 2 second for the next loop]
[2019-06-17 13:48:06]---[Now, 1 process is working, looping, handling message]
[2019-06-17 13:48:06]---[Handling VSD Messages]
[2019-06-17 13:48:08]---[Waiting for 2 second for the next loop]
[2019-06-17 13:48:08]---[Now, 1 process is working, looping, handling message]
[2019-06-17 13:48:08]---[Handling VSD Messages]
[2019-06-17 13:48:08]---[Waiting for 2 second for the next loop]
[2019-06-17 13:48:08]---[Now, 1 process is working, looping, handling message]
[2019-06-17 13:48:08]---[Handling VSD Messages]
[2019-06-17 13:48:08]---[Waiting for 2 second for the next loop]
[2019-06-17 13:48:08]---[Now, 1 process is working, looping, handling message]
[2019-06-17 13:48:08]---[Handling VSD Messages]
[2019-06-17 13:48:10]---[Waiting for 2 second for the next loop]
[2019-06-17 13:48:10]---[Now, 1 process is working, looping, handling message]
[2019-06-17 13:48:10]---[Handling VSD Messages]
[2019-06-17 13:48:10]---[Waiting for 2 second for the next loop]
[2019-06-17 13:48:10]---[Now, 1 process is working, looping, handling message]
[2019-06-17 13:48:10]---[Handling VSD Messages]
[2019-06-17 13:48:10]---[Waiting for 2 second for the next loop]
[2019-06-17 13:48:10]---[Now, 1 process is working, looping, handling message]
[2019-06-17 13:48:10]---[Handling VSD Messages]
[2019-06-17 13:48:12]---[Waiting for 2 second for the next loop]
[2019-06-17 13:48:12]---[Now, 1 process is working, looping, handling message]
[2019-06-17 13:48:12]---[Handling VSD Messages]
[2019-06-17 13:48:12]---[Waiting for 2 second for the next loop]
[2019-06-17 13:48:12]---[Now, 1 process is working, looping, handling message]
[2019-06-17 13:48:12]---[Handling VSD Messages]
[2019-06-17 13:48:12]---[Waiting for 2 second for the next loop]
[2019-06-17 13:48:12]---[Now, 1 process is working, looping, handling message]
[2019-06-17 13:48:12]---[Handling VSD Messages]
[2019-06-17 13:48:14]---[Waiting for 2 second for the next loop]
[2019-06-17 13:48:14]---[Now, 1 process is working, looping, handling message]
[2019-06-17 13:48:14]---[Handling VSD Messages]
[2019-06-17 13:48:14]---[Waiting for 2 second for the next loop]
[2019-06-17 13:48:14]---[Now, 1 process is working, looping, handling message]
[2019-06-17 13:48:14]---[Handling VSD Messages]
[2019-06-17 13:48:14]---[Waiting for 2 second for the next loop]
[2019-06-17 13:48:14]---[Now, 1 process is working, looping, handling message]
[2019-06-17 13:48:14]---[Handling VSD Messages]
[2019-06-17 13:48:14]---[---------------------------------]
[2019-06-17 13:48:14]---[LOGOUT INFO]
[2019-06-17 13:48:14]---[Transaction N0:1c32eb399fe14a45b3648a380036f4ac]
[2019-06-17 13:48:14]---[End Time :     20190617134814]
[2019-06-17 13:48:14]---[---------------------------------]
[2019-06-17 13:48:16]---[Waiting for 2 second for the next loop]
[2019-06-17 13:48:16]---[Now, 1 process is working, looping, handling message]
[2019-06-17 13:48:16]---[Handling VSD Messages]
[2019-06-17 13:48:16]---[Waiting for 2 second for the next loop]
[2019-06-17 13:48:16]---[Now, 1 process is working, looping, handling message]
[2019-06-17 13:48:16]---[Handling VSD Messages]
[2019-06-17 13:48:18]---[Waiting for 2 second for the next loop]
[2019-06-17 13:48:18]---[Now, 1 process is working, looping, handling message]
[2019-06-17 13:48:18]---[Handling VSD Messages]
[2019-06-17 13:48:18]---[Waiting for 2 second for the next loop]
[2019-06-17 13:48:18]---[Now, 1 process is working, looping, handling message]
[2019-06-17 13:48:18]---[Handling VSD Messages]
[2019-06-17 13:48:20]---[Waiting for 2 second for the next loop]
[2019-06-17 13:48:20]---[Now, 1 process is working, looping, handling message]
[2019-06-17 13:48:20]---[Handling VSD Messages]
[2019-06-17 13:48:20]---[---------------------------------]
[2019-06-17 13:48:20]---[LOGOUT INFO]
[2019-06-17 13:48:20]---[Transaction N0:2c6141bab37a1a0d6c611d5463204a96]
[2019-06-17 13:48:20]---[End Time :     20190617134820]
[2019-06-17 13:48:20]---[---------------------------------]
[2019-06-17 13:48:22]---[Waiting for 2 second for the next loop]
[2019-06-17 13:48:22]---[Now, 1 process is working, looping, handling message]
[2019-06-17 13:48:22]---[Handling VSD Messages]
[2019-06-17 13:48:23]---[---------------------------------]
[2019-06-17 13:48:23]---[LOGOUT INFO]
[2019-06-17 13:48:23]---[Transaction N0:311a27c4af848a2c1964ec60cd9b4ac4]
[2019-06-17 13:48:23]---[End Time :     20190617134823]
[2019-06-17 13:48:23]---[---------------------------------]
[2019-06-17 14:15:56]---[Log folder existed]
[2019-06-17 14:15:56]---[Question: Do you want to use default config? (Y/N answer) (Y for continue without editing):]
[2019-06-17 14:15:56]---[Log folder existed]
[2019-06-17 14:15:56]---[Log folder existed]
[2019-06-17 14:15:56]---[Question: Do you want to use default config? (Y/N answer) (Y for continue without editing):]
[2019-06-17 14:15:59]---[Answer: y]
[2019-06-17 14:15:59]---[Load config file successfully]
[2019-06-17 14:15:59]---[---------------------------------]
[2019-06-17 14:15:59]---[DATABASE INFO]
[2019-06-17 14:16:00]---[User:          vn]
[2019-06-17 14:16:00]---[Host Name:     100.168.1.21]
[2019-06-17 14:16:00]---[Port:          1521]
[2019-06-17 14:16:00]---[Service Name:  VIETNAM]
[2019-06-17 14:16:00]---[---------------------------------]
[2019-06-17 14:16:00]---[---------------------------------]
[2019-06-17 14:16:00]---[LOGIN INFO]
[2019-06-17 14:16:00]---[User:          vn]
[2019-06-17 14:16:00]---[Start Time :   20190617141600]
[2019-06-17 14:16:00]---[Computer Name: DESKTOP-DBQ5RNF]
[2019-06-17 14:16:00]---[IP Address:    fe80::f46d:2263:1009:478f]
[2019-06-17 14:16:00]---[OS Version:    Windows-10-10.0.18362-SP0]
[2019-06-17 14:16:00]---[Transaction N0:c2465742de8bb19addf6e1fe0169e97c]
[2019-06-17 14:16:00]---[---------------------------------]
[2019-06-17 14:16:00]---[Now, 1 process is working, looping, handling message]
[2019-06-17 14:16:00]---[Handling VSD Messages]
[2019-06-17 14:16:01]---[---------------------------------]
[2019-06-17 14:16:01]---[LOGOUT INFO]
[2019-06-17 14:16:01]---[Transaction N0:c2465742de8bb19addf6e1fe0169e97c]
[2019-06-17 14:16:01]---[End Time :     20190617141601]
[2019-06-17 14:16:01]---[---------------------------------]
