[2019-06-24 10:24:23]---[Log folder existed]
[2019-06-24 10:24:23]---[Question: Do you want to use default config? (Y/N answer) (Y for continue without editing):]
[2019-06-24 10:24:25]---[Answer: y]
[2019-06-24 10:24:25]---[Load config file successfully]
[2019-06-24 10:24:28]---[---------------------------------]
[2019-06-24 10:24:28]---[DATABASE INFO]
[2019-06-24 10:24:28]---[User:          vn]
[2019-06-24 10:24:29]---[Host Name:     100.168.1.21]
[2019-06-24 10:24:29]---[Port:          1521]
[2019-06-24 10:24:29]---[Service Name:  VIETNAM]
[2019-06-24 10:24:29]---[---------------------------------]
[2019-06-24 10:24:29]---[---------------------------------]
[2019-06-24 10:24:29]---[LOGIN INFO]
[2019-06-24 10:24:29]---[User:          vn]
[2019-06-24 10:24:29]---[Start Time :   20190624102429]
[2019-06-24 10:24:29]---[Computer Name: DESKTOP-DBQ5RNF]
[2019-06-24 10:24:29]---[IP Address:    fe80::f46d:2263:1009:478f]
[2019-06-24 10:24:29]---[OS Version:    Windows-10-10.0.18362-SP0]
[2019-06-24 10:24:29]---[Work-Flow:     snd]
[2019-06-24 10:24:29]---[Market:        eq]
[2019-06-24 10:24:29]---[Transaction N0:296aa9e9f4b3078c34780f36d303b471]
[2019-06-24 10:24:29]---[---------------------------------]
[2019-06-24 10:24:29]---[sndeq process is working, looping, handling message]
[2019-06-24 10:24:29]---[Working with Record(s): 4]
[2019-06-24 10:24:29]---[Seq_no: 5225, Snd_tp: 1]
[2019-06-24 10:24:29]---[Seq_no: 5227, Snd_tp: 1]
[2019-06-24 10:24:29]---[Seq_no: 5239, Snd_tp: 1]
[2019-06-24 10:24:29]---[Seq_no: 5257, Snd_tp: 1]
[2019-06-24 10:30:11]---[Log folder existed]
[2019-06-24 10:30:11]---[Question: Do you want to use default config? (Y/N answer) (Y for continue without editing):]
[2019-06-24 10:30:12]---[Answer: y]
[2019-06-24 10:30:12]---[Load config file successfully]
[2019-06-24 10:30:12]---[---------------------------------]
[2019-06-24 10:30:12]---[DATABASE INFO]
[2019-06-24 10:30:12]---[User:          vn]
[2019-06-24 10:30:12]---[Host Name:     100.168.1.21]
[2019-06-24 10:30:12]---[Port:          1521]
[2019-06-24 10:30:12]---[Service Name:  VIETNAM]
[2019-06-24 10:30:12]---[---------------------------------]
[2019-06-24 10:30:12]---[---------------------------------]
[2019-06-24 10:30:12]---[LOGIN INFO]
[2019-06-24 10:30:12]---[User:          vn]
[2019-06-24 10:30:12]---[Start Time :   20190624103012]
[2019-06-24 10:30:12]---[Computer Name: DESKTOP-DBQ5RNF]
[2019-06-24 10:30:12]---[IP Address:    fe80::f46d:2263:1009:478f]
[2019-06-24 10:30:12]---[OS Version:    Windows-10-10.0.18362-SP0]
[2019-06-24 10:30:12]---[Work-Flow:     snd]
[2019-06-24 10:30:12]---[Market:        eq]
[2019-06-24 10:30:12]---[Transaction N0:9cfeb7f8e1ab7755fef2364eec809d1e]
[2019-06-24 10:30:12]---[---------------------------------]
[2019-06-24 10:30:12]---[sndeq process is working, looping, handling message]
[2019-06-24 10:30:12]---[Working with Record(s): 4]
[2019-06-24 10:30:12]---[Seq_no: 5225, Snd_tp: 1]
[2019-06-24 10:30:12]---[Seq_no: 5227, Snd_tp: 1]
[2019-06-24 10:30:12]---[Seq_no: 5239, Snd_tp: 1]
[2019-06-24 10:30:12]---[Seq_no: 5257, Snd_tp: 1]
[2019-06-24 10:30:28]---[Log folder existed]
[2019-06-24 10:30:28]---[Question: Do you want to use default config? (Y/N answer) (Y for continue without editing):]
[2019-06-24 10:30:29]---[Answer: y]
[2019-06-24 10:30:29]---[Load config file successfully]
[2019-06-24 10:30:29]---[---------------------------------]
[2019-06-24 10:30:29]---[DATABASE INFO]
[2019-06-24 10:30:29]---[User:          vn]
[2019-06-24 10:30:29]---[Host Name:     100.168.1.21]
[2019-06-24 10:30:29]---[Port:          1521]
[2019-06-24 10:30:29]---[Service Name:  VIETNAM]
[2019-06-24 10:30:29]---[---------------------------------]
[2019-06-24 10:30:29]---[---------------------------------]
[2019-06-24 10:30:29]---[LOGIN INFO]
[2019-06-24 10:30:29]---[User:          vn]
[2019-06-24 10:30:29]---[Start Time :   20190624103029]
[2019-06-24 10:30:29]---[Computer Name: DESKTOP-DBQ5RNF]
[2019-06-24 10:30:29]---[IP Address:    fe80::f46d:2263:1009:478f]
[2019-06-24 10:30:29]---[OS Version:    Windows-10-10.0.18362-SP0]
[2019-06-24 10:30:29]---[Work-Flow:     snd]
[2019-06-24 10:30:29]---[Market:        eq]
[2019-06-24 10:30:29]---[Transaction N0:fbe31793ff53e3ba7dee34442f848091]
[2019-06-24 10:30:29]---[---------------------------------]
[2019-06-24 10:30:29]---[sndeq process is working, looping, handling message]
[2019-06-24 10:30:29]---[Working with Record(s): 4]
[2019-06-24 10:30:29]---[Seq_no: 5225, Snd_tp: 1]
[2019-06-24 10:30:29]---[Seq_no: 5227, Snd_tp: 1]
[2019-06-24 10:30:29]---[Seq_no: 5239, Snd_tp: 1]
[2019-06-24 10:30:29]---[Seq_no: 5257, Snd_tp: 1]
[2019-06-24 10:31:08]---[Log folder existed]
[2019-06-24 10:31:08]---[Question: Do you want to use default config? (Y/N answer) (Y for continue without editing):]
[2019-06-24 10:31:08]---[Answer: y]
[2019-06-24 10:31:08]---[Load config file successfully]
[2019-06-24 10:31:08]---[---------------------------------]
[2019-06-24 10:31:08]---[DATABASE INFO]
[2019-06-24 10:31:08]---[User:          vn]
[2019-06-24 10:31:08]---[Host Name:     100.168.1.21]
[2019-06-24 10:31:08]---[Port:          1521]
[2019-06-24 10:31:08]---[Service Name:  VIETNAM]
[2019-06-24 10:31:08]---[---------------------------------]
[2019-06-24 10:31:08]---[---------------------------------]
[2019-06-24 10:31:08]---[LOGIN INFO]
[2019-06-24 10:31:09]---[User:          vn]
[2019-06-24 10:31:09]---[Start Time :   20190624103108]
[2019-06-24 10:31:09]---[Computer Name: DESKTOP-DBQ5RNF]
[2019-06-24 10:31:09]---[IP Address:    fe80::f46d:2263:1009:478f]
[2019-06-24 10:31:09]---[OS Version:    Windows-10-10.0.18362-SP0]
[2019-06-24 10:31:09]---[Work-Flow:     snd]
[2019-06-24 10:31:09]---[Market:        eq]
[2019-06-24 10:31:09]---[Transaction N0:4bd245fdb4ee4d2044d89d48e810c72d]
[2019-06-24 10:31:09]---[---------------------------------]
[2019-06-24 10:31:09]---[sndeq process is working, looping, handling message]
[2019-06-24 10:31:09]---[Working with Record(s): 4]
[2019-06-24 10:31:09]---[Seq_no: 5225, Snd_tp: 1]
[2019-06-24 10:31:09]---[Seq_no: 5227, Snd_tp: 1]
[2019-06-24 10:31:09]---[Seq_no: 5239, Snd_tp: 1]
[2019-06-24 10:31:09]---[Seq_no: 5257, Snd_tp: 1]
[2019-06-24 10:31:11]---[Waiting for 2 second for the next loop]
[2019-06-24 10:31:11]---[sndeq process is working, looping, handling message]
[2019-06-24 10:31:11]---[Working with Record(s): 4]
[2019-06-24 10:31:11]---[Seq_no: 5225, Snd_tp: 1]
[2019-06-24 10:31:11]---[Seq_no: 5227, Snd_tp: 1]
[2019-06-24 10:31:11]---[Seq_no: 5239, Snd_tp: 1]
[2019-06-24 10:31:11]---[Seq_no: 5257, Snd_tp: 1]
[2019-06-24 10:55:02]---[Log folder existed]
[2019-06-24 10:55:02]---[Question: Do you want to use default config? (Y/N answer) (Y for continue without editing):]
[2019-06-24 10:55:03]---[Answer: y]
[2019-06-24 10:55:03]---[Load config file successfully]
[2019-06-24 10:55:03]---[---------------------------------]
[2019-06-24 10:55:03]---[DATABASE INFO]
[2019-06-24 10:55:03]---[User:          vn]
[2019-06-24 10:55:03]---[Host Name:     100.168.1.21]
[2019-06-24 10:55:03]---[Port:          1521]
[2019-06-24 10:55:04]---[Service Name:  VIETNAM]
[2019-06-24 10:55:04]---[---------------------------------]
[2019-06-24 10:55:04]---[---------------------------------]
[2019-06-24 10:55:04]---[LOGIN INFO]
[2019-06-24 10:55:04]---[User:          vn]
[2019-06-24 10:55:04]---[Start Time :   20190624105504]
[2019-06-24 10:55:04]---[Computer Name: DESKTOP-DBQ5RNF]
[2019-06-24 10:55:04]---[IP Address:    fe80::f46d:2263:1009:478f]
[2019-06-24 10:55:04]---[OS Version:    Windows-10-10.0.18362-SP0]
[2019-06-24 10:55:04]---[Work-Flow:     snd]
[2019-06-24 10:55:04]---[Market:        eq]
[2019-06-24 10:55:04]---[Transaction N0:cf209443c4b395cf0cd5d61c1adf6427]
[2019-06-24 10:55:04]---[---------------------------------]
[2019-06-24 10:55:04]---[sndeq process is working, looping, handling message]
[2019-06-24 10:55:04]---[Working with Record(s): 4]
[2019-06-24 10:55:04]---[Seq_no: 5225, Snd_tp: 1]
[2019-06-24 10:55:04]---[Seq_no: 5227, Snd_tp: 1]
[2019-06-24 10:55:04]---[Seq_no: 5239, Snd_tp: 1]
[2019-06-24 10:55:04]---[Seq_no: 5257, Snd_tp: 1]
[2019-06-24 10:55:18]---[Log folder existed]
[2019-06-24 10:55:18]---[Question: Do you want to use default config? (Y/N answer) (Y for continue without editing):]
[2019-06-24 10:55:18]---[Answer: y]
[2019-06-24 10:55:18]---[Load config file successfully]
[2019-06-24 10:55:19]---[---------------------------------]
[2019-06-24 10:55:19]---[DATABASE INFO]
[2019-06-24 10:55:19]---[User:          vn]
[2019-06-24 10:55:19]---[Host Name:     100.168.1.21]
[2019-06-24 10:55:19]---[Port:          1521]
[2019-06-24 10:55:19]---[Service Name:  VIETNAM]
[2019-06-24 10:55:19]---[---------------------------------]
[2019-06-24 10:55:19]---[---------------------------------]
[2019-06-24 10:55:19]---[LOGIN INFO]
[2019-06-24 10:55:19]---[User:          vn]
[2019-06-24 10:55:19]---[Start Time :   20190624105519]
[2019-06-24 10:55:19]---[Computer Name: DESKTOP-DBQ5RNF]
[2019-06-24 10:55:19]---[IP Address:    fe80::f46d:2263:1009:478f]
[2019-06-24 10:55:19]---[OS Version:    Windows-10-10.0.18362-SP0]
[2019-06-24 10:55:19]---[Work-Flow:     snd]
[2019-06-24 10:55:19]---[Market:        eq]
[2019-06-24 10:55:19]---[Transaction N0:f11119b8153328dc9af25fc9bf0cc2e2]
[2019-06-24 10:55:19]---[---------------------------------]
[2019-06-24 10:55:19]---[sndeq process is working, looping, handling message]
[2019-06-24 10:55:19]---[Working with Record(s): 4]
[2019-06-24 10:55:19]---[Seq_no: 5225, Snd_tp: 1]
[2019-06-24 10:55:19]---[Seq_no: 5227, Snd_tp: 1]
[2019-06-24 10:55:19]---[Seq_no: 5239, Snd_tp: 1]
[2019-06-24 10:55:19]---[Seq_no: 5257, Snd_tp: 1]
[2019-06-24 10:57:46]---[Log folder existed]
[2019-06-24 10:57:46]---[Question: Do you want to use default config? (Y/N answer) (Y for continue without editing):]
[2019-06-24 10:57:47]---[Answer: y]
[2019-06-24 10:57:47]---[Load config file successfully]
[2019-06-24 10:57:47]---[---------------------------------]
[2019-06-24 10:57:47]---[DATABASE INFO]
[2019-06-24 10:57:47]---[User:          vn]
[2019-06-24 10:57:47]---[Host Name:     100.168.1.21]
[2019-06-24 10:57:47]---[Port:          1521]
[2019-06-24 10:57:47]---[Service Name:  VIETNAM]
[2019-06-24 10:57:47]---[---------------------------------]
[2019-06-24 10:57:47]---[---------------------------------]
[2019-06-24 10:57:47]---[LOGIN INFO]
[2019-06-24 10:57:47]---[User:          vn]
[2019-06-24 10:57:47]---[Start Time :   20190624105747]
[2019-06-24 10:57:47]---[Computer Name: DESKTOP-DBQ5RNF]
[2019-06-24 10:57:47]---[IP Address:    fe80::f46d:2263:1009:478f]
[2019-06-24 10:57:47]---[OS Version:    Windows-10-10.0.18362-SP0]
[2019-06-24 10:57:47]---[Work-Flow:     snd]
[2019-06-24 10:57:47]---[Market:        eq]
[2019-06-24 10:57:47]---[Transaction N0:2f8e4e642d23fe17ca786f31c026f67b]
[2019-06-24 10:57:47]---[---------------------------------]
[2019-06-24 10:57:47]---[sndeq process is working, looping, handling message]
[2019-06-24 10:57:47]---[Working with Record(s): 4]
[2019-06-24 10:57:47]---[Seq_no: 5225, Snd_tp: 1]
[2019-06-24 10:57:47]---[Seq_no: 5227, Snd_tp: 1]
[2019-06-24 10:57:47]---[Seq_no: 5239, Snd_tp: 1]
[2019-06-24 10:57:47]---[Seq_no: 5257, Snd_tp: 1]
[2019-06-24 10:58:34]---[Log folder existed]
[2019-06-24 10:58:34]---[Question: Do you want to use default config? (Y/N answer) (Y for continue without editing):]
[2019-06-24 10:58:34]---[Answer: y]
[2019-06-24 10:58:34]---[Load config file successfully]
[2019-06-24 10:58:34]---[---------------------------------]
[2019-06-24 10:58:34]---[DATABASE INFO]
[2019-06-24 10:58:34]---[User:          vn]
[2019-06-24 10:58:34]---[Host Name:     100.168.1.21]
[2019-06-24 10:58:34]---[Port:          1521]
[2019-06-24 10:58:34]---[Service Name:  VIETNAM]
[2019-06-24 10:58:34]---[---------------------------------]
[2019-06-24 10:58:34]---[---------------------------------]
[2019-06-24 10:58:34]---[LOGIN INFO]
[2019-06-24 10:58:34]---[User:          vn]
[2019-06-24 10:58:34]---[Start Time :   20190624105834]
[2019-06-24 10:58:34]---[Computer Name: DESKTOP-DBQ5RNF]
[2019-06-24 10:58:34]---[IP Address:    fe80::f46d:2263:1009:478f]
[2019-06-24 10:58:34]---[OS Version:    Windows-10-10.0.18362-SP0]
[2019-06-24 10:58:34]---[Work-Flow:     snd]
[2019-06-24 10:58:34]---[Market:        eq]
[2019-06-24 10:58:34]---[Transaction N0:300fff9de8c628cec7dabac6d6f6398b]
[2019-06-24 10:58:34]---[---------------------------------]
[2019-06-24 10:58:34]---[sndeq process is working, looping, handling message]
[2019-06-24 10:58:34]---[Working with Record(s): 4]
[2019-06-24 10:58:35]---[Seq_no: 5225, Snd_tp: 1]
[2019-06-24 10:58:35]---[Seq_no: 5227, Snd_tp: 1]
[2019-06-24 10:58:35]---[Seq_no: 5239, Snd_tp: 1]
[2019-06-24 10:58:35]---[Seq_no: 5257, Snd_tp: 1]
[2019-06-24 11:01:43]---[Log folder existed]
[2019-06-24 11:01:43]---[Question: Do you want to use default config? (Y/N answer) (Y for continue without editing):]
[2019-06-24 11:01:43]---[Answer: y]
[2019-06-24 11:01:43]---[Load config file successfully]
[2019-06-24 11:01:43]---[---------------------------------]
[2019-06-24 11:01:43]---[DATABASE INFO]
[2019-06-24 11:01:43]---[User:          vn]
[2019-06-24 11:01:43]---[Host Name:     100.168.1.21]
[2019-06-24 11:01:43]---[Port:          1521]
[2019-06-24 11:01:43]---[Service Name:  VIETNAM]
[2019-06-24 11:01:43]---[---------------------------------]
[2019-06-24 11:01:43]---[---------------------------------]
[2019-06-24 11:01:43]---[LOGIN INFO]
[2019-06-24 11:01:43]---[User:          vn]
[2019-06-24 11:01:43]---[Start Time :   20190624110143]
[2019-06-24 11:01:43]---[Computer Name: DESKTOP-DBQ5RNF]
[2019-06-24 11:01:43]---[IP Address:    fe80::f46d:2263:1009:478f]
[2019-06-24 11:01:43]---[OS Version:    Windows-10-10.0.18362-SP0]
[2019-06-24 11:01:43]---[Work-Flow:     snd]
[2019-06-24 11:01:43]---[Market:        eq]
[2019-06-24 11:01:43]---[Transaction N0:7ec0b8159b149008c5977dc54f7cc32a]
[2019-06-24 11:01:44]---[---------------------------------]
[2019-06-24 11:01:44]---[sndeq process is working, looping, handling message]
[2019-06-24 11:01:44]---[Working with Record(s): 4]
[2019-06-24 11:01:44]---[Seq_no: 5225, Snd_tp: 1]
[2019-06-24 11:01:44]---[Seq_no: 5227, Snd_tp: 1]
[2019-06-24 11:01:44]---[Seq_no: 5239, Snd_tp: 1]
[2019-06-24 11:01:44]---[Seq_no: 5257, Snd_tp: 1]
[2019-06-24 11:02:44]---[Log folder existed]
[2019-06-24 11:02:44]---[Question: Do you want to use default config? (Y/N answer) (Y for continue without editing):]
[2019-06-24 11:02:45]---[Answer: y]
[2019-06-24 11:02:45]---[Load config file successfully]
[2019-06-24 11:02:45]---[---------------------------------]
[2019-06-24 11:02:45]---[DATABASE INFO]
[2019-06-24 11:02:45]---[User:          vn]
[2019-06-24 11:02:45]---[Host Name:     100.168.1.21]
[2019-06-24 11:02:45]---[Port:          1521]
[2019-06-24 11:02:45]---[Service Name:  VIETNAM]
[2019-06-24 11:02:45]---[---------------------------------]
[2019-06-24 11:02:45]---[---------------------------------]
[2019-06-24 11:02:45]---[LOGIN INFO]
[2019-06-24 11:02:45]---[User:          vn]
[2019-06-24 11:02:45]---[Start Time :   20190624110245]
[2019-06-24 11:02:45]---[Computer Name: DESKTOP-DBQ5RNF]
[2019-06-24 11:02:45]---[IP Address:    fe80::f46d:2263:1009:478f]
[2019-06-24 11:02:45]---[OS Version:    Windows-10-10.0.18362-SP0]
[2019-06-24 11:02:45]---[Work-Flow:     snd]
[2019-06-24 11:02:45]---[Market:        eq]
[2019-06-24 11:02:45]---[Transaction N0:0c5af1641db1dc2571db1304c8947805]
[2019-06-24 11:02:45]---[---------------------------------]
[2019-06-24 11:02:45]---[sndeq process is working, looping, handling message]
[2019-06-24 11:02:45]---[Working with Record(s): 4]
[2019-06-24 11:02:45]---[Seq_no: 5225, Snd_tp: 1]
[2019-06-24 11:02:45]---[Seq_no: 5227, Snd_tp: 1]
[2019-06-24 11:02:45]---[Seq_no: 5239, Snd_tp: 1]
[2019-06-24 11:02:45]---[Seq_no: 5257, Snd_tp: 1]
[2019-06-24 11:04:30]---[Log folder existed]
[2019-06-24 11:04:30]---[Question: Do you want to use default config? (Y/N answer) (Y for continue without editing):]
[2019-06-24 11:04:31]---[Answer: y]
[2019-06-24 11:04:31]---[Load config file successfully]
[2019-06-24 11:04:31]---[---------------------------------]
[2019-06-24 11:04:31]---[DATABASE INFO]
[2019-06-24 11:04:31]---[User:          vn]
[2019-06-24 11:04:31]---[Host Name:     100.168.1.21]
[2019-06-24 11:04:31]---[Port:          1521]
[2019-06-24 11:04:31]---[Service Name:  VIETNAM]
[2019-06-24 11:04:31]---[---------------------------------]
[2019-06-24 11:04:31]---[---------------------------------]
[2019-06-24 11:04:31]---[LOGIN INFO]
[2019-06-24 11:04:31]---[User:          vn]
[2019-06-24 11:04:31]---[Start Time :   20190624110431]
[2019-06-24 11:04:31]---[Computer Name: DESKTOP-DBQ5RNF]
[2019-06-24 11:04:31]---[IP Address:    fe80::f46d:2263:1009:478f]
[2019-06-24 11:04:31]---[OS Version:    Windows-10-10.0.18362-SP0]
[2019-06-24 11:04:31]---[Work-Flow:     snd]
[2019-06-24 11:04:31]---[Market:        eq]
[2019-06-24 11:04:31]---[Transaction N0:d8a3ed4e872500d8b8b3d317dd2ce070]
[2019-06-24 11:04:31]---[---------------------------------]
[2019-06-24 11:04:31]---[sndeq process is working, looping, handling message]
[2019-06-24 11:04:31]---[Working with Record(s): 4]
[2019-06-24 11:04:31]---[Seq_no: 5225, Snd_tp: 1]
[2019-06-24 11:04:31]---[Seq_no: 5227, Snd_tp: 1]
[2019-06-24 11:04:31]---[Seq_no: 5239, Snd_tp: 1]
[2019-06-24 11:04:31]---[Seq_no: 5257, Snd_tp: 1]
[2019-06-24 11:05:43]---[Log folder existed]
[2019-06-24 11:05:43]---[Question: Do you want to use default config? (Y/N answer) (Y for continue without editing):]
[2019-06-24 11:05:44]---[Answer: y]
[2019-06-24 11:05:44]---[Load config file successfully]
[2019-06-24 11:05:44]---[---------------------------------]
[2019-06-24 11:05:44]---[DATABASE INFO]
[2019-06-24 11:05:44]---[User:          vn]
[2019-06-24 11:05:44]---[Host Name:     100.168.1.21]
[2019-06-24 11:05:44]---[Port:          1521]
[2019-06-24 11:05:44]---[Service Name:  VIETNAM]
[2019-06-24 11:05:44]---[---------------------------------]
[2019-06-24 11:05:44]---[---------------------------------]
[2019-06-24 11:05:44]---[LOGIN INFO]
[2019-06-24 11:05:44]---[User:          vn]
[2019-06-24 11:05:44]---[Start Time :   20190624110544]
[2019-06-24 11:05:44]---[Computer Name: DESKTOP-DBQ5RNF]
[2019-06-24 11:05:44]---[IP Address:    fe80::f46d:2263:1009:478f]
[2019-06-24 11:05:44]---[OS Version:    Windows-10-10.0.18362-SP0]
[2019-06-24 11:05:44]---[Work-Flow:     snd]
[2019-06-24 11:05:44]---[Market:        eq]
[2019-06-24 11:05:44]---[Transaction N0:f9efc34b3e6c0ce7f6525e98ca290cfe]
[2019-06-24 11:05:44]---[---------------------------------]
[2019-06-24 11:05:44]---[sndeq process is working, looping, handling message]
[2019-06-24 11:05:44]---[Working with Record(s): 4]
[2019-06-24 11:05:44]---[Seq_no: 5225, Snd_tp: 1]
[2019-06-24 11:05:44]---[Seq_no: 5227, Snd_tp: 1]
[2019-06-24 11:05:44]---[Seq_no: 5239, Snd_tp: 1]
[2019-06-24 11:05:44]---[Seq_no: 5257, Snd_tp: 1]
[2019-06-24 11:06:28]---[Log folder existed]
[2019-06-24 11:06:28]---[Question: Do you want to use default config? (Y/N answer) (Y for continue without editing):]
[2019-06-24 11:06:29]---[Answer: y]
[2019-06-24 11:06:29]---[Load config file successfully]
[2019-06-24 11:06:29]---[---------------------------------]
[2019-06-24 11:06:29]---[DATABASE INFO]
[2019-06-24 11:06:29]---[User:          vn]
[2019-06-24 11:06:29]---[Host Name:     100.168.1.21]
[2019-06-24 11:06:29]---[Port:          1521]
[2019-06-24 11:06:29]---[Service Name:  VIETNAM]
[2019-06-24 11:06:29]---[---------------------------------]
[2019-06-24 11:06:29]---[---------------------------------]
[2019-06-24 11:06:29]---[LOGIN INFO]
[2019-06-24 11:06:29]---[User:          vn]
[2019-06-24 11:06:29]---[Start Time :   20190624110629]
[2019-06-24 11:06:29]---[Computer Name: DESKTOP-DBQ5RNF]
[2019-06-24 11:06:29]---[IP Address:    fe80::f46d:2263:1009:478f]
[2019-06-24 11:06:29]---[OS Version:    Windows-10-10.0.18362-SP0]
[2019-06-24 11:06:29]---[Work-Flow:     snd]
[2019-06-24 11:06:29]---[Market:        eq]
[2019-06-24 11:06:29]---[Transaction N0:3f65a2432000a58605f4bf9ae4bd40fe]
[2019-06-24 11:06:29]---[---------------------------------]
[2019-06-24 11:06:29]---[sndeq process is working, looping, handling message]
[2019-06-24 11:06:29]---[Working with Record(s): 4]
[2019-06-24 11:06:29]---[Seq_no: 5225, Snd_tp: 1]
[2019-06-24 11:06:29]---[Seq_no: 5227, Snd_tp: 1]
[2019-06-24 11:06:29]---[Seq_no: 5239, Snd_tp: 1]
[2019-06-24 11:06:29]---[Seq_no: 5257, Snd_tp: 1]
[2019-06-24 11:16:33]---[Log folder existed]
[2019-06-24 11:16:33]---[Question: Do you want to use default config? (Y/N answer) (Y for continue without editing):]
[2019-06-24 11:16:34]---[Answer: y]
[2019-06-24 11:16:34]---[Load config file successfully]
[2019-06-24 11:16:34]---[---------------------------------]
[2019-06-24 11:16:34]---[DATABASE INFO]
[2019-06-24 11:16:34]---[User:          vn]
[2019-06-24 11:16:34]---[Host Name:     100.168.1.21]
[2019-06-24 11:16:34]---[Port:          1521]
[2019-06-24 11:16:34]---[Service Name:  VIETNAM]
[2019-06-24 11:16:34]---[---------------------------------]
[2019-06-24 11:16:34]---[---------------------------------]
[2019-06-24 11:16:34]---[LOGIN INFO]
[2019-06-24 11:16:34]---[User:          vn]
[2019-06-24 11:16:34]---[Start Time :   20190624111634]
[2019-06-24 11:16:34]---[Computer Name: DESKTOP-DBQ5RNF]
[2019-06-24 11:16:34]---[IP Address:    fe80::f46d:2263:1009:478f]
[2019-06-24 11:16:34]---[OS Version:    Windows-10-10.0.18362-SP0]
[2019-06-24 11:16:34]---[Work-Flow:     snd]
[2019-06-24 11:16:34]---[Market:        eq]
[2019-06-24 11:16:34]---[Transaction N0:4559a939671e57ca8a18b6364885a5ee]
[2019-06-24 11:16:34]---[---------------------------------]
[2019-06-24 11:16:34]---[sndeq process is working, looping, handling message]
[2019-06-24 11:16:34]---[Working with Record(s): 4]
[2019-06-24 11:16:34]---[Seq_no: 5225, Snd_tp: 1]
[2019-06-24 11:16:34]---[Seq_no: 5227, Snd_tp: 1]
[2019-06-24 11:16:34]---[Seq_no: 5239, Snd_tp: 1]
[2019-06-24 11:16:34]---[Seq_no: 5257, Snd_tp: 1]
[2019-06-24 11:16:57]---[Log folder existed]
[2019-06-24 11:16:57]---[Question: Do you want to use default config? (Y/N answer) (Y for continue without editing):]
[2019-06-24 11:16:57]---[Answer: y]
[2019-06-24 11:16:57]---[Load config file successfully]
[2019-06-24 11:16:57]---[---------------------------------]
[2019-06-24 11:16:57]---[DATABASE INFO]
[2019-06-24 11:16:57]---[User:          vn]
[2019-06-24 11:16:57]---[Host Name:     100.168.1.21]
[2019-06-24 11:16:57]---[Port:          1521]
[2019-06-24 11:16:57]---[Service Name:  VIETNAM]
[2019-06-24 11:16:57]---[---------------------------------]
[2019-06-24 11:16:57]---[---------------------------------]
[2019-06-24 11:16:57]---[LOGIN INFO]
[2019-06-24 11:16:57]---[User:          vn]
[2019-06-24 11:16:57]---[Start Time :   20190624111657]
[2019-06-24 11:16:57]---[Computer Name: DESKTOP-DBQ5RNF]
[2019-06-24 11:16:57]---[IP Address:    fe80::f46d:2263:1009:478f]
[2019-06-24 11:16:57]---[OS Version:    Windows-10-10.0.18362-SP0]
[2019-06-24 11:16:57]---[Work-Flow:     snd]
[2019-06-24 11:16:57]---[Market:        eq]
[2019-06-24 11:16:57]---[Transaction N0:eb6a7144b0dcae6cd784582936d0ba29]
[2019-06-24 11:16:57]---[---------------------------------]
[2019-06-24 11:16:57]---[sndeq process is working, looping, handling message]
[2019-06-24 11:16:57]---[Working with Record(s): 4]
[2019-06-24 11:16:57]---[Seq_no: 5225, Snd_tp: 1]
[2019-06-24 11:16:58]---[Seq_no: 5227, Snd_tp: 1]
[2019-06-24 11:16:58]---[Seq_no: 5239, Snd_tp: 1]
[2019-06-24 11:16:58]---[Seq_no: 5257, Snd_tp: 1]
[2019-06-24 11:17:21]---[Log folder existed]
[2019-06-24 11:17:21]---[Question: Do you want to use default config? (Y/N answer) (Y for continue without editing):]
[2019-06-24 11:17:21]---[Answer: y]
[2019-06-24 11:17:21]---[Load config file successfully]
[2019-06-24 11:17:22]---[---------------------------------]
[2019-06-24 11:17:22]---[DATABASE INFO]
[2019-06-24 11:17:22]---[User:          vn]
[2019-06-24 11:17:22]---[Host Name:     100.168.1.21]
[2019-06-24 11:17:22]---[Port:          1521]
[2019-06-24 11:17:22]---[Service Name:  VIETNAM]
[2019-06-24 11:17:22]---[---------------------------------]
[2019-06-24 11:17:22]---[---------------------------------]
[2019-06-24 11:17:22]---[LOGIN INFO]
[2019-06-24 11:17:22]---[User:          vn]
[2019-06-24 11:17:22]---[Start Time :   20190624111722]
[2019-06-24 11:17:22]---[Computer Name: DESKTOP-DBQ5RNF]
[2019-06-24 11:17:22]---[IP Address:    fe80::f46d:2263:1009:478f]
[2019-06-24 11:17:22]---[OS Version:    Windows-10-10.0.18362-SP0]
[2019-06-24 11:17:22]---[Work-Flow:     snd]
[2019-06-24 11:17:22]---[Market:        eq]
[2019-06-24 11:17:22]---[Transaction N0:c0f3990d08c8944ca2bea5c8a2d53be2]
[2019-06-24 11:17:22]---[---------------------------------]
[2019-06-24 11:17:22]---[sndeq process is working, looping, handling message]
[2019-06-24 11:17:22]---[Working with Record(s): 4]
[2019-06-24 11:17:22]---[Seq_no: 5225, Snd_tp: 1]
[2019-06-24 11:17:22]---[Seq_no: 5227, Snd_tp: 1]
[2019-06-24 11:17:22]---[Seq_no: 5239, Snd_tp: 1]
[2019-06-24 11:17:22]---[Seq_no: 5257, Snd_tp: 1]
[2019-06-24 11:19:41]---[Log folder existed]
[2019-06-24 11:19:41]---[Question: Do you want to use default config? (Y/N answer) (Y for continue without editing):]
[2019-06-24 11:19:41]---[Answer: ]
[2019-06-24 11:19:41]---[Question: Do you want to use default config? (Y/N answer) (Y for continue without editing):]
[2019-06-24 11:19:42]---[Answer: y]
[2019-06-24 11:19:42]---[Load config file successfully]
[2019-06-24 11:19:42]---[---------------------------------]
[2019-06-24 11:19:42]---[DATABASE INFO]
[2019-06-24 11:19:42]---[User:          vn]
[2019-06-24 11:19:42]---[Host Name:     100.168.1.21]
[2019-06-24 11:19:42]---[Port:          1521]
[2019-06-24 11:19:42]---[Service Name:  VIETNAM]
[2019-06-24 11:19:42]---[---------------------------------]
[2019-06-24 11:19:42]---[---------------------------------]
[2019-06-24 11:19:42]---[LOGIN INFO]
[2019-06-24 11:19:42]---[User:          vn]
[2019-06-24 11:19:42]---[Start Time :   20190624111942]
[2019-06-24 11:19:42]---[Computer Name: DESKTOP-DBQ5RNF]
[2019-06-24 11:19:42]---[IP Address:    fe80::f46d:2263:1009:478f]
[2019-06-24 11:19:42]---[OS Version:    Windows-10-10.0.18362-SP0]
[2019-06-24 11:19:42]---[Work-Flow:     snd]
[2019-06-24 11:19:42]---[Market:        eq]
[2019-06-24 11:19:42]---[Transaction N0:f40c70f0d7e10aec00c0d8da2e2270de]
[2019-06-24 11:19:42]---[---------------------------------]
[2019-06-24 11:19:42]---[sndeq process is working, looping, handling message]
[2019-06-24 11:19:42]---[Working with Record(s): 4]
[2019-06-24 11:19:42]---[Seq_no: 5225, Snd_tp: 1]
[2019-06-24 11:19:42]---[Seq_no: 5227, Snd_tp: 1]
[2019-06-24 11:19:42]---[Seq_no: 5239, Snd_tp: 1]
[2019-06-24 11:19:42]---[Seq_no: 5257, Snd_tp: 1]
[2019-06-24 11:19:44]---[Waiting for 2 second for the next loop]
[2019-06-24 11:19:44]---[sndeq process is working, looping, handling message]
[2019-06-24 11:19:44]---[Working with Record(s): 4]
[2019-06-24 11:19:44]---[Seq_no: 5225, Snd_tp: 1]
[2019-06-24 11:19:44]---[Seq_no: 5227, Snd_tp: 1]
[2019-06-24 11:19:44]---[Seq_no: 5239, Snd_tp: 1]
[2019-06-24 11:19:44]---[Seq_no: 5257, Snd_tp: 1]
[2019-06-24 11:21:30]---[Log folder existed]
[2019-06-24 11:21:30]---[Question: Do you want to use default config? (Y/N answer) (Y for continue without editing):]
[2019-06-24 11:21:31]---[Answer: y]
[2019-06-24 11:21:31]---[Load config file successfully]
[2019-06-24 11:21:31]---[---------------------------------]
[2019-06-24 11:21:31]---[DATABASE INFO]
[2019-06-24 11:21:31]---[User:          vn]
[2019-06-24 11:21:31]---[Host Name:     100.168.1.21]
[2019-06-24 11:21:31]---[Port:          1521]
[2019-06-24 11:21:31]---[Service Name:  VIETNAM]
[2019-06-24 11:21:31]---[---------------------------------]
[2019-06-24 11:21:31]---[---------------------------------]
[2019-06-24 11:21:31]---[LOGIN INFO]
[2019-06-24 11:21:31]---[User:          vn]
[2019-06-24 11:21:31]---[Start Time :   20190624112131]
[2019-06-24 11:21:31]---[Computer Name: DESKTOP-DBQ5RNF]
[2019-06-24 11:21:31]---[IP Address:    fe80::f46d:2263:1009:478f]
[2019-06-24 11:21:31]---[OS Version:    Windows-10-10.0.18362-SP0]
[2019-06-24 11:21:31]---[Work-Flow:     snd]
[2019-06-24 11:21:31]---[Market:        eq]
[2019-06-24 11:21:31]---[Transaction N0:fab05c93158e294a871748aaac498740]
[2019-06-24 11:21:31]---[---------------------------------]
[2019-06-24 11:21:31]---[sndeq process is working, looping, handling message]
[2019-06-24 11:21:31]---[Working with Record(s): 4]
[2019-06-24 11:21:31]---[Seq_no: 5225, Snd_tp: 1]
[2019-06-24 11:21:31]---[Seq_no: 5227, Snd_tp: 1]
[2019-06-24 11:21:31]---[Seq_no: 5239, Snd_tp: 1]
[2019-06-24 11:21:31]---[Seq_no: 5257, Snd_tp: 1]
[2019-06-24 11:23:00]---[Log folder existed]
[2019-06-24 11:23:00]---[Question: Do you want to use default config? (Y/N answer) (Y for continue without editing):]
[2019-06-24 11:23:00]---[Answer: y]
[2019-06-24 11:23:00]---[Load config file successfully]
[2019-06-24 11:23:01]---[---------------------------------]
[2019-06-24 11:23:01]---[DATABASE INFO]
[2019-06-24 11:23:01]---[User:          vn]
[2019-06-24 11:23:01]---[Host Name:     100.168.1.21]
[2019-06-24 11:23:01]---[Port:          1521]
[2019-06-24 11:23:01]---[Service Name:  VIETNAM]
[2019-06-24 11:23:01]---[---------------------------------]
[2019-06-24 11:23:01]---[---------------------------------]
[2019-06-24 11:23:01]---[LOGIN INFO]
[2019-06-24 11:23:01]---[User:          vn]
[2019-06-24 11:23:01]---[Start Time :   20190624112301]
[2019-06-24 11:23:01]---[Computer Name: DESKTOP-DBQ5RNF]
[2019-06-24 11:23:01]---[IP Address:    fe80::f46d:2263:1009:478f]
[2019-06-24 11:23:01]---[OS Version:    Windows-10-10.0.18362-SP0]
[2019-06-24 11:23:01]---[Work-Flow:     snd]
[2019-06-24 11:23:01]---[Market:        eq]
[2019-06-24 11:23:01]---[Transaction N0:dd8e80a46b3d53e12cbb780356cc40f7]
[2019-06-24 11:23:01]---[---------------------------------]
[2019-06-24 11:23:01]---[sndeq process is working, looping, handling message]
[2019-06-24 11:23:01]---[Working with Record(s): 4]
[2019-06-24 11:23:01]---[Seq_no: 5225, Snd_tp: 1]
[2019-06-24 11:23:01]---[Seq_no: 5227, Snd_tp: 1]
[2019-06-24 11:23:01]---[Seq_no: 5239, Snd_tp: 1]
[2019-06-24 11:23:01]---[Seq_no: 5257, Snd_tp: 1]
[2019-06-24 11:24:03]---[Log folder existed]
[2019-06-24 11:24:03]---[Question: Do you want to use default config? (Y/N answer) (Y for continue without editing):]
[2019-06-24 11:24:04]---[Answer: y]
[2019-06-24 11:24:04]---[Load config file successfully]
[2019-06-24 11:24:04]---[---------------------------------]
[2019-06-24 11:24:04]---[DATABASE INFO]
[2019-06-24 11:24:04]---[User:          vn]
[2019-06-24 11:24:04]---[Host Name:     100.168.1.21]
[2019-06-24 11:24:04]---[Port:          1521]
[2019-06-24 11:24:04]---[Service Name:  VIETNAM]
[2019-06-24 11:24:04]---[---------------------------------]
[2019-06-24 11:24:04]---[---------------------------------]
[2019-06-24 11:24:04]---[LOGIN INFO]
[2019-06-24 11:24:04]---[User:          vn]
[2019-06-24 11:24:04]---[Start Time :   20190624112404]
[2019-06-24 11:24:04]---[Computer Name: DESKTOP-DBQ5RNF]
[2019-06-24 11:24:04]---[IP Address:    fe80::f46d:2263:1009:478f]
[2019-06-24 11:24:04]---[OS Version:    Windows-10-10.0.18362-SP0]
[2019-06-24 11:24:04]---[Work-Flow:     snd]
[2019-06-24 11:24:04]---[Market:        eq]
[2019-06-24 11:24:04]---[Transaction N0:f47a1b72709ba706514ac641e3e32910]
[2019-06-24 11:24:04]---[---------------------------------]
[2019-06-24 11:24:04]---[sndeq process is working, looping, handling message]
[2019-06-24 11:24:04]---[Working with Record(s): 4]
[2019-06-24 11:24:04]---[Seq_no: 5225, Snd_tp: 1]
[2019-06-24 11:24:04]---[Seq_no: 5227, Snd_tp: 1]
[2019-06-24 11:24:04]---[Seq_no: 5239, Snd_tp: 1]
[2019-06-24 11:24:04]---[Seq_no: 5257, Snd_tp: 1]
[2019-06-24 11:24:47]---[Log folder existed]
[2019-06-24 11:24:47]---[Question: Do you want to use default config? (Y/N answer) (Y for continue without editing):]
[2019-06-24 11:24:47]---[Answer: y]
[2019-06-24 11:24:47]---[Load config file successfully]
[2019-06-24 11:24:47]---[---------------------------------]
[2019-06-24 11:24:47]---[DATABASE INFO]
[2019-06-24 11:24:47]---[User:          vn]
[2019-06-24 11:24:47]---[Host Name:     100.168.1.21]
[2019-06-24 11:24:47]---[Port:          1521]
[2019-06-24 11:24:47]---[Service Name:  VIETNAM]
[2019-06-24 11:24:47]---[---------------------------------]
[2019-06-24 11:24:47]---[---------------------------------]
[2019-06-24 11:24:47]---[LOGIN INFO]
[2019-06-24 11:24:47]---[User:          vn]
[2019-06-24 11:24:47]---[Start Time :   20190624112447]
[2019-06-24 11:24:47]---[Computer Name: DESKTOP-DBQ5RNF]
[2019-06-24 11:24:47]---[IP Address:    fe80::f46d:2263:1009:478f]
[2019-06-24 11:24:47]---[OS Version:    Windows-10-10.0.18362-SP0]
[2019-06-24 11:24:47]---[Work-Flow:     snd]
[2019-06-24 11:24:47]---[Market:        eq]
[2019-06-24 11:24:47]---[Transaction N0:e7d9c4137937e1c1446b786d7673e6f7]
[2019-06-24 11:24:47]---[---------------------------------]
[2019-06-24 11:24:47]---[sndeq process is working, looping, handling message]
[2019-06-24 11:24:47]---[Working with Record(s): 4]
[2019-06-24 11:24:47]---[Seq_no: 5225, Snd_tp: 1]
[2019-06-24 11:24:47]---[Seq_no: 5227, Snd_tp: 1]
[2019-06-24 11:24:47]---[Seq_no: 5239, Snd_tp: 1]
[2019-06-24 11:24:47]---[Seq_no: 5257, Snd_tp: 1]
[2019-06-24 11:25:24]---[Log folder existed]
[2019-06-24 11:25:24]---[Question: Do you want to use default config? (Y/N answer) (Y for continue without editing):]
[2019-06-24 11:25:25]---[Answer: y]
[2019-06-24 11:25:25]---[Load config file successfully]
[2019-06-24 11:25:25]---[---------------------------------]
[2019-06-24 11:25:25]---[DATABASE INFO]
[2019-06-24 11:25:25]---[User:          vn]
[2019-06-24 11:25:25]---[Host Name:     100.168.1.21]
[2019-06-24 11:25:25]---[Port:          1521]
[2019-06-24 11:25:25]---[Service Name:  VIETNAM]
[2019-06-24 11:25:25]---[---------------------------------]
[2019-06-24 11:25:25]---[---------------------------------]
[2019-06-24 11:25:25]---[LOGIN INFO]
[2019-06-24 11:25:25]---[User:          vn]
[2019-06-24 11:25:25]---[Start Time :   20190624112525]
[2019-06-24 11:25:25]---[Computer Name: DESKTOP-DBQ5RNF]
[2019-06-24 11:25:25]---[IP Address:    fe80::f46d:2263:1009:478f]
[2019-06-24 11:25:25]---[OS Version:    Windows-10-10.0.18362-SP0]
[2019-06-24 11:25:25]---[Work-Flow:     snd]
[2019-06-24 11:25:25]---[Market:        eq]
[2019-06-24 11:25:25]---[Transaction N0:91822ff65f0f53013ab4d53d2d0aa9bc]
[2019-06-24 11:25:25]---[---------------------------------]
[2019-06-24 11:25:25]---[sndeq process is working, looping, handling message]
[2019-06-24 11:25:25]---[Working with Record(s): 4]
[2019-06-24 11:25:25]---[Seq_no: 5225, Snd_tp: 1]
[2019-06-24 11:25:25]---[Seq_no: 5227, Snd_tp: 1]
[2019-06-24 11:25:25]---[Seq_no: 5239, Snd_tp: 1]
[2019-06-24 11:25:25]---[Seq_no: 5257, Snd_tp: 1]
[2019-06-24 11:25:27]---[Waiting for 2 second for the next loop]
[2019-06-24 11:25:27]---[sndeq process is working, looping, handling message]
[2019-06-24 11:25:27]---[Working with Record(s): 4]
[2019-06-24 11:25:27]---[Seq_no: 5225, Snd_tp: 1]
[2019-06-24 11:25:27]---[Seq_no: 5227, Snd_tp: 1]
[2019-06-24 11:25:27]---[Seq_no: 5239, Snd_tp: 1]
[2019-06-24 11:25:27]---[Seq_no: 5257, Snd_tp: 1]
[2019-06-24 11:27:11]---[Log folder existed]
[2019-06-24 11:27:11]---[Question: Do you want to use default config? (Y/N answer) (Y for continue without editing):]
[2019-06-24 11:27:12]---[Answer: y]
[2019-06-24 11:27:12]---[Load config file successfully]
[2019-06-24 11:27:12]---[---------------------------------]
[2019-06-24 11:27:12]---[DATABASE INFO]
[2019-06-24 11:27:12]---[User:          vn]
[2019-06-24 11:27:12]---[Host Name:     100.168.1.21]
[2019-06-24 11:27:12]---[Port:          1521]
[2019-06-24 11:27:12]---[Service Name:  VIETNAM]
[2019-06-24 11:27:12]---[---------------------------------]
[2019-06-24 11:27:12]---[---------------------------------]
[2019-06-24 11:27:12]---[LOGIN INFO]
[2019-06-24 11:27:12]---[User:          vn]
[2019-06-24 11:27:12]---[Start Time :   20190624112712]
[2019-06-24 11:27:12]---[Computer Name: DESKTOP-DBQ5RNF]
[2019-06-24 11:27:12]---[IP Address:    fe80::f46d:2263:1009:478f]
[2019-06-24 11:27:12]---[OS Version:    Windows-10-10.0.18362-SP0]
[2019-06-24 11:27:12]---[Work-Flow:     snd]
[2019-06-24 11:27:12]---[Market:        eq]
[2019-06-24 11:27:12]---[Transaction N0:e071657dd3b277032a97cf9ffe3d7d47]
[2019-06-24 11:27:12]---[---------------------------------]
[2019-06-24 11:27:12]---[sndeq process is working, looping, handling message]
[2019-06-24 11:27:12]---[Working with Record(s): 4]
[2019-06-24 11:27:12]---[Seq_no: 5225, Snd_tp: 1]
[2019-06-24 11:27:12]---[Seq_no: 5227, Snd_tp: 1]
[2019-06-24 11:27:12]---[Seq_no: 5239, Snd_tp: 1]
[2019-06-24 11:27:12]---[Seq_no: 5257, Snd_tp: 1]
[2019-06-24 11:27:14]---[Waiting for 2 second for the next loop]
[2019-06-24 11:27:14]---[sndeq process is working, looping, handling message]
[2019-06-24 11:27:14]---[Working with Record(s): 4]
[2019-06-24 11:27:14]---[Seq_no: 5225, Snd_tp: 1]
[2019-06-24 11:27:14]---[Seq_no: 5227, Snd_tp: 1]
[2019-06-24 11:27:14]---[Seq_no: 5239, Snd_tp: 1]
[2019-06-24 11:27:14]---[Seq_no: 5257, Snd_tp: 1]
[2019-06-24 11:29:27]---[Log folder existed]
[2019-06-24 11:29:27]---[Question: Do you want to use default config? (Y/N answer) (Y for continue without editing):]
[2019-06-24 11:29:28]---[Answer: y]
[2019-06-24 11:29:28]---[Load config file successfully]
[2019-06-24 11:29:29]---[---------------------------------]
[2019-06-24 11:29:29]---[DATABASE INFO]
[2019-06-24 11:29:29]---[User:          vn]
[2019-06-24 11:29:29]---[Host Name:     100.168.1.21]
[2019-06-24 11:29:29]---[Port:          1521]
[2019-06-24 11:29:29]---[Service Name:  VIETNAM]
[2019-06-24 11:29:29]---[---------------------------------]
[2019-06-24 11:29:29]---[---------------------------------]
[2019-06-24 11:29:29]---[LOGIN INFO]
[2019-06-24 11:29:29]---[User:          vn]
[2019-06-24 11:29:29]---[Start Time :   20190624112929]
[2019-06-24 11:29:29]---[Computer Name: DESKTOP-DBQ5RNF]
[2019-06-24 11:29:29]---[IP Address:    fe80::f46d:2263:1009:478f]
[2019-06-24 11:29:29]---[OS Version:    Windows-10-10.0.18362-SP0]
[2019-06-24 11:29:29]---[Work-Flow:     snd]
[2019-06-24 11:29:29]---[Market:        eq]
[2019-06-24 11:29:29]---[Transaction N0:732b9d7ab308e19005eca4a45db6155c]
[2019-06-24 11:29:29]---[---------------------------------]
[2019-06-24 11:29:29]---[sndeq process is working, looping, handling message]
[2019-06-24 11:29:29]---[Working with Record(s): 4]
[2019-06-24 11:29:29]---[Seq_no: 5225, Snd_tp: 1]
[2019-06-24 11:29:29]---[Seq_no: 5227, Snd_tp: 1]
[2019-06-24 11:29:29]---[Seq_no: 5239, Snd_tp: 1]
[2019-06-24 11:29:29]---[Seq_no: 5257, Snd_tp: 1]
[2019-06-24 11:30:55]---[Log folder existed]
[2019-06-24 11:30:55]---[Question: Do you want to use default config? (Y/N answer) (Y for continue without editing):]
[2019-06-24 11:30:55]---[Answer: y]
[2019-06-24 11:30:55]---[Load config file successfully]
[2019-06-24 11:30:56]---[---------------------------------]
[2019-06-24 11:30:56]---[DATABASE INFO]
[2019-06-24 11:30:56]---[User:          vn]
[2019-06-24 11:30:56]---[Host Name:     100.168.1.21]
[2019-06-24 11:30:56]---[Port:          1521]
[2019-06-24 11:30:56]---[Service Name:  VIETNAM]
[2019-06-24 11:30:56]---[---------------------------------]
[2019-06-24 11:30:56]---[---------------------------------]
[2019-06-24 11:30:56]---[LOGIN INFO]
[2019-06-24 11:30:56]---[User:          vn]
[2019-06-24 11:30:56]---[Start Time :   20190624113056]
[2019-06-24 11:30:56]---[Computer Name: DESKTOP-DBQ5RNF]
[2019-06-24 11:30:56]---[IP Address:    fe80::f46d:2263:1009:478f]
[2019-06-24 11:30:56]---[OS Version:    Windows-10-10.0.18362-SP0]
[2019-06-24 11:30:56]---[Work-Flow:     snd]
[2019-06-24 11:30:56]---[Market:        eq]
[2019-06-24 11:30:56]---[Transaction N0:4aefd22a8bf4c4d87bf500d610784a51]
[2019-06-24 11:30:56]---[---------------------------------]
[2019-06-24 11:30:56]---[sndeq process is working, looping, handling message]
[2019-06-24 11:30:56]---[Working with Record(s): 4]
[2019-06-24 11:30:56]---[Seq_no: 5225, Snd_tp: 1]
[2019-06-24 11:30:56]---[Seq_no: 5227, Snd_tp: 1]
[2019-06-24 11:30:56]---[Seq_no: 5239, Snd_tp: 1]
[2019-06-24 11:30:56]---[Seq_no: 5257, Snd_tp: 1]
[2019-06-24 11:31:28]---[Log folder existed]
[2019-06-24 11:31:28]---[Question: Do you want to use default config? (Y/N answer) (Y for continue without editing):]
[2019-06-24 11:31:29]---[Answer: y]
[2019-06-24 11:31:29]---[Load config file successfully]
[2019-06-24 11:31:29]---[---------------------------------]
[2019-06-24 11:31:29]---[DATABASE INFO]
[2019-06-24 11:31:29]---[User:          vn]
[2019-06-24 11:31:29]---[Host Name:     100.168.1.21]
[2019-06-24 11:31:29]---[Port:          1521]
[2019-06-24 11:31:29]---[Service Name:  VIETNAM]
[2019-06-24 11:31:29]---[---------------------------------]
[2019-06-24 11:31:29]---[---------------------------------]
[2019-06-24 11:31:29]---[LOGIN INFO]
[2019-06-24 11:31:29]---[User:          vn]
[2019-06-24 11:31:29]---[Start Time :   20190624113129]
[2019-06-24 11:31:29]---[Computer Name: DESKTOP-DBQ5RNF]
[2019-06-24 11:31:29]---[IP Address:    fe80::f46d:2263:1009:478f]
[2019-06-24 11:31:29]---[OS Version:    Windows-10-10.0.18362-SP0]
[2019-06-24 11:31:29]---[Work-Flow:     snd]
[2019-06-24 11:31:29]---[Market:        eq]
[2019-06-24 11:31:29]---[Transaction N0:1b13060b650c4e2b89fb109ba484dc27]
[2019-06-24 11:31:29]---[---------------------------------]
[2019-06-24 11:31:29]---[sndeq process is working, looping, handling message]
[2019-06-24 11:31:30]---[Working with Record(s): 4]
[2019-06-24 11:31:30]---[Seq_no: 5225, Snd_tp: 1]
[2019-06-24 11:31:30]---[Seq_no: 5227, Snd_tp: 1]
[2019-06-24 11:31:30]---[Seq_no: 5239, Snd_tp: 1]
[2019-06-24 11:31:30]---[Seq_no: 5257, Snd_tp: 1]
[2019-06-24 13:06:03]---[Log folder existed]
[2019-06-24 13:06:03]---[Question: Do you want to use default config? (Y/N answer) (Y for continue without editing):]
[2019-06-24 13:06:04]---[Answer: y]
[2019-06-24 13:06:04]---[Load config file successfully]
[2019-06-24 13:06:04]---[---------------------------------]
[2019-06-24 13:06:04]---[DATABASE INFO]
[2019-06-24 13:06:04]---[User:          vn]
[2019-06-24 13:06:04]---[Host Name:     100.168.1.21]
[2019-06-24 13:06:04]---[Port:          1521]
[2019-06-24 13:06:04]---[Service Name:  VIETNAM]
[2019-06-24 13:06:04]---[---------------------------------]
[2019-06-24 13:06:04]---[---------------------------------]
[2019-06-24 13:06:04]---[LOGIN INFO]
[2019-06-24 13:06:04]---[User:          vn]
[2019-06-24 13:06:04]---[Start Time :   20190624130604]
[2019-06-24 13:06:04]---[Computer Name: DESKTOP-DBQ5RNF]
[2019-06-24 13:06:04]---[IP Address:    fe80::f46d:2263:1009:478f]
[2019-06-24 13:06:04]---[OS Version:    Windows-10-10.0.18362-SP0]
[2019-06-24 13:06:04]---[Work-Flow:     snd]
[2019-06-24 13:06:04]---[Market:        eq]
[2019-06-24 13:06:04]---[Transaction N0:2c9bb390fe8c794af5f81f81fbf0c9e2]
[2019-06-24 13:06:04]---[---------------------------------]
[2019-06-24 13:06:04]---[sndeq process is working, looping, handling message]
[2019-06-24 13:06:04]---[Working with Record(s): 4]
[2019-06-24 13:06:04]---[Seq_no: 5225, Snd_tp: 1]
[2019-06-24 13:06:04]---[Seq_no: 5227, Snd_tp: 1]
[2019-06-24 13:06:04]---[Seq_no: 5239, Snd_tp: 1]
[2019-06-24 13:06:04]---[Seq_no: 5257, Snd_tp: 1]
[2019-06-24 13:32:23]---[Log folder existed]
[2019-06-24 13:32:23]---[Question: Do you want to use default config? (Y/N answer) (Y for continue without editing):]
[2019-06-24 13:32:24]---[Answer: y]
[2019-06-24 13:32:24]---[Load config file successfully]
[2019-06-24 13:32:24]---[---------------------------------]
[2019-06-24 13:32:24]---[DATABASE INFO]
[2019-06-24 13:32:24]---[User:          vn]
[2019-06-24 13:32:24]---[Host Name:     100.168.1.21]
[2019-06-24 13:32:24]---[Port:          1521]
[2019-06-24 13:32:24]---[Service Name:  VIETNAM]
[2019-06-24 13:32:24]---[---------------------------------]
[2019-06-24 13:32:24]---[---------------------------------]
[2019-06-24 13:32:24]---[LOGIN INFO]
[2019-06-24 13:32:24]---[User:          vn]
[2019-06-24 13:32:24]---[Start Time :   20190624133224]
[2019-06-24 13:32:24]---[Computer Name: DESKTOP-DBQ5RNF]
[2019-06-24 13:32:24]---[IP Address:    fe80::f46d:2263:1009:478f]
[2019-06-24 13:32:24]---[OS Version:    Windows-10-10.0.18362-SP0]
[2019-06-24 13:32:24]---[Work-Flow:     snd]
[2019-06-24 13:32:24]---[Market:        eq]
[2019-06-24 13:32:24]---[Transaction N0:adb2ffc3d8f54c48189c65e0ceef3b1f]
[2019-06-24 13:32:24]---[---------------------------------]
[2019-06-24 13:32:24]---[sndeq process is working, looping, handling message]
[2019-06-24 13:32:24]---[Working with Record(s): 4]
[2019-06-24 13:32:24]---[Seq_no: 5225, Snd_tp: 1]
[2019-06-24 13:32:24]---[Seq_no: 5227, Snd_tp: 1]
[2019-06-24 13:32:24]---[Seq_no: 5239, Snd_tp: 1]
[2019-06-24 13:32:24]---[Seq_no: 5257, Snd_tp: 1]
[2019-06-24 13:32:24]---[MT598_000182.fin]
[2019-06-24 13:32:24]---[{1:F01VSDVCSXXAXXX2222000182}{2:I598VSDSVN01XXNXX}{4:\n:20:5225\n:12:001\n:77E:NORMAL\n:16R:GENL\n:23G:NEWM\n:22H::ACCT//AOPN\n:98A::PREP//20190319\n:16S:GENL\n:16R:REGDET\n:97A::SAFE//057FIA0003\n:95Q::INVE//T?aa?m 05701\n:95S::ALTE/VISD/ARNU/AF/IA0003\n:98A::ISSU//20190105\n:94G::ISSU//VSD\n:94G::EMAI//\n:94G::PHON//123\n:94G::ADDR//112 Ho?af?ng Qu?oos?c Vi?eej?t 01\n:94D::CITY//\n:16S:REGDET\n-}{5:{MAC:00000000}{CHK:F1DBCA886BBF}{TNG:}}]
[2019-06-24 13:32:24]---[MT598_000183.fin]
[2019-06-24 13:32:24]---[{1:F01VSDVCSXXAXXX2222000183}{2:I598VSDSVN01XXNXX}{4:\n:20:5227\n:12:001\n:77E:NORMAL\n:16R:GENL\n:23G:NEWM\n:22H::ACCT//AOPN\n:98A::PREP//20190320\n:16S:GENL\n:16R:REGDET\n:97A::SAFE//057FCA0004\n:95Q::INVE//C?oo?ng ty CPCK KIS Korea\n:95S::ALTE/VISD/FIIN/KP/CA0004\n:98A::ISSU//20190105\n:94G::ISSU//VSD\n:94G::EMAI//\n:94G::PHON//1313131\n:94G::ADDR//Yeoidu, Seoul, Korea\n:94D::CITY//\n:16S:REGDET\n-}{5:{MAC:00000000}{CHK:F1DBCA886BBF}{TNG:}}]
[2019-06-24 13:32:24]---[MT540_000184.fin]
[2019-06-24 13:32:24]---[{1:F01VSDVCSXXAXXX2222000184}{2:I540VSDSVN02XXNXX}{4:\n:16R:GENL\n:20C::SEME//5239\n:23G:NEWM\n:98A::PREP//20190419\n:16S:GENL\n:16R:TRADDET\n:98A::SETT//20190419\n:35B:/VN/FPT\n:16R:FIA\n:12A::CLAS//NORM/1\n:16S:FIA\n:70E::SPRO//SHAR\n:16S:TRADDET\n:16R:FIAC\n:36B::SETT//UNIT/100000\n:70D::DENC//\n:95P::ACOW//VSDKISXX\n:97A::SAFE//057C000400\n:16S:FIAC\n:16R:SETDET\n:22F::SETR//TRAD\n:22F::STCO//PHYS\n:16R:SETPRTY\n:95P::PSET//VSDSVN02\n:16S:SETPRTY\n:16R:SETPRTY\n:95P::DEAG//VSDKISXX\n:16S:SETPRTY\n:16S:SETDET\n:16R:OTHRPRTY\n:95Q::INVE//Nguy?eex?n ?DD??if?nh D?ux?ng\n19770710\nVN\n:95S::ALTE/VISD/IDNO/VN/205170095\n:70E::REGI//\nQu?ar?ng Nam\n20081212\n:16S:OTHRPRTY\n-}{5:{MAC:00000000}{CHK:F1DBCA886BBF}{TNG:}}]
[2019-06-24 13:32:24]---[MT540_000185.fin]
[2019-06-24 13:32:24]---[{1:F01VSDVCSXXAXXX2222000185}{2:I540VSDSVN02XXNXX}{4:\n:16R:GENL\n:20C::SEME//5257\n:23G:NEWM\n:98A::PREP//20190513\n:16S:GENL\n:16R:TRADDET\n:98A::SETT//20190513\n:35B:/VN/HCM\n:16R:FIA\n:12A::CLAS//NORM/1\n:16S:FIA\n:70E::SPRO//SHAR\n:16S:TRADDET\n:16R:FIAC\n:36B::SETT//UNIT/10000\n:70D::DENC//\n:95P::ACOW//VSDKISXX\n:97A::SAFE//057C000555\n:16S:FIAC\n:16R:SETDET\n:22F::SETR//TRAD\n:22F::STCO//PHYS\n:16R:SETPRTY\n:95P::PSET//VSDSVN02\n:16S:SETPRTY\n:16R:SETPRTY\n:95P::DEAG//VSDKISXX\n:16S:SETPRTY\n:16S:SETDET\n:16R:OTHRPRTY\n:95Q::INVE//Ng?oo? Thanh H?uf?ng\n19700620\nVN\n:95S::ALTE/VISD/IDNO/VN/020162461\n:70E::REGI//\nTPHCM\n20051216\n:16S:OTHRPRTY\n-}{5:{MAC:00000000}{CHK:F1DBCA886BBF}{TNG:}}]
[2019-06-24 13:33:21]---[Log folder existed]
[2019-06-24 13:33:21]---[Question: Do you want to use default config? (Y/N answer) (Y for continue without editing):]
[2019-06-24 13:33:22]---[Answer: y]
[2019-06-24 13:33:22]---[Load config file successfully]
[2019-06-24 13:33:22]---[---------------------------------]
[2019-06-24 13:33:22]---[DATABASE INFO]
[2019-06-24 13:33:22]---[User:          vn]
[2019-06-24 13:33:22]---[Host Name:     100.168.1.21]
[2019-06-24 13:33:22]---[Port:          1521]
[2019-06-24 13:33:22]---[Service Name:  VIETNAM]
[2019-06-24 13:33:22]---[---------------------------------]
[2019-06-24 13:33:22]---[---------------------------------]
[2019-06-24 13:33:22]---[LOGIN INFO]
[2019-06-24 13:33:22]---[User:          vn]
[2019-06-24 13:33:22]---[Start Time :   20190624133322]
[2019-06-24 13:33:23]---[Computer Name: DESKTOP-DBQ5RNF]
[2019-06-24 13:33:23]---[IP Address:    fe80::f46d:2263:1009:478f]
[2019-06-24 13:33:23]---[OS Version:    Windows-10-10.0.18362-SP0]
[2019-06-24 13:33:23]---[Work-Flow:     snd]
[2019-06-24 13:33:23]---[Market:        eq]
[2019-06-24 13:33:23]---[Transaction N0:832268e2b0e1091cfbc08f721e7c1154]
[2019-06-24 13:33:23]---[---------------------------------]
[2019-06-24 13:33:23]---[sndeq process is working, looping, handling message]
[2019-06-24 13:33:23]---[Working with Record(s): 4]
[2019-06-24 13:33:23]---[Seq_no: 5225, Snd_tp: 1]
[2019-06-24 13:33:23]---[Seq_no: 5227, Snd_tp: 1]
[2019-06-24 13:33:23]---[Seq_no: 5239, Snd_tp: 1]
[2019-06-24 13:33:23]---[Seq_no: 5257, Snd_tp: 1]
[2019-06-24 13:33:23]---[MT598_000186.fin]
[2019-06-24 13:33:23]---[{1:F01VSDVCSXXAXXX2222000186}{2:I598VSDSVN01XXNXX}{4:\r\n:20:5225\n:12:001\n:77E:NORMAL\n:16R:GENL\n:23G:NEWM\n:22H::ACCT//AOPN\n:98A::PREP//20190319\n:16S:GENL\n:16R:REGDET\n:97A::SAFE//057FIA0003\n:95Q::INVE//T?aa?m 05701\n:95S::ALTE/VISD/ARNU/AF/IA0003\n:98A::ISSU//20190105\n:94G::ISSU//VSD\n:94G::EMAI//\n:94G::PHON//123\n:94G::ADDR//112 Ho?af?ng Qu?oos?c Vi?eej?t 01\n:94D::CITY//\n:16S:REGDET\r\n-}{5:{MAC:00000000}{CHK:F1DBCA886BBF}{TNG:}}]
[2019-06-24 13:33:23]---[MT598_000187.fin]
[2019-06-24 13:33:23]---[{1:F01VSDVCSXXAXXX2222000187}{2:I598VSDSVN01XXNXX}{4:\r\n:20:5227\n:12:001\n:77E:NORMAL\n:16R:GENL\n:23G:NEWM\n:22H::ACCT//AOPN\n:98A::PREP//20190320\n:16S:GENL\n:16R:REGDET\n:97A::SAFE//057FCA0004\n:95Q::INVE//C?oo?ng ty CPCK KIS Korea\n:95S::ALTE/VISD/FIIN/KP/CA0004\n:98A::ISSU//20190105\n:94G::ISSU//VSD\n:94G::EMAI//\n:94G::PHON//1313131\n:94G::ADDR//Yeoidu, Seoul, Korea\n:94D::CITY//\n:16S:REGDET\r\n-}{5:{MAC:00000000}{CHK:F1DBCA886BBF}{TNG:}}]
[2019-06-24 13:33:23]---[MT540_000188.fin]
[2019-06-24 13:33:23]---[{1:F01VSDVCSXXAXXX2222000188}{2:I540VSDSVN02XXNXX}{4:\r\n:16R:GENL\n:20C::SEME//5239\n:23G:NEWM\n:98A::PREP//20190419\n:16S:GENL\n:16R:TRADDET\n:98A::SETT//20190419\n:35B:/VN/FPT\n:16R:FIA\n:12A::CLAS//NORM/1\n:16S:FIA\n:70E::SPRO//SHAR\n:16S:TRADDET\n:16R:FIAC\n:36B::SETT//UNIT/100000\n:70D::DENC//\n:95P::ACOW//VSDKISXX\n:97A::SAFE//057C000400\n:16S:FIAC\n:16R:SETDET\n:22F::SETR//TRAD\n:22F::STCO//PHYS\n:16R:SETPRTY\n:95P::PSET//VSDSVN02\n:16S:SETPRTY\n:16R:SETPRTY\n:95P::DEAG//VSDKISXX\n:16S:SETPRTY\n:16S:SETDET\n:16R:OTHRPRTY\n:95Q::INVE//Nguy?eex?n ?DD??if?nh D?ux?ng\n19770710\nVN\n:95S::ALTE/VISD/IDNO/VN/205170095\n:70E::REGI//\nQu?ar?ng Nam\n20081212\n:16S:OTHRPRTY\r\n-}{5:{MAC:00000000}{CHK:F1DBCA886BBF}{TNG:}}]
[2019-06-24 13:33:23]---[MT540_000189.fin]
[2019-06-24 13:33:23]---[{1:F01VSDVCSXXAXXX2222000189}{2:I540VSDSVN02XXNXX}{4:\r\n:16R:GENL\n:20C::SEME//5257\n:23G:NEWM\n:98A::PREP//20190513\n:16S:GENL\n:16R:TRADDET\n:98A::SETT//20190513\n:35B:/VN/HCM\n:16R:FIA\n:12A::CLAS//NORM/1\n:16S:FIA\n:70E::SPRO//SHAR\n:16S:TRADDET\n:16R:FIAC\n:36B::SETT//UNIT/10000\n:70D::DENC//\n:95P::ACOW//VSDKISXX\n:97A::SAFE//057C000555\n:16S:FIAC\n:16R:SETDET\n:22F::SETR//TRAD\n:22F::STCO//PHYS\n:16R:SETPRTY\n:95P::PSET//VSDSVN02\n:16S:SETPRTY\n:16R:SETPRTY\n:95P::DEAG//VSDKISXX\n:16S:SETPRTY\n:16S:SETDET\n:16R:OTHRPRTY\n:95Q::INVE//Ng?oo? Thanh H?uf?ng\n19700620\nVN\n:95S::ALTE/VISD/IDNO/VN/020162461\n:70E::REGI//\nTPHCM\n20051216\n:16S:OTHRPRTY\r\n-}{5:{MAC:00000000}{CHK:F1DBCA886BBF}{TNG:}}]
[2019-06-24 13:34:09]---[Log folder existed]
[2019-06-24 13:34:09]---[Question: Do you want to use default config? (Y/N answer) (Y for continue without editing):]
[2019-06-24 13:34:10]---[Answer: y]
[2019-06-24 13:34:10]---[Load config file successfully]
[2019-06-24 13:34:10]---[---------------------------------]
[2019-06-24 13:34:10]---[DATABASE INFO]
[2019-06-24 13:34:10]---[User:          vn]
[2019-06-24 13:34:10]---[Host Name:     100.168.1.21]
[2019-06-24 13:34:10]---[Port:          1521]
[2019-06-24 13:34:10]---[Service Name:  VIETNAM]
[2019-06-24 13:34:10]---[---------------------------------]
[2019-06-24 13:34:10]---[---------------------------------]
[2019-06-24 13:34:10]---[LOGIN INFO]
[2019-06-24 13:34:10]---[User:          vn]
[2019-06-24 13:34:10]---[Start Time :   20190624133410]
[2019-06-24 13:34:10]---[Computer Name: DESKTOP-DBQ5RNF]
[2019-06-24 13:34:10]---[IP Address:    fe80::f46d:2263:1009:478f]
[2019-06-24 13:34:10]---[OS Version:    Windows-10-10.0.18362-SP0]
[2019-06-24 13:34:10]---[Work-Flow:     snd]
[2019-06-24 13:34:10]---[Market:        eq]
[2019-06-24 13:34:10]---[Transaction N0:171f8183eafb826bfcd8118fdabd85ad]
[2019-06-24 13:34:10]---[---------------------------------]
[2019-06-24 13:34:10]---[sndeq process is working, looping, handling message]
[2019-06-24 13:34:10]---[Working with Record(s): 4]
[2019-06-24 13:34:10]---[Seq_no: 5225, Snd_tp: 1]
[2019-06-24 13:34:10]---[Seq_no: 5227, Snd_tp: 1]
[2019-06-24 13:34:10]---[Seq_no: 5239, Snd_tp: 1]
[2019-06-24 13:34:10]---[Seq_no: 5257, Snd_tp: 1]
[2019-06-24 13:34:10]---[MT598_000190.fin]
[2019-06-24 13:34:10]---[{1:F01VSDVCSXXAXXX2222000190}{2:I598VSDSVN01XXNXX}{4:\n:20:5225\n:12:001\n:77E:NORMAL\n:16R:GENL\n:23G:NEWM\n:22H::ACCT//AOPN\n:98A::PREP//20190319\n:16S:GENL\n:16R:REGDET\n:97A::SAFE//057FIA0003\n:95Q::INVE//T?aa?m 05701\n:95S::ALTE/VISD/ARNU/AF/IA0003\n:98A::ISSU//20190105\n:94G::ISSU//VSD\n:94G::EMAI//\n:94G::PHON//123\n:94G::ADDR//112 Ho?af?ng Qu?oos?c Vi?eej?t 01\n:94D::CITY//\n:16S:REGDET\n-}{5:{MAC:00000000}{CHK:F1DBCA886BBF}{TNG:}}]
[2019-06-24 13:34:10]---[MT598_000191.fin]
[2019-06-24 13:34:10]---[{1:F01VSDVCSXXAXXX2222000191}{2:I598VSDSVN01XXNXX}{4:\n:20:5227\n:12:001\n:77E:NORMAL\n:16R:GENL\n:23G:NEWM\n:22H::ACCT//AOPN\n:98A::PREP//20190320\n:16S:GENL\n:16R:REGDET\n:97A::SAFE//057FCA0004\n:95Q::INVE//C?oo?ng ty CPCK KIS Korea\n:95S::ALTE/VISD/FIIN/KP/CA0004\n:98A::ISSU//20190105\n:94G::ISSU//VSD\n:94G::EMAI//\n:94G::PHON//1313131\n:94G::ADDR//Yeoidu, Seoul, Korea\n:94D::CITY//\n:16S:REGDET\n-}{5:{MAC:00000000}{CHK:F1DBCA886BBF}{TNG:}}]
[2019-06-24 13:34:10]---[MT540_000192.fin]
[2019-06-24 13:34:10]---[{1:F01VSDVCSXXAXXX2222000192}{2:I540VSDSVN02XXNXX}{4:\n:16R:GENL\n:20C::SEME//5239\n:23G:NEWM\n:98A::PREP//20190419\n:16S:GENL\n:16R:TRADDET\n:98A::SETT//20190419\n:35B:/VN/FPT\n:16R:FIA\n:12A::CLAS//NORM/1\n:16S:FIA\n:70E::SPRO//SHAR\n:16S:TRADDET\n:16R:FIAC\n:36B::SETT//UNIT/100000\n:70D::DENC//\n:95P::ACOW//VSDKISXX\n:97A::SAFE//057C000400\n:16S:FIAC\n:16R:SETDET\n:22F::SETR//TRAD\n:22F::STCO//PHYS\n:16R:SETPRTY\n:95P::PSET//VSDSVN02\n:16S:SETPRTY\n:16R:SETPRTY\n:95P::DEAG//VSDKISXX\n:16S:SETPRTY\n:16S:SETDET\n:16R:OTHRPRTY\n:95Q::INVE//Nguy?eex?n ?DD??if?nh D?ux?ng\n19770710\nVN\n:95S::ALTE/VISD/IDNO/VN/205170095\n:70E::REGI//\nQu?ar?ng Nam\n20081212\n:16S:OTHRPRTY\n-}{5:{MAC:00000000}{CHK:F1DBCA886BBF}{TNG:}}]
[2019-06-24 13:34:10]---[MT540_000193.fin]
[2019-06-24 13:34:10]---[{1:F01VSDVCSXXAXXX2222000193}{2:I540VSDSVN02XXNXX}{4:\n:16R:GENL\n:20C::SEME//5257\n:23G:NEWM\n:98A::PREP//20190513\n:16S:GENL\n:16R:TRADDET\n:98A::SETT//20190513\n:35B:/VN/HCM\n:16R:FIA\n:12A::CLAS//NORM/1\n:16S:FIA\n:70E::SPRO//SHAR\n:16S:TRADDET\n:16R:FIAC\n:36B::SETT//UNIT/10000\n:70D::DENC//\n:95P::ACOW//VSDKISXX\n:97A::SAFE//057C000555\n:16S:FIAC\n:16R:SETDET\n:22F::SETR//TRAD\n:22F::STCO//PHYS\n:16R:SETPRTY\n:95P::PSET//VSDSVN02\n:16S:SETPRTY\n:16R:SETPRTY\n:95P::DEAG//VSDKISXX\n:16S:SETPRTY\n:16S:SETDET\n:16R:OTHRPRTY\n:95Q::INVE//Ng?oo? Thanh H?uf?ng\n19700620\nVN\n:95S::ALTE/VISD/IDNO/VN/020162461\n:70E::REGI//\nTPHCM\n20051216\n:16S:OTHRPRTY\n-}{5:{MAC:00000000}{CHK:F1DBCA886BBF}{TNG:}}]
[2019-06-24 13:34:12]---[Waiting for 2 second for the next loop]
[2019-06-24 13:34:12]---[sndeq process is working, looping, handling message]
[2019-06-24 13:34:12]---[Working with Record(s): 4]
[2019-06-24 13:34:12]---[Seq_no: 5225, Snd_tp: 1]
[2019-06-24 13:34:12]---[Seq_no: 5227, Snd_tp: 1]
[2019-06-24 13:34:12]---[Seq_no: 5239, Snd_tp: 1]
[2019-06-24 13:34:12]---[Seq_no: 5257, Snd_tp: 1]
[2019-06-24 13:34:13]---[MT598_000194.fin]
[2019-06-24 13:34:13]---[{1:F01VSDVCSXXAXXX2222000194}{2:I598VSDSVN01XXNXX}{4:\n:20:5225\n:12:001\n:77E:NORMAL\n:16R:GENL\n:23G:NEWM\n:22H::ACCT//AOPN\n:98A::PREP//20190319\n:16S:GENL\n:16R:REGDET\n:97A::SAFE//057FIA0003\n:95Q::INVE//T?aa?m 05701\n:95S::ALTE/VISD/ARNU/AF/IA0003\n:98A::ISSU//20190105\n:94G::ISSU//VSD\n:94G::EMAI//\n:94G::PHON//123\n:94G::ADDR//112 Ho?af?ng Qu?oos?c Vi?eej?t 01\n:94D::CITY//\n:16S:REGDET\n-}{5:{MAC:00000000}{CHK:F1DBCA886BBF}{TNG:}}]
[2019-06-24 13:34:13]---[MT598_000195.fin]
[2019-06-24 13:34:13]---[{1:F01VSDVCSXXAXXX2222000195}{2:I598VSDSVN01XXNXX}{4:\n:20:5227\n:12:001\n:77E:NORMAL\n:16R:GENL\n:23G:NEWM\n:22H::ACCT//AOPN\n:98A::PREP//20190320\n:16S:GENL\n:16R:REGDET\n:97A::SAFE//057FCA0004\n:95Q::INVE//C?oo?ng ty CPCK KIS Korea\n:95S::ALTE/VISD/FIIN/KP/CA0004\n:98A::ISSU//20190105\n:94G::ISSU//VSD\n:94G::EMAI//\n:94G::PHON//1313131\n:94G::ADDR//Yeoidu, Seoul, Korea\n:94D::CITY//\n:16S:REGDET\n-}{5:{MAC:00000000}{CHK:F1DBCA886BBF}{TNG:}}]
[2019-06-24 13:34:13]---[MT540_000196.fin]
[2019-06-24 13:34:13]---[{1:F01VSDVCSXXAXXX2222000196}{2:I540VSDSVN02XXNXX}{4:\n:16R:GENL\n:20C::SEME//5239\n:23G:NEWM\n:98A::PREP//20190419\n:16S:GENL\n:16R:TRADDET\n:98A::SETT//20190419\n:35B:/VN/FPT\n:16R:FIA\n:12A::CLAS//NORM/1\n:16S:FIA\n:70E::SPRO//SHAR\n:16S:TRADDET\n:16R:FIAC\n:36B::SETT//UNIT/100000\n:70D::DENC//\n:95P::ACOW//VSDKISXX\n:97A::SAFE//057C000400\n:16S:FIAC\n:16R:SETDET\n:22F::SETR//TRAD\n:22F::STCO//PHYS\n:16R:SETPRTY\n:95P::PSET//VSDSVN02\n:16S:SETPRTY\n:16R:SETPRTY\n:95P::DEAG//VSDKISXX\n:16S:SETPRTY\n:16S:SETDET\n:16R:OTHRPRTY\n:95Q::INVE//Nguy?eex?n ?DD??if?nh D?ux?ng\n19770710\nVN\n:95S::ALTE/VISD/IDNO/VN/205170095\n:70E::REGI//\nQu?ar?ng Nam\n20081212\n:16S:OTHRPRTY\n-}{5:{MAC:00000000}{CHK:F1DBCA886BBF}{TNG:}}]
[2019-06-24 13:34:13]---[MT540_000197.fin]
[2019-06-24 13:34:13]---[{1:F01VSDVCSXXAXXX2222000197}{2:I540VSDSVN02XXNXX}{4:\n:16R:GENL\n:20C::SEME//5257\n:23G:NEWM\n:98A::PREP//20190513\n:16S:GENL\n:16R:TRADDET\n:98A::SETT//20190513\n:35B:/VN/HCM\n:16R:FIA\n:12A::CLAS//NORM/1\n:16S:FIA\n:70E::SPRO//SHAR\n:16S:TRADDET\n:16R:FIAC\n:36B::SETT//UNIT/10000\n:70D::DENC//\n:95P::ACOW//VSDKISXX\n:97A::SAFE//057C000555\n:16S:FIAC\n:16R:SETDET\n:22F::SETR//TRAD\n:22F::STCO//PHYS\n:16R:SETPRTY\n:95P::PSET//VSDSVN02\n:16S:SETPRTY\n:16R:SETPRTY\n:95P::DEAG//VSDKISXX\n:16S:SETPRTY\n:16S:SETDET\n:16R:OTHRPRTY\n:95Q::INVE//Ng?oo? Thanh H?uf?ng\n19700620\nVN\n:95S::ALTE/VISD/IDNO/VN/020162461\n:70E::REGI//\nTPHCM\n20051216\n:16S:OTHRPRTY\n-}{5:{MAC:00000000}{CHK:F1DBCA886BBF}{TNG:}}]
[2019-06-24 13:41:08]---[Log folder existed]
[2019-06-24 13:41:08]---[Question: Do you want to use default config? (Y/N answer) (Y for continue without editing):]
[2019-06-24 13:41:08]---[Answer: y]
[2019-06-24 13:41:08]---[Load config file successfully]
[2019-06-24 13:41:08]---[---------------------------------]
[2019-06-24 13:41:08]---[DATABASE INFO]
[2019-06-24 13:41:08]---[User:          vn]
[2019-06-24 13:41:08]---[Host Name:     100.168.1.21]
[2019-06-24 13:41:08]---[Port:          1521]
[2019-06-24 13:41:08]---[Service Name:  VIETNAM]
[2019-06-24 13:41:08]---[---------------------------------]
[2019-06-24 13:41:08]---[---------------------------------]
[2019-06-24 13:41:08]---[LOGIN INFO]
[2019-06-24 13:41:08]---[User:          vn]
[2019-06-24 13:41:08]---[Start Time :   20190624134108]
[2019-06-24 13:41:08]---[Computer Name: DESKTOP-DBQ5RNF]
[2019-06-24 13:41:08]---[IP Address:    fe80::f46d:2263:1009:478f]
[2019-06-24 13:41:08]---[OS Version:    Windows-10-10.0.18362-SP0]
[2019-06-24 13:41:08]---[Work-Flow:     snd]
[2019-06-24 13:41:08]---[Market:        eq]
[2019-06-24 13:41:08]---[Transaction N0:498c63402b2c3e3bcb8a8a4b6bf0190e]
[2019-06-24 13:41:08]---[---------------------------------]
[2019-06-24 13:41:08]---[sndeq process is working, looping, handling message]
[2019-06-24 13:41:08]---[Working with Record(s): 4]
[2019-06-24 13:41:08]---[Seq_no: 5225, Snd_tp: 1]
[2019-06-24 13:41:08]---[MT598_000198.fin]
[2019-06-24 13:41:08]---[{1:F01VSDVCSXXAXXX2222000198}{2:I598VSDSVN01XXNXX}{4:\n:20:5225\n:12:001\n:77E:NORMAL\n:16R:GENL\n:23G:NEWM\n:22H::ACCT//AOPN\n:98A::PREP//20190319\n:16S:GENL\n:16R:REGDET\n:97A::SAFE//057FIA0003\n:95Q::INVE//T?aa?m 05701\n:95S::ALTE/VISD/ARNU/AF/IA0003\n:98A::ISSU//20190105\n:94G::ISSU//VSD\n:94G::EMAI//\n:94G::PHON//123\n:94G::ADDR//112 Ho?af?ng Qu?oos?c Vi?eej?t 01\n:94D::CITY//\n:16S:REGDET\n-}{5:{MAC:00000000}{CHK:F1DBCA886BBF}{TNG:}}]
[2019-06-24 13:41:08]---[Seq_no: 5227, Snd_tp: 1]
[2019-06-24 13:41:08]---[MT598_000199.fin]
[2019-06-24 13:41:08]---[{1:F01VSDVCSXXAXXX2222000199}{2:I598VSDSVN01XXNXX}{4:\n:20:5227\n:12:001\n:77E:NORMAL\n:16R:GENL\n:23G:NEWM\n:22H::ACCT//AOPN\n:98A::PREP//20190320\n:16S:GENL\n:16R:REGDET\n:97A::SAFE//057FCA0004\n:95Q::INVE//C?oo?ng ty CPCK KIS Korea\n:95S::ALTE/VISD/FIIN/KP/CA0004\n:98A::ISSU//20190105\n:94G::ISSU//VSD\n:94G::EMAI//\n:94G::PHON//1313131\n:94G::ADDR//Yeoidu, Seoul, Korea\n:94D::CITY//\n:16S:REGDET\n-}{5:{MAC:00000000}{CHK:F1DBCA886BBF}{TNG:}}]
[2019-06-24 13:41:08]---[Seq_no: 5239, Snd_tp: 1]
[2019-06-24 13:41:08]---[MT540_000200.fin]
[2019-06-24 13:41:08]---[{1:F01VSDVCSXXAXXX2222000200}{2:I540VSDSVN02XXNXX}{4:\n:16R:GENL\n:20C::SEME//5239\n:23G:NEWM\n:98A::PREP//20190419\n:16S:GENL\n:16R:TRADDET\n:98A::SETT//20190419\n:35B:/VN/FPT\n:16R:FIA\n:12A::CLAS//NORM/1\n:16S:FIA\n:70E::SPRO//SHAR\n:16S:TRADDET\n:16R:FIAC\n:36B::SETT//UNIT/100000\n:70D::DENC//\n:95P::ACOW//VSDKISXX\n:97A::SAFE//057C000400\n:16S:FIAC\n:16R:SETDET\n:22F::SETR//TRAD\n:22F::STCO//PHYS\n:16R:SETPRTY\n:95P::PSET//VSDSVN02\n:16S:SETPRTY\n:16R:SETPRTY\n:95P::DEAG//VSDKISXX\n:16S:SETPRTY\n:16S:SETDET\n:16R:OTHRPRTY\n:95Q::INVE//Nguy?eex?n ?DD??if?nh D?ux?ng\n19770710\nVN\n:95S::ALTE/VISD/IDNO/VN/205170095\n:70E::REGI//\nQu?ar?ng Nam\n20081212\n:16S:OTHRPRTY\n-}{5:{MAC:00000000}{CHK:F1DBCA886BBF}{TNG:}}]
[2019-06-24 13:41:08]---[Seq_no: 5257, Snd_tp: 1]
[2019-06-24 13:41:08]---[MT540_000201.fin]
[2019-06-24 13:41:08]---[{1:F01VSDVCSXXAXXX2222000201}{2:I540VSDSVN02XXNXX}{4:\n:16R:GENL\n:20C::SEME//5257\n:23G:NEWM\n:98A::PREP//20190513\n:16S:GENL\n:16R:TRADDET\n:98A::SETT//20190513\n:35B:/VN/HCM\n:16R:FIA\n:12A::CLAS//NORM/1\n:16S:FIA\n:70E::SPRO//SHAR\n:16S:TRADDET\n:16R:FIAC\n:36B::SETT//UNIT/10000\n:70D::DENC//\n:95P::ACOW//VSDKISXX\n:97A::SAFE//057C000555\n:16S:FIAC\n:16R:SETDET\n:22F::SETR//TRAD\n:22F::STCO//PHYS\n:16R:SETPRTY\n:95P::PSET//VSDSVN02\n:16S:SETPRTY\n:16R:SETPRTY\n:95P::DEAG//VSDKISXX\n:16S:SETPRTY\n:16S:SETDET\n:16R:OTHRPRTY\n:95Q::INVE//Ng?oo? Thanh H?uf?ng\n19700620\nVN\n:95S::ALTE/VISD/IDNO/VN/020162461\n:70E::REGI//\nTPHCM\n20051216\n:16S:OTHRPRTY\n-}{5:{MAC:00000000}{CHK:F1DBCA886BBF}{TNG:}}]
[2019-06-24 13:41:10]---[Waiting for 2 second for the next loop]
[2019-06-24 13:41:10]---[sndeq process is working, looping, handling message]
[2019-06-24 13:41:10]---[Working with Record(s): 4]
[2019-06-24 13:41:10]---[Seq_no: 5225, Snd_tp: 1]
[2019-06-24 13:41:10]---[MT598_000202.fin]
[2019-06-24 13:41:10]---[{1:F01VSDVCSXXAXXX2222000202}{2:I598VSDSVN01XXNXX}{4:\n:20:5225\n:12:001\n:77E:NORMAL\n:16R:GENL\n:23G:NEWM\n:22H::ACCT//AOPN\n:98A::PREP//20190319\n:16S:GENL\n:16R:REGDET\n:97A::SAFE//057FIA0003\n:95Q::INVE//T?aa?m 05701\n:95S::ALTE/VISD/ARNU/AF/IA0003\n:98A::ISSU//20190105\n:94G::ISSU//VSD\n:94G::EMAI//\n:94G::PHON//123\n:94G::ADDR//112 Ho?af?ng Qu?oos?c Vi?eej?t 01\n:94D::CITY//\n:16S:REGDET\n-}{5:{MAC:00000000}{CHK:F1DBCA886BBF}{TNG:}}]
[2019-06-24 13:41:10]---[Seq_no: 5227, Snd_tp: 1]
[2019-06-24 13:41:10]---[MT598_000203.fin]
[2019-06-24 13:41:10]---[{1:F01VSDVCSXXAXXX2222000203}{2:I598VSDSVN01XXNXX}{4:\n:20:5227\n:12:001\n:77E:NORMAL\n:16R:GENL\n:23G:NEWM\n:22H::ACCT//AOPN\n:98A::PREP//20190320\n:16S:GENL\n:16R:REGDET\n:97A::SAFE//057FCA0004\n:95Q::INVE//C?oo?ng ty CPCK KIS Korea\n:95S::ALTE/VISD/FIIN/KP/CA0004\n:98A::ISSU//20190105\n:94G::ISSU//VSD\n:94G::EMAI//\n:94G::PHON//1313131\n:94G::ADDR//Yeoidu, Seoul, Korea\n:94D::CITY//\n:16S:REGDET\n-}{5:{MAC:00000000}{CHK:F1DBCA886BBF}{TNG:}}]
[2019-06-24 13:41:10]---[Seq_no: 5239, Snd_tp: 1]
[2019-06-24 13:41:10]---[MT540_000204.fin]
[2019-06-24 13:41:10]---[{1:F01VSDVCSXXAXXX2222000204}{2:I540VSDSVN02XXNXX}{4:\n:16R:GENL\n:20C::SEME//5239\n:23G:NEWM\n:98A::PREP//20190419\n:16S:GENL\n:16R:TRADDET\n:98A::SETT//20190419\n:35B:/VN/FPT\n:16R:FIA\n:12A::CLAS//NORM/1\n:16S:FIA\n:70E::SPRO//SHAR\n:16S:TRADDET\n:16R:FIAC\n:36B::SETT//UNIT/100000\n:70D::DENC//\n:95P::ACOW//VSDKISXX\n:97A::SAFE//057C000400\n:16S:FIAC\n:16R:SETDET\n:22F::SETR//TRAD\n:22F::STCO//PHYS\n:16R:SETPRTY\n:95P::PSET//VSDSVN02\n:16S:SETPRTY\n:16R:SETPRTY\n:95P::DEAG//VSDKISXX\n:16S:SETPRTY\n:16S:SETDET\n:16R:OTHRPRTY\n:95Q::INVE//Nguy?eex?n ?DD??if?nh D?ux?ng\n19770710\nVN\n:95S::ALTE/VISD/IDNO/VN/205170095\n:70E::REGI//\nQu?ar?ng Nam\n20081212\n:16S:OTHRPRTY\n-}{5:{MAC:00000000}{CHK:F1DBCA886BBF}{TNG:}}]
[2019-06-24 13:41:10]---[Seq_no: 5257, Snd_tp: 1]
[2019-06-24 13:41:10]---[MT540_000205.fin]
[2019-06-24 13:41:10]---[{1:F01VSDVCSXXAXXX2222000205}{2:I540VSDSVN02XXNXX}{4:\n:16R:GENL\n:20C::SEME//5257\n:23G:NEWM\n:98A::PREP//20190513\n:16S:GENL\n:16R:TRADDET\n:98A::SETT//20190513\n:35B:/VN/HCM\n:16R:FIA\n:12A::CLAS//NORM/1\n:16S:FIA\n:70E::SPRO//SHAR\n:16S:TRADDET\n:16R:FIAC\n:36B::SETT//UNIT/10000\n:70D::DENC//\n:95P::ACOW//VSDKISXX\n:97A::SAFE//057C000555\n:16S:FIAC\n:16R:SETDET\n:22F::SETR//TRAD\n:22F::STCO//PHYS\n:16R:SETPRTY\n:95P::PSET//VSDSVN02\n:16S:SETPRTY\n:16R:SETPRTY\n:95P::DEAG//VSDKISXX\n:16S:SETPRTY\n:16S:SETDET\n:16R:OTHRPRTY\n:95Q::INVE//Ng?oo? Thanh H?uf?ng\n19700620\nVN\n:95S::ALTE/VISD/IDNO/VN/020162461\n:70E::REGI//\nTPHCM\n20051216\n:16S:OTHRPRTY\n-}{5:{MAC:00000000}{CHK:F1DBCA886BBF}{TNG:}}]
