[2019-06-21 08:43:41]---[Log folder existed]
[2019-06-21 08:43:41]---[Question: Do you want to use default config? (Y/N answer) (Y for continue without editing):]
[2019-06-21 08:43:42]---[Answer: y]
[2019-06-21 08:43:42]---[Load config file successfully]
[2019-06-21 08:43:42]---[---------------------------------]
[2019-06-21 08:43:42]---[DATABASE INFO]
[2019-06-21 08:43:42]---[User:          vn]
[2019-06-21 08:43:42]---[Host Name:     100.168.1.21]
[2019-06-21 08:43:42]---[Port:          1521]
[2019-06-21 08:43:42]---[Service Name:  VIETNAM]
[2019-06-21 08:43:42]---[---------------------------------]
[2019-06-21 08:43:42]---[---------------------------------]
[2019-06-21 08:43:42]---[LOGIN INFO]
[2019-06-21 08:43:42]---[User:          vn]
[2019-06-21 08:43:42]---[Start Time :   20190621084342]
[2019-06-21 08:43:42]---[Computer Name: DESKTOP-DBQ5RNF]
[2019-06-21 08:43:42]---[IP Address:    fe80::f46d:2263:1009:478f]
[2019-06-21 08:43:42]---[OS Version:    Windows-10-10.0.18362-SP0]
[2019-06-21 08:43:42]---[Work-Flow:     snd]
[2019-06-21 08:43:42]---[Market:        eq]
[2019-06-21 08:43:42]---[Transaction N0:04b2dc373a82f69553bb7f8799a895fa]
[2019-06-21 08:43:42]---[---------------------------------]
[2019-06-21 08:43:43]---[sndeq process is working, looping, handling message]
[2019-06-21 08:43:43]---[Working with Record(s): 4]
[2019-06-21 08:43:43]---[Seq_no: 5225, Snd_tp: 1]
[2019-06-21 08:43:43]---[Seq_no: 5227, Snd_tp: 1]
[2019-06-21 08:43:43]---[Seq_no: 5239, Snd_tp: 1]
[2019-06-21 08:43:43]---[Seq_no: 5257, Snd_tp: 1]
[2019-06-21 08:47:28]---[Log folder existed]
[2019-06-21 08:47:28]---[Question: Do you want to use default config? (Y/N answer) (Y for continue without editing):]
[2019-06-21 08:47:29]---[Answer: y]
[2019-06-21 08:47:29]---[Load config file successfully]
[2019-06-21 08:47:29]---[---------------------------------]
[2019-06-21 08:47:29]---[DATABASE INFO]
[2019-06-21 08:47:29]---[User:          vn]
[2019-06-21 08:47:29]---[Host Name:     100.168.1.21]
[2019-06-21 08:47:29]---[Port:          1521]
[2019-06-21 08:47:29]---[Service Name:  VIETNAM]
[2019-06-21 08:47:29]---[---------------------------------]
[2019-06-21 08:47:30]---[---------------------------------]
[2019-06-21 08:47:30]---[LOGIN INFO]
[2019-06-21 08:47:30]---[User:          vn]
[2019-06-21 08:47:30]---[Start Time :   20190621084729]
[2019-06-21 08:47:30]---[Computer Name: DESKTOP-DBQ5RNF]
[2019-06-21 08:47:30]---[IP Address:    fe80::f46d:2263:1009:478f]
[2019-06-21 08:47:30]---[OS Version:    Windows-10-10.0.18362-SP0]
[2019-06-21 08:47:30]---[Work-Flow:     snd]
[2019-06-21 08:47:30]---[Market:        eq]
[2019-06-21 08:47:30]---[Transaction N0:e372d9823789bc148eb7b486d19f35d7]
[2019-06-21 08:47:30]---[---------------------------------]
[2019-06-21 08:47:30]---[sndeq process is working, looping, handling message]
[2019-06-21 08:47:30]---[Working with Record(s): 4]
[2019-06-21 08:47:30]---[Seq_no: 5225, Snd_tp: 1]
[2019-06-21 08:47:30]---[Seq_no: 5227, Snd_tp: 1]
[2019-06-21 08:47:30]---[Seq_no: 5239, Snd_tp: 1]
[2019-06-21 08:47:30]---[Seq_no: 5257, Snd_tp: 1]
[2019-06-21 08:51:38]---[Log folder existed]
[2019-06-21 08:51:38]---[Question: Do you want to use default config? (Y/N answer) (Y for continue without editing):]
[2019-06-21 08:51:39]---[Answer: y]
[2019-06-21 08:51:39]---[Load config file successfully]
[2019-06-21 08:51:39]---[---------------------------------]
[2019-06-21 08:51:39]---[DATABASE INFO]
[2019-06-21 08:51:39]---[User:          vn]
[2019-06-21 08:51:39]---[Host Name:     100.168.1.21]
[2019-06-21 08:51:39]---[Port:          1521]
[2019-06-21 08:51:39]---[Service Name:  VIETNAM]
[2019-06-21 08:51:39]---[---------------------------------]
[2019-06-21 08:51:39]---[---------------------------------]
[2019-06-21 08:51:39]---[LOGIN INFO]
[2019-06-21 08:51:39]---[User:          vn]
[2019-06-21 08:51:39]---[Start Time :   20190621085139]
[2019-06-21 08:51:39]---[Computer Name: DESKTOP-DBQ5RNF]
[2019-06-21 08:51:39]---[IP Address:    fe80::f46d:2263:1009:478f]
[2019-06-21 08:51:39]---[OS Version:    Windows-10-10.0.18362-SP0]
[2019-06-21 08:51:39]---[Work-Flow:     snd]
[2019-06-21 08:51:39]---[Market:        eq]
[2019-06-21 08:51:39]---[Transaction N0:3a39052350117144253b1853312c5505]
[2019-06-21 08:51:39]---[---------------------------------]
[2019-06-21 08:51:39]---[sndeq process is working, looping, handling message]
[2019-06-21 08:51:39]---[Working with Record(s): 4]
[2019-06-21 08:51:39]---[Seq_no: 5225, Snd_tp: 1]
[2019-06-21 08:51:39]---[Seq_no: 5227, Snd_tp: 1]
[2019-06-21 08:51:39]---[Seq_no: 5239, Snd_tp: 1]
[2019-06-21 08:51:39]---[Seq_no: 5257, Snd_tp: 1]
[2019-06-21 09:49:50]---[Log folder existed]
[2019-06-21 09:49:50]---[Question: Do you want to use default config? (Y/N answer) (Y for continue without editing):]
[2019-06-21 09:49:52]---[Answer: y]
[2019-06-21 09:49:52]---[Load config file successfully]
[2019-06-21 09:49:52]---[---------------------------------]
[2019-06-21 09:49:52]---[DATABASE INFO]
[2019-06-21 09:49:52]---[User:          vn]
[2019-06-21 09:49:52]---[Host Name:     100.168.1.21]
[2019-06-21 09:49:52]---[Port:          1521]
[2019-06-21 09:49:52]---[Service Name:  VIETNAM]
[2019-06-21 09:49:52]---[---------------------------------]
[2019-06-21 09:49:52]---[---------------------------------]
[2019-06-21 09:49:52]---[LOGIN INFO]
[2019-06-21 09:49:52]---[User:          vn]
[2019-06-21 09:49:52]---[Start Time :   20190621094952]
[2019-06-21 09:49:52]---[Computer Name: DESKTOP-DBQ5RNF]
[2019-06-21 09:49:52]---[IP Address:    fe80::f46d:2263:1009:478f]
[2019-06-21 09:49:52]---[OS Version:    Windows-10-10.0.18362-SP0]
[2019-06-21 09:49:52]---[Work-Flow:     snd]
[2019-06-21 09:49:52]---[Market:        eq]
[2019-06-21 09:49:52]---[Transaction N0:9a56e2f78ae25946394d1ea40518d598]
[2019-06-21 09:49:52]---[---------------------------------]
[2019-06-21 09:49:52]---[sndeq process is working, looping, handling message]
[2019-06-21 09:49:52]---[Working with Record(s): 4]
[2019-06-21 09:49:52]---[Seq_no: 5225, Snd_tp: 1]
[2019-06-21 09:49:52]---[Seq_no: 5227, Snd_tp: 1]
[2019-06-21 09:49:52]---[Seq_no: 5239, Snd_tp: 1]
[2019-06-21 09:49:52]---[Seq_no: 5257, Snd_tp: 1]
