[2019-06-13 16:00:31]---[Do you want to use default config? (Y/N answer) (Y for continue without editing):]
[2019-06-13 16:00:32]---[Load config file successfully]
[2019-06-13 16:00:32]---[---------------------------------]
[2019-06-13 16:00:32]---[DATABASE INFO]
[2019-06-13 16:00:32]---[User:          vn]
[2019-06-13 16:00:32]---[Host Name:     100.168.1.21]
[2019-06-13 16:00:32]---[Port:          1521]
[2019-06-13 16:00:32]---[Service Name:  VIETNAM]
[2019-06-13 16:00:32]---[---------------------------------]
[2019-06-13 16:00:32]---[---------------------------------]
[2019-06-13 16:00:32]---[LOGIN INFO]
[2019-06-13 16:00:32]---[User:          vn]
[2019-06-13 16:00:32]---[Start Time :   20190613160032]
[2019-06-13 16:00:33]---[Computer Name: DESKTOP-DBQ5RNF]
[2019-06-13 16:00:33]---[IP Address:    fe80::f46d:2263:1009:478f]
[2019-06-13 16:00:33]---[OS Version:    Windows-10-10.0.18362-SP0]
[2019-06-13 16:00:33]---[Transaction N0:2929d199bdb2de9094f3a94974f51803]
[2019-06-13 16:00:33]---[---------------------------------]
[2019-06-13 16:00:33]---[Now, 1 process is working, looping, handling message]
[2019-06-13 16:00:33]---[Handling VSD Messages]
[2019-06-13 16:00:35]---[Waiting for 2 second for the next loop]
[2019-06-13 16:00:35]---[Now, 1 process is working, looping, handling message]
[2019-06-13 16:00:35]---[Handling VSD Messages]
[2019-06-13 16:00:35]---[---------------------------------]
[2019-06-13 16:00:35]---[LOGOUT INFO]
[2019-06-13 16:00:35]---[Transaction N0:2929d199bdb2de9094f3a94974f51803]
[2019-06-13 16:00:35]---[End Time :     20190613160035]
[2019-06-13 16:00:35]---[---------------------------------]
[2019-06-13 16:04:51]---[Log folder existed]
[2019-06-13 16:04:51]---[Do you want to use default config? (Y/N answer) (Y for continue without editing):]
[2019-06-13 16:05:02]---[Load config file successfully]
[2019-06-13 16:05:02]---[---------------------------------]
[2019-06-13 16:05:02]---[DATABASE INFO]
[2019-06-13 16:05:02]---[User:          vn]
[2019-06-13 16:05:02]---[Host Name:     100.168.1.21]
[2019-06-13 16:05:02]---[Port:          1521]
[2019-06-13 16:05:02]---[Service Name:  VIETNAM]
[2019-06-13 16:05:02]---[---------------------------------]
[2019-06-13 16:05:02]---[---------------------------------]
[2019-06-13 16:05:02]---[LOGIN INFO]
[2019-06-13 16:05:02]---[User:          vn]
[2019-06-13 16:05:02]---[Start Time :   20190613160502]
[2019-06-13 16:05:02]---[Computer Name: DESKTOP-DBQ5RNF]
[2019-06-13 16:05:02]---[IP Address:    fe80::f46d:2263:1009:478f]
[2019-06-13 16:05:02]---[OS Version:    Windows-10-10.0.18362-SP0]
[2019-06-13 16:05:02]---[Transaction N0:22d5d429eab616e84f8132fb4d647718]
[2019-06-13 16:05:02]---[---------------------------------]
[2019-06-13 16:05:03]---[Now, 1 process is working, looping, handling message]
[2019-06-13 16:05:03]---[Handling VSD Messages]
[2019-06-13 16:05:05]---[Waiting for 2 second for the next loop]
[2019-06-13 16:05:05]---[Now, 1 process is working, looping, handling message]
[2019-06-13 16:05:05]---[Handling VSD Messages]
[2019-06-13 16:05:07]---[Waiting for 2 second for the next loop]
[2019-06-13 16:05:07]---[Now, 1 process is working, looping, handling message]
[2019-06-13 16:05:07]---[Handling VSD Messages]
[2019-06-13 16:05:09]---[Waiting for 2 second for the next loop]
[2019-06-13 16:05:09]---[Now, 1 process is working, looping, handling message]
[2019-06-13 16:05:09]---[Handling VSD Messages]
[2019-06-13 16:05:11]---[Waiting for 2 second for the next loop]
[2019-06-13 16:05:11]---[Now, 1 process is working, looping, handling message]
[2019-06-13 16:05:11]---[Handling VSD Messages]
[2019-06-13 16:05:13]---[Waiting for 2 second for the next loop]
[2019-06-13 16:05:13]---[Now, 1 process is working, looping, handling message]
[2019-06-13 16:05:13]---[Handling VSD Messages]
[2019-06-13 16:05:15]---[Waiting for 2 second for the next loop]
[2019-06-13 16:05:15]---[Now, 1 process is working, looping, handling message]
[2019-06-13 16:05:15]---[Handling VSD Messages]
[2019-06-13 16:05:17]---[Waiting for 2 second for the next loop]
[2019-06-13 16:05:17]---[Now, 1 process is working, looping, handling message]
[2019-06-13 16:05:17]---[Handling VSD Messages]
[2019-06-13 16:05:19]---[Waiting for 2 second for the next loop]
[2019-06-13 16:05:19]---[Now, 1 process is working, looping, handling message]
[2019-06-13 16:05:19]---[Handling VSD Messages]
[2019-06-13 16:05:21]---[Waiting for 2 second for the next loop]
[2019-06-13 16:05:21]---[Now, 1 process is working, looping, handling message]
[2019-06-13 16:05:21]---[Handling VSD Messages]
[2019-06-13 16:05:23]---[Waiting for 2 second for the next loop]
[2019-06-13 16:05:23]---[Now, 1 process is working, looping, handling message]
[2019-06-13 16:05:23]---[Handling VSD Messages]
[2019-06-13 16:05:25]---[Waiting for 2 second for the next loop]
[2019-06-13 16:05:25]---[Now, 1 process is working, looping, handling message]
[2019-06-13 16:05:25]---[Handling VSD Messages]
[2019-06-13 16:05:27]---[Waiting for 2 second for the next loop]
[2019-06-13 16:05:27]---[Now, 1 process is working, looping, handling message]
[2019-06-13 16:05:27]---[Handling VSD Messages]
[2019-06-13 16:05:29]---[Waiting for 2 second for the next loop]
[2019-06-13 16:05:29]---[Now, 1 process is working, looping, handling message]
[2019-06-13 16:05:29]---[Handling VSD Messages]
[2019-06-13 16:05:31]---[Waiting for 2 second for the next loop]
[2019-06-13 16:05:31]---[Now, 1 process is working, looping, handling message]
[2019-06-13 16:05:31]---[Handling VSD Messages]
[2019-06-13 16:05:33]---[Waiting for 2 second for the next loop]
[2019-06-13 16:05:33]---[Now, 1 process is working, looping, handling message]
[2019-06-13 16:05:33]---[Handling VSD Messages]
[2019-06-13 16:05:35]---[Waiting for 2 second for the next loop]
[2019-06-13 16:05:35]---[Now, 1 process is working, looping, handling message]
[2019-06-13 16:05:35]---[Handling VSD Messages]
[2019-06-13 16:05:37]---[Waiting for 2 second for the next loop]
[2019-06-13 16:05:37]---[Now, 1 process is working, looping, handling message]
[2019-06-13 16:05:37]---[Handling VSD Messages]
[2019-06-13 16:05:39]---[Waiting for 2 second for the next loop]
[2019-06-13 16:05:39]---[Now, 1 process is working, looping, handling message]
[2019-06-13 16:05:39]---[Handling VSD Messages]
[2019-06-13 16:05:41]---[Waiting for 2 second for the next loop]
[2019-06-13 16:05:41]---[Now, 1 process is working, looping, handling message]
[2019-06-13 16:05:41]---[Handling VSD Messages]
[2019-06-13 16:05:43]---[Waiting for 2 second for the next loop]
[2019-06-13 16:05:43]---[Now, 1 process is working, looping, handling message]
[2019-06-13 16:05:43]---[Handling VSD Messages]
[2019-06-13 16:05:45]---[Waiting for 2 second for the next loop]
[2019-06-13 16:05:45]---[Now, 1 process is working, looping, handling message]
[2019-06-13 16:05:45]---[Handling VSD Messages]
[2019-06-13 16:05:47]---[Waiting for 2 second for the next loop]
[2019-06-13 16:05:47]---[Now, 1 process is working, looping, handling message]
[2019-06-13 16:05:47]---[Handling VSD Messages]
[2019-06-13 16:05:49]---[Waiting for 2 second for the next loop]
[2019-06-13 16:05:49]---[Now, 1 process is working, looping, handling message]
[2019-06-13 16:05:49]---[Handling VSD Messages]
[2019-06-13 16:05:51]---[Waiting for 2 second for the next loop]
[2019-06-13 16:05:51]---[Now, 1 process is working, looping, handling message]
[2019-06-13 16:05:51]---[Handling VSD Messages]
[2019-06-13 16:05:53]---[Waiting for 2 second for the next loop]
[2019-06-13 16:05:53]---[Now, 1 process is working, looping, handling message]
[2019-06-13 16:05:53]---[Handling VSD Messages]
[2019-06-13 16:05:55]---[Waiting for 2 second for the next loop]
[2019-06-13 16:05:55]---[Now, 1 process is working, looping, handling message]
[2019-06-13 16:05:55]---[Handling VSD Messages]
[2019-06-13 16:05:57]---[Waiting for 2 second for the next loop]
[2019-06-13 16:05:57]---[Now, 1 process is working, looping, handling message]
[2019-06-13 16:05:57]---[Handling VSD Messages]
[2019-06-13 16:05:59]---[Waiting for 2 second for the next loop]
[2019-06-13 16:05:59]---[Now, 1 process is working, looping, handling message]
[2019-06-13 16:05:59]---[Handling VSD Messages]
[2019-06-13 16:06:01]---[Waiting for 2 second for the next loop]
[2019-06-13 16:06:01]---[Now, 1 process is working, looping, handling message]
[2019-06-13 16:06:01]---[Handling VSD Messages]
[2019-06-13 16:06:03]---[Waiting for 2 second for the next loop]
[2019-06-13 16:06:03]---[Now, 1 process is working, looping, handling message]
[2019-06-13 16:06:03]---[Handling VSD Messages]
[2019-06-13 16:06:05]---[Waiting for 2 second for the next loop]
[2019-06-13 16:06:05]---[Now, 1 process is working, looping, handling message]
[2019-06-13 16:06:05]---[Handling VSD Messages]
[2019-06-13 16:06:07]---[Waiting for 2 second for the next loop]
[2019-06-13 16:06:07]---[Now, 1 process is working, looping, handling message]
[2019-06-13 16:06:07]---[Handling VSD Messages]
[2019-06-13 16:06:09]---[Waiting for 2 second for the next loop]
[2019-06-13 16:06:09]---[Now, 1 process is working, looping, handling message]
[2019-06-13 16:06:09]---[Handling VSD Messages]
[2019-06-13 16:06:11]---[Waiting for 2 second for the next loop]
[2019-06-13 16:06:11]---[Now, 1 process is working, looping, handling message]
[2019-06-13 16:06:11]---[Handling VSD Messages]
[2019-06-13 16:06:13]---[Waiting for 2 second for the next loop]
[2019-06-13 16:06:13]---[Now, 1 process is working, looping, handling message]
[2019-06-13 16:06:13]---[Handling VSD Messages]
[2019-06-13 16:06:15]---[Waiting for 2 second for the next loop]
[2019-06-13 16:06:15]---[Now, 1 process is working, looping, handling message]
[2019-06-13 16:06:15]---[Handling VSD Messages]
[2019-06-13 16:06:17]---[Waiting for 2 second for the next loop]
[2019-06-13 16:06:17]---[Now, 1 process is working, looping, handling message]
[2019-06-13 16:06:17]---[Handling VSD Messages]
[2019-06-13 16:06:19]---[Waiting for 2 second for the next loop]
[2019-06-13 16:06:19]---[Now, 1 process is working, looping, handling message]
[2019-06-13 16:06:19]---[Handling VSD Messages]
[2019-06-13 16:06:21]---[Waiting for 2 second for the next loop]
[2019-06-13 16:06:21]---[Now, 1 process is working, looping, handling message]
[2019-06-13 16:06:21]---[Handling VSD Messages]
[2019-06-13 16:06:23]---[Waiting for 2 second for the next loop]
[2019-06-13 16:06:23]---[Now, 1 process is working, looping, handling message]
[2019-06-13 16:06:23]---[Handling VSD Messages]
[2019-06-13 16:06:25]---[Waiting for 2 second for the next loop]
[2019-06-13 16:06:25]---[Now, 1 process is working, looping, handling message]
[2019-06-13 16:06:25]---[Handling VSD Messages]
[2019-06-13 16:06:27]---[Waiting for 2 second for the next loop]
[2019-06-13 16:06:27]---[Now, 1 process is working, looping, handling message]
[2019-06-13 16:06:27]---[Handling VSD Messages]
[2019-06-13 16:06:29]---[Waiting for 2 second for the next loop]
[2019-06-13 16:06:29]---[Now, 1 process is working, looping, handling message]
[2019-06-13 16:06:29]---[Handling VSD Messages]
[2019-06-13 16:06:31]---[Waiting for 2 second for the next loop]
[2019-06-13 16:06:31]---[Now, 1 process is working, looping, handling message]
[2019-06-13 16:06:31]---[Handling VSD Messages]
[2019-06-13 16:06:33]---[Waiting for 2 second for the next loop]
[2019-06-13 16:06:33]---[Now, 1 process is working, looping, handling message]
[2019-06-13 16:06:33]---[Handling VSD Messages]
[2019-06-13 16:06:35]---[---------------------------------]
[2019-06-13 16:06:35]---[LOGOUT INFO]
[2019-06-13 16:06:35]---[Transaction N0:22d5d429eab616e84f8132fb4d647718]
[2019-06-13 16:06:35]---[End Time :     20190613160635]
[2019-06-13 16:06:35]---[---------------------------------]
[2019-06-13 16:06:36]---[Log folder existed]
[2019-06-13 16:06:36]---[Do you want to use default config? (Y/N answer) (Y for continue without editing):]
[2019-06-13 16:06:40]---[y]
[2019-06-13 16:06:40]---[Load config file successfully]
[2019-06-13 16:06:40]---[---------------------------------]
[2019-06-13 16:06:40]---[DATABASE INFO]
[2019-06-13 16:06:40]---[User:          vn]
[2019-06-13 16:06:40]---[Host Name:     100.168.1.21]
[2019-06-13 16:06:40]---[Port:          1521]
[2019-06-13 16:06:40]---[Service Name:  VIETNAM]
[2019-06-13 16:06:40]---[---------------------------------]
[2019-06-13 16:06:40]---[---------------------------------]
[2019-06-13 16:06:40]---[LOGIN INFO]
[2019-06-13 16:06:40]---[User:          vn]
[2019-06-13 16:06:40]---[Start Time :   20190613160640]
[2019-06-13 16:06:40]---[Computer Name: DESKTOP-DBQ5RNF]
[2019-06-13 16:06:40]---[IP Address:    fe80::f46d:2263:1009:478f]
[2019-06-13 16:06:40]---[OS Version:    Windows-10-10.0.18362-SP0]
[2019-06-13 16:06:40]---[Transaction N0:765ede8ad5de27a9b5f0f41360fe7f39]
[2019-06-13 16:06:40]---[---------------------------------]
[2019-06-13 16:06:40]---[Now, 1 process is working, looping, handling message]
[2019-06-13 16:06:40]---[Handling VSD Messages]
[2019-06-13 16:06:42]---[Waiting for 2 second for the next loop]
[2019-06-13 16:06:42]---[Now, 1 process is working, looping, handling message]
[2019-06-13 16:06:42]---[Handling VSD Messages]
[2019-06-13 16:06:42]---[---------------------------------]
[2019-06-13 16:06:42]---[LOGOUT INFO]
[2019-06-13 16:06:42]---[Transaction N0:765ede8ad5de27a9b5f0f41360fe7f39]
[2019-06-13 16:06:42]---[End Time :     20190613160642]
[2019-06-13 16:06:42]---[---------------------------------]
[2019-06-13 16:12:16]---[Log folder existed]
[2019-06-13 16:12:16]---[Do you want to use default config? (Y/N answer) (Y for continue without editing):]
[2019-06-13 16:12:46]---[Log folder existed]
[2019-06-13 16:12:46]---[Do you want to use default config? (Y/N answer) (Y for continue without editing):]
